[ 2014-12-08T23:04:58+08:00 ] 127.0.0.1 /contest/
INFO: [ app_init ] --START--
INFO: Run Behavior\BuildLiteBehavior [ RunTime:0.000099s ]
INFO: [ app_init ] --END-- [ RunTime:0.053030s ]
INFO: [ app_begin ] --START--
INFO: Run Behavior\ReadHtmlCacheBehavior [ RunTime:0.018417s ]
INFO: [ app_begin ] --END-- [ RunTime:0.018820s ]
SQL: SHOW COLUMNS FROM `member` [ RunTime:0.040750s ]
SQL: SELECT status FROM  `member` WHERE id =  '' [ RunTime:0.001014s ]
NOTIC: [8] Undefined offset: 0 D:\wamp\www\contest\Application\Home\Model\MemberModel.class.php 第 114 行.
NOTIC: [2] Illegal string offset 'uid' D:\wamp\www\contest\Application\Home\Controller\IndexController.class.php 第 17 行.
NOTIC: [8] Uninitialized string offset: 0 D:\wamp\www\contest\Application\Home\Controller\IndexController.class.php 第 17 行.
INFO: [ view_parse ] --START--
INFO: [ template_filter ] --START--
INFO: Run Behavior\ContentReplaceBehavior [ RunTime:0.000445s ]
INFO: [ template_filter ] --END-- [ RunTime:0.000662s ]
INFO: Run Behavior\ParseTemplateBehavior [ RunTime:0.252765s ]
INFO: [ view_parse ] --END-- [ RunTime:0.253015s ]
INFO: [ view_filter ] --START--
INFO: Run Behavior\WriteHtmlCacheBehavior [ RunTime:0.033467s ]
INFO: [ view_filter ] --END-- [ RunTime:0.033746s ]
INFO: [ app_end ] --START--
INFO: Run Behavior\ShowPageTraceBehavior [ RunTime:0.115639s ]
INFO: [ app_end ] --END-- [ RunTime:0.115936s ]

[ 2014-12-08T23:16:54+08:00 ] 127.0.0.1 /contest/
INFO: [ app_init ] --START--
INFO: Run Behavior\BuildLiteBehavior [ RunTime:0.000056s ]
INFO: [ app_init ] --END-- [ RunTime:0.001145s ]
INFO: [ app_begin ] --START--
INFO: Run Behavior\ReadHtmlCacheBehavior [ RunTime:0.001786s ]
INFO: [ app_begin ] --END-- [ RunTime:0.002054s ]
SQL: SHOW COLUMNS FROM `member` [ RunTime:0.007956s ]
SQL: SELECT status FROM  `member` WHERE id =  '' [ RunTime:0.000531s ]
NOTIC: [8] Undefined offset: 0 D:\wamp\www\contest\Application\Home\Model\MemberModel.class.php 第 114 行.
NOTIC: [2] Illegal string offset 'uid' D:\wamp\www\contest\Application\Home\Controller\IndexController.class.php 第 17 行.
NOTIC: [8] Uninitialized string offset: 0 D:\wamp\www\contest\Application\Home\Controller\IndexController.class.php 第 17 行.
INFO: [ view_parse ] --START--
INFO: [ template_filter ] --START--
INFO: Run Behavior\ContentReplaceBehavior [ RunTime:0.000429s ]
INFO: [ template_filter ] --END-- [ RunTime:0.000651s ]
INFO: Run Behavior\ParseTemplateBehavior [ RunTime:0.027429s ]
INFO: [ view_parse ] --END-- [ RunTime:0.027655s ]
INFO: [ view_filter ] --START--
INFO: Run Behavior\WriteHtmlCacheBehavior [ RunTime:0.001221s ]
INFO: [ view_filter ] --END-- [ RunTime:0.001413s ]
INFO: [ app_end ] --START--
INFO: Run Behavior\ShowPageTraceBehavior [ RunTime:0.001737s ]
INFO: [ app_end ] --END-- [ RunTime:0.001943s ]

