[ 2014-12-29T19:28:49+08:00 ] 127.0.0.1 /contest/
INFO: [ app_init ] --START--
INFO: Run Behavior\BuildLiteBehavior [ RunTime:0.000032s ]
INFO: [ app_init ] --END-- [ RunTime:0.103352s ]
INFO: [ app_begin ] --START--
INFO: Run Behavior\ReadHtmlCacheBehavior [ RunTime:0.033508s ]
INFO: [ app_begin ] --END-- [ RunTime:0.033656s ]
SQL: SHOW COLUMNS FROM `member` [ RunTime:0.093423s ]
SQL: SELECT status FROM  `member` WHERE id =  '' [ RunTime:0.000487s ]
NOTIC: [8] Undefined offset: 0 D:\wamp\www\contest\Application\Home\Model\MemberModel.class.php 第 114 行.
NOTIC: [2] Illegal string offset 'uid' D:\wamp\www\contest\Application\Home\Controller\IndexController.class.php 第 17 行.
NOTIC: [8] Uninitialized string offset: 0 D:\wamp\www\contest\Application\Home\Controller\IndexController.class.php 第 17 行.
INFO: [ view_parse ] --START--
INFO: [ template_filter ] --START--
INFO: Run Behavior\ContentReplaceBehavior [ RunTime:0.000198s ]
INFO: [ template_filter ] --END-- [ RunTime:0.000300s ]
INFO: Run Behavior\ParseTemplateBehavior [ RunTime:0.668912s ]
INFO: [ view_parse ] --END-- [ RunTime:0.669041s ]
INFO: [ view_filter ] --START--
INFO: Run Behavior\WriteHtmlCacheBehavior [ RunTime:0.067961s ]
INFO: [ view_filter ] --END-- [ RunTime:0.068059s ]
INFO: [ app_end ] --START--
INFO: Run Behavior\ShowPageTraceBehavior [ RunTime:0.077829s ]
INFO: [ app_end ] --END-- [ RunTime:0.077928s ]

[ 2014-12-29T19:29:16+08:00 ] 127.0.0.1 /contest/index.php?s=/Home/Index/index.html
INFO: [ app_init ] --START--
INFO: Run Behavior\BuildLiteBehavior [ RunTime:0.000041s ]
INFO: [ app_init ] --END-- [ RunTime:0.000775s ]
INFO: [ app_begin ] --START--
INFO: Run Behavior\ReadHtmlCacheBehavior [ RunTime:0.000944s ]
INFO: [ app_begin ] --END-- [ RunTime:0.001116s ]
SQL: SHOW COLUMNS FROM `member` [ RunTime:0.004817s ]
SQL: SELECT status FROM  `member` WHERE id =  '' [ RunTime:0.000302s ]
NOTIC: [8] Undefined offset: 0 D:\wamp\www\contest\Application\Home\Model\MemberModel.class.php 第 114 行.
NOTIC: [2] Illegal string offset 'uid' D:\wamp\www\contest\Application\Home\Controller\IndexController.class.php 第 17 行.
NOTIC: [8] Uninitialized string offset: 0 D:\wamp\www\contest\Application\Home\Controller\IndexController.class.php 第 17 行.
INFO: [ view_parse ] --START--
INFO: [ template_filter ] --START--
INFO: Run Behavior\ContentReplaceBehavior [ RunTime:0.000175s ]
INFO: [ template_filter ] --END-- [ RunTime:0.000269s ]
INFO: Run Behavior\ParseTemplateBehavior [ RunTime:0.014403s ]
INFO: [ view_parse ] --END-- [ RunTime:0.014509s ]
INFO: [ view_filter ] --START--
INFO: Run Behavior\WriteHtmlCacheBehavior [ RunTime:0.000367s ]
INFO: [ view_filter ] --END-- [ RunTime:0.000442s ]
INFO: [ app_end ] --START--
INFO: Run Behavior\ShowPageTraceBehavior [ RunTime:0.000657s ]
INFO: [ app_end ] --END-- [ RunTime:0.000738s ]

[ 2014-12-29T19:29:17+08:00 ] 127.0.0.1 /contest/index.php?s=/Home/Index/articleList/nav/1/page/1.html
INFO: [ app_init ] --START--
INFO: Run Behavior\BuildLiteBehavior [ RunTime:0.000110s ]
INFO: [ app_init ] --END-- [ RunTime:0.001666s ]
INFO: [ app_begin ] --START--
INFO: Run Behavior\ReadHtmlCacheBehavior [ RunTime:0.000992s ]
INFO: [ app_begin ] --END-- [ RunTime:0.001167s ]
SQL: SHOW COLUMNS FROM `member` [ RunTime:0.007764s ]
SQL: SELECT status FROM  `member` WHERE id =  '' [ RunTime:0.000598s ]
NOTIC: [8] Undefined offset: 0 D:\wamp\www\contest\Application\Home\Model\MemberModel.class.php 第 114 行.
NOTIC: [2] Illegal string offset 'uid' D:\wamp\www\contest\Application\Home\Controller\IndexController.class.php 第 43 行.
NOTIC: [8] Uninitialized string offset: 0 D:\wamp\www\contest\Application\Home\Controller\IndexController.class.php 第 43 行.
SQL: SHOW COLUMNS FROM `article` [ RunTime:0.031010s ]
SQL: SELECT * FROM `article` ORDER BY id DESC LIMIT 0, 6 [ RunTime:0.035429s ]
SQL: SHOW COLUMNS FROM `category` [ RunTime:0.042917s ]
SQL: SELECT meaning m FROM  `category` WHERE class = '3' [ RunTime:0.000369s ]
SQL: SELECT meaning m FROM  `category` WHERE class = '4' [ RunTime:0.000216s ]
SQL: SELECT meaning m FROM  `category` WHERE class = '2' [ RunTime:0.000254s ]
SQL: SELECT meaning m FROM  `category` WHERE class = '6' [ RunTime:0.000252s ]
SQL: SELECT meaning m FROM  `category` WHERE class = '5' [ RunTime:0.000264s ]
SQL: SELECT meaning m FROM  `category` WHERE class = '10' [ RunTime:0.000219s ]
SQL: SELECT username FROM  `member` WHERE id =  '8' [ RunTime:0.000240s ]
SQL: SELECT username FROM  `member` WHERE id =  '8' [ RunTime:0.000242s ]
SQL: SELECT username FROM  `member` WHERE id =  '8' [ RunTime:0.000252s ]
SQL: SELECT username FROM  `member` WHERE id =  '8' [ RunTime:0.000201s ]
SQL: SELECT username FROM  `member` WHERE id =  '8' [ RunTime:0.000243s ]
SQL: SELECT username FROM  `member` WHERE id =  '8' [ RunTime:0.000224s ]
SQL: SELECT COUNT(*) FROM `article` [ RunTime:0.000291s ]
SQL: SELECT class, meaning navName FROM  `category` ORDER BY class ASC LIMIT 12 [ RunTime:0.000293s ]
SQL: SELECT id, title FROM `article` ORDER BY id DESC LIMIT 6 [ RunTime:0.000246s ]
INFO: [ view_parse ] --START--
INFO: [ template_filter ] --START--
INFO: Run Behavior\ContentReplaceBehavior [ RunTime:0.000172s ]
INFO: [ template_filter ] --END-- [ RunTime:0.000259s ]
NOTIC: [8] Use of undefined constant pages - assumed 'pages' D:\wamp\www\contest\Application\Runtime\Cache\Home\ce9b301632fad33703bd705746315f14.php 第 113 行.
NOTIC: [8] Array to string conversion D:\wamp\www\contest\Application\Runtime\Cache\Home\ce9b301632fad33703bd705746315f14.php 第 113 行.
INFO: Run Behavior\ParseTemplateBehavior [ RunTime:0.142524s ]
INFO: [ view_parse ] --END-- [ RunTime:0.142638s ]
INFO: [ view_filter ] --START--
INFO: Run Behavior\WriteHtmlCacheBehavior [ RunTime:0.000333s ]
INFO: [ view_filter ] --END-- [ RunTime:0.000409s ]
INFO: [ app_end ] --START--
INFO: Run Behavior\ShowPageTraceBehavior [ RunTime:0.000613s ]
INFO: [ app_end ] --END-- [ RunTime:0.000695s ]

[ 2014-12-29T19:29:20+08:00 ] 127.0.0.1 /contest/index.php?s=/Home/Index/articleList/nav/1/page/2.html
INFO: [ app_init ] --START--
INFO: Run Behavior\BuildLiteBehavior [ RunTime:0.000024s ]
INFO: [ app_init ] --END-- [ RunTime:0.000452s ]
INFO: [ app_begin ] --START--
INFO: Run Behavior\ReadHtmlCacheBehavior [ RunTime:0.001203s ]
INFO: [ app_begin ] --END-- [ RunTime:0.001459s ]
SQL: SHOW COLUMNS FROM `member` [ RunTime:0.003923s ]
SQL: SELECT status FROM  `member` WHERE id =  '' [ RunTime:0.000288s ]
NOTIC: [8] Undefined offset: 0 D:\wamp\www\contest\Application\Home\Model\MemberModel.class.php 第 114 行.
NOTIC: [2] Illegal string offset 'uid' D:\wamp\www\contest\Application\Home\Controller\IndexController.class.php 第 43 行.
NOTIC: [8] Uninitialized string offset: 0 D:\wamp\www\contest\Application\Home\Controller\IndexController.class.php 第 43 行.
SQL: SHOW COLUMNS FROM `article` [ RunTime:0.003754s ]
SQL: SELECT * FROM `article` ORDER BY id DESC LIMIT 6, 6 [ RunTime:0.031567s ]
SQL: SHOW COLUMNS FROM `category` [ RunTime:0.004086s ]
SQL: SELECT meaning m FROM  `category` WHERE class = '7' [ RunTime:0.000314s ]
SQL: SELECT meaning m FROM  `category` WHERE class = '8' [ RunTime:0.000208s ]
SQL: SELECT meaning m FROM  `category` WHERE class = '2' [ RunTime:0.000227s ]
SQL: SELECT username FROM  `member` WHERE id =  '8' [ RunTime:0.000205s ]
SQL: SELECT username FROM  `member` WHERE id =  '8' [ RunTime:0.000188s ]
SQL: SELECT username FROM  `member` WHERE id =  '1' [ RunTime:0.000191s ]
SQL: SELECT COUNT(*) FROM `article` [ RunTime:0.000267s ]
SQL: SELECT class, meaning navName FROM  `category` ORDER BY class ASC LIMIT 12 [ RunTime:0.000247s ]
SQL: SELECT id, title FROM `article` ORDER BY id DESC LIMIT 6 [ RunTime:0.000241s ]
INFO: [ view_parse ] --START--
INFO: [ template_filter ] --START--
INFO: Run Behavior\ContentReplaceBehavior [ RunTime:0.000196s ]
INFO: [ template_filter ] --END-- [ RunTime:0.000290s ]
INFO: Run Behavior\ParseTemplateBehavior [ RunTime:0.038547s ]
INFO: [ view_parse ] --END-- [ RunTime:0.038650s ]
INFO: [ view_filter ] --START--
INFO: Run Behavior\WriteHtmlCacheBehavior [ RunTime:0.000431s ]
INFO: [ view_filter ] --END-- [ RunTime:0.000501s ]
INFO: [ app_end ] --START--
INFO: Run Behavior\ShowPageTraceBehavior [ RunTime:0.000608s ]
INFO: [ app_end ] --END-- [ RunTime:0.000684s ]

[ 2014-12-29T19:29:22+08:00 ] 127.0.0.1 /contest/index.php?s=/Home/Index/articleList/nav/3/page/1.html
INFO: [ app_init ] --START--
INFO: Run Behavior\BuildLiteBehavior [ RunTime:0.000022s ]
INFO: [ app_init ] --END-- [ RunTime:0.000416s ]
INFO: [ app_begin ] --START--
INFO: Run Behavior\ReadHtmlCacheBehavior [ RunTime:0.000587s ]
INFO: [ app_begin ] --END-- [ RunTime:0.000666s ]
SQL: SHOW COLUMNS FROM `member` [ RunTime:0.056590s ]
SQL: SELECT status FROM  `member` WHERE id =  '' [ RunTime:0.000291s ]
NOTIC: [8] Undefined offset: 0 D:\wamp\www\contest\Application\Home\Model\MemberModel.class.php 第 114 行.
NOTIC: [2] Illegal string offset 'uid' D:\wamp\www\contest\Application\Home\Controller\IndexController.class.php 第 43 行.
NOTIC: [8] Uninitialized string offset: 0 D:\wamp\www\contest\Application\Home\Controller\IndexController.class.php 第 43 行.
SQL: SHOW COLUMNS FROM `article` [ RunTime:0.004027s ]
SQL: SELECT * FROM `article` WHERE class = '3' ORDER BY id DESC LIMIT 0, 6 [ RunTime:0.000632s ]
SQL: SHOW COLUMNS FROM `category` [ RunTime:0.003443s ]
SQL: SELECT meaning m FROM  `category` WHERE class = '3' [ RunTime:0.000322s ]
SQL: SELECT username FROM  `member` WHERE id =  '8' [ RunTime:0.000257s ]
SQL: SELECT COUNT(*) FROM `article` WHERE class = '.3.' [ RunTime:0.000287s ]
SQL: SELECT class, meaning navName FROM  `category` ORDER BY class ASC LIMIT 12 [ RunTime:0.000244s ]
SQL: SELECT id, title FROM `article` ORDER BY id DESC LIMIT 6 [ RunTime:0.000265s ]
INFO: [ view_parse ] --START--
INFO: [ template_filter ] --START--
INFO: Run Behavior\ContentReplaceBehavior [ RunTime:0.000180s ]
INFO: [ template_filter ] --END-- [ RunTime:0.000296s ]
INFO: Run Behavior\ParseTemplateBehavior [ RunTime:0.022574s ]
INFO: [ view_parse ] --END-- [ RunTime:0.022690s ]
INFO: [ view_filter ] --START--
INFO: Run Behavior\WriteHtmlCacheBehavior [ RunTime:0.000475s ]
INFO: [ view_filter ] --END-- [ RunTime:0.000558s ]
INFO: [ app_end ] --START--
INFO: Run Behavior\ShowPageTraceBehavior [ RunTime:0.001178s ]
INFO: [ app_end ] --END-- [ RunTime:0.001432s ]

[ 2014-12-29T19:29:23+08:00 ] 127.0.0.1 /contest/index.php?s=/Home/Index/articleList/nav/4/page/1.html
INFO: [ app_init ] --START--
INFO: Run Behavior\BuildLiteBehavior [ RunTime:0.000027s ]
INFO: [ app_init ] --END-- [ RunTime:0.000444s ]
INFO: [ app_begin ] --START--
INFO: Run Behavior\ReadHtmlCacheBehavior [ RunTime:0.000611s ]
INFO: [ app_begin ] --END-- [ RunTime:0.000713s ]
SQL: SHOW COLUMNS FROM `member` [ RunTime:0.005848s ]
SQL: SELECT status FROM  `member` WHERE id =  '' [ RunTime:0.000294s ]
NOTIC: [8] Undefined offset: 0 D:\wamp\www\contest\Application\Home\Model\MemberModel.class.php 第 114 行.
NOTIC: [2] Illegal string offset 'uid' D:\wamp\www\contest\Application\Home\Controller\IndexController.class.php 第 43 行.
NOTIC: [8] Uninitialized string offset: 0 D:\wamp\www\contest\Application\Home\Controller\IndexController.class.php 第 43 行.
SQL: SHOW COLUMNS FROM `article` [ RunTime:0.003760s ]
SQL: SELECT * FROM `article` WHERE class = '4' ORDER BY id DESC LIMIT 0, 6 [ RunTime:0.000433s ]
SQL: SHOW COLUMNS FROM `category` [ RunTime:0.003380s ]
SQL: SELECT meaning m FROM  `category` WHERE class = '4' [ RunTime:0.000266s ]
SQL: SELECT username FROM  `member` WHERE id =  '8' [ RunTime:0.000297s ]
SQL: SELECT COUNT(*) FROM `article` WHERE class = '.4.' [ RunTime:0.000613s ]
SQL: SELECT class, meaning navName FROM  `category` ORDER BY class ASC LIMIT 12 [ RunTime:0.000298s ]
SQL: SELECT id, title FROM `article` ORDER BY id DESC LIMIT 6 [ RunTime:0.000274s ]
INFO: [ view_parse ] --START--
INFO: [ template_filter ] --START--
INFO: Run Behavior\ContentReplaceBehavior [ RunTime:0.000188s ]
INFO: [ template_filter ] --END-- [ RunTime:0.000279s ]
INFO: Run Behavior\ParseTemplateBehavior [ RunTime:0.022045s ]
INFO: [ view_parse ] --END-- [ RunTime:0.022162s ]
INFO: [ view_filter ] --START--
INFO: Run Behavior\WriteHtmlCacheBehavior [ RunTime:0.000384s ]
INFO: [ view_filter ] --END-- [ RunTime:0.000456s ]
INFO: [ app_end ] --START--
INFO: Run Behavior\ShowPageTraceBehavior [ RunTime:0.000591s ]
INFO: [ app_end ] --END-- [ RunTime:0.000665s ]

[ 2014-12-29T19:29:23+08:00 ] 127.0.0.1 /contest/index.php?s=/Home/Index/articleList/nav/5/page/1.html
INFO: [ app_init ] --START--
INFO: Run Behavior\BuildLiteBehavior [ RunTime:0.000022s ]
INFO: [ app_init ] --END-- [ RunTime:0.000372s ]
INFO: [ app_begin ] --START--
INFO: Run Behavior\ReadHtmlCacheBehavior [ RunTime:0.000567s ]
INFO: [ app_begin ] --END-- [ RunTime:0.000652s ]
SQL: SHOW COLUMNS FROM `member` [ RunTime:0.003615s ]
SQL: SELECT status FROM  `member` WHERE id =  '' [ RunTime:0.000300s ]
NOTIC: [8] Undefined offset: 0 D:\wamp\www\contest\Application\Home\Model\MemberModel.class.php 第 114 行.
NOTIC: [2] Illegal string offset 'uid' D:\wamp\www\contest\Application\Home\Controller\IndexController.class.php 第 43 行.
NOTIC: [8] Uninitialized string offset: 0 D:\wamp\www\contest\Application\Home\Controller\IndexController.class.php 第 43 行.
SQL: SHOW COLUMNS FROM `article` [ RunTime:0.003635s ]
SQL: SELECT * FROM `article` WHERE class = '5' ORDER BY id DESC LIMIT 0, 6 [ RunTime:0.000606s ]
SQL: SHOW COLUMNS FROM `category` [ RunTime:0.003305s ]
SQL: SELECT meaning m FROM  `category` WHERE class = '5' [ RunTime:0.000274s ]
SQL: SELECT username FROM  `member` WHERE id =  '8' [ RunTime:0.000232s ]
SQL: SELECT COUNT(*) FROM `article` WHERE class = '.5.' [ RunTime:0.000232s ]
SQL: SELECT class, meaning navName FROM  `category` ORDER BY class ASC LIMIT 12 [ RunTime:0.000254s ]
SQL: SELECT id, title FROM `article` ORDER BY id DESC LIMIT 6 [ RunTime:0.000219s ]
INFO: [ view_parse ] --START--
INFO: [ template_filter ] --START--
INFO: Run Behavior\ContentReplaceBehavior [ RunTime:0.000257s ]
INFO: [ template_filter ] --END-- [ RunTime:0.000363s ]
INFO: Run Behavior\ParseTemplateBehavior [ RunTime:0.022352s ]
INFO: [ view_parse ] --END-- [ RunTime:0.022445s ]
INFO: [ view_filter ] --START--
INFO: Run Behavior\WriteHtmlCacheBehavior [ RunTime:0.000435s ]
INFO: [ view_filter ] --END-- [ RunTime:0.000511s ]
INFO: [ app_end ] --START--
INFO: Run Behavior\ShowPageTraceBehavior [ RunTime:0.000637s ]
INFO: [ app_end ] --END-- [ RunTime:0.000713s ]

[ 2014-12-29T19:29:24+08:00 ] 127.0.0.1 /contest/index.php?s=/Home/Index/articleList/nav/6/page/1.html
INFO: [ app_init ] --START--
INFO: Run Behavior\BuildLiteBehavior [ RunTime:0.000028s ]
INFO: [ app_init ] --END-- [ RunTime:0.000437s ]
INFO: [ app_begin ] --START--
INFO: Run Behavior\ReadHtmlCacheBehavior [ RunTime:0.000551s ]
INFO: [ app_begin ] --END-- [ RunTime:0.000643s ]
SQL: SHOW COLUMNS FROM `member` [ RunTime:0.003394s ]
SQL: SELECT status FROM  `member` WHERE id =  '' [ RunTime:0.000255s ]
NOTIC: [8] Undefined offset: 0 D:\wamp\www\contest\Application\Home\Model\MemberModel.class.php 第 114 行.
NOTIC: [2] Illegal string offset 'uid' D:\wamp\www\contest\Application\Home\Controller\IndexController.class.php 第 43 行.
NOTIC: [8] Uninitialized string offset: 0 D:\wamp\www\contest\Application\Home\Controller\IndexController.class.php 第 43 行.
SQL: SHOW COLUMNS FROM `article` [ RunTime:0.003432s ]
SQL: SELECT * FROM `article` WHERE class = '6' ORDER BY id DESC LIMIT 0, 6 [ RunTime:0.000798s ]
SQL: SHOW COLUMNS FROM `category` [ RunTime:0.003296s ]
SQL: SELECT meaning m FROM  `category` WHERE class = '6' [ RunTime:0.000276s ]
SQL: SELECT username FROM  `member` WHERE id =  '8' [ RunTime:0.000207s ]
SQL: SELECT COUNT(*) FROM `article` WHERE class = '.6.' [ RunTime:0.000240s ]
SQL: SELECT class, meaning navName FROM  `category` ORDER BY class ASC LIMIT 12 [ RunTime:0.000224s ]
SQL: SELECT id, title FROM `article` ORDER BY id DESC LIMIT 6 [ RunTime:0.000171s ]
INFO: [ view_parse ] --START--
INFO: [ template_filter ] --START--
INFO: Run Behavior\ContentReplaceBehavior [ RunTime:0.000205s ]
INFO: [ template_filter ] --END-- [ RunTime:0.000291s ]
INFO: Run Behavior\ParseTemplateBehavior [ RunTime:0.021672s ]
INFO: [ view_parse ] --END-- [ RunTime:0.021772s ]
INFO: [ view_filter ] --START--
INFO: Run Behavior\WriteHtmlCacheBehavior [ RunTime:0.000511s ]
INFO: [ view_filter ] --END-- [ RunTime:0.000587s ]
INFO: [ app_end ] --START--
INFO: Run Behavior\ShowPageTraceBehavior [ RunTime:0.000630s ]
INFO: [ app_end ] --END-- [ RunTime:0.000733s ]

[ 2014-12-29T19:29:45+08:00 ] 127.0.0.1 /contest/index.php?s=/Home/User/login.html
INFO: [ app_init ] --START--
INFO: Run Behavior\BuildLiteBehavior [ RunTime:0.000046s ]
INFO: [ app_init ] --END-- [ RunTime:0.000471s ]
INFO: [ app_begin ] --START--
INFO: Run Behavior\ReadHtmlCacheBehavior [ RunTime:0.000499s ]
INFO: [ app_begin ] --END-- [ RunTime:0.000583s ]
SQL: SHOW COLUMNS FROM `member` [ RunTime:0.003405s ]
SQL: SELECT id, username FROM  `member` WHERE username =  'admin' AND PASSWORD =  'e10adc3949ba59abbe56e057f20f883e' [ RunTime:0.000334s ]
NOTIC: [8] Undefined offset: 0 D:\wamp\www\contest\Application\Home\Model\MemberModel.class.php 第 21 行.
INFO: [ view_parse ] --START--
INFO: [ template_filter ] --START--
INFO: Run Behavior\ContentReplaceBehavior [ RunTime:0.000075s ]
INFO: [ template_filter ] --END-- [ RunTime:0.000165s ]
INFO: Run Behavior\ParseTemplateBehavior [ RunTime:0.059150s ]
INFO: [ view_parse ] --END-- [ RunTime:0.059254s ]
INFO: [ view_filter ] --START--
INFO: Run Behavior\WriteHtmlCacheBehavior [ RunTime:0.000378s ]
INFO: [ view_filter ] --END-- [ RunTime:0.000452s ]

[ 2014-12-29T19:29:55+08:00 ] 127.0.0.1 /contest/index.php?s=/Home/User/login.html
INFO: [ app_init ] --START--
INFO: Run Behavior\BuildLiteBehavior [ RunTime:0.000021s ]
INFO: [ app_init ] --END-- [ RunTime:0.000369s ]
INFO: [ app_begin ] --START--
INFO: Run Behavior\ReadHtmlCacheBehavior [ RunTime:0.000510s ]
INFO: [ app_begin ] --END-- [ RunTime:0.000591s ]
SQL: SHOW COLUMNS FROM `member` [ RunTime:0.003677s ]
SQL: SELECT id, username FROM  `member` WHERE username =  'admin' AND PASSWORD =  '25f9e794323b453885f5181f1b624d0b' [ RunTime:0.000645s ]
SQL: SELECT status FROM  `member` WHERE id =  '8' [ RunTime:0.000287s ]
INFO: [ view_parse ] --START--
INFO: [ template_filter ] --START--
INFO: Run Behavior\ContentReplaceBehavior [ RunTime:0.000075s ]
INFO: [ template_filter ] --END-- [ RunTime:0.000202s ]
INFO: Run Behavior\ParseTemplateBehavior [ RunTime:0.044185s ]
INFO: [ view_parse ] --END-- [ RunTime:0.044287s ]
INFO: [ view_filter ] --START--
INFO: Run Behavior\WriteHtmlCacheBehavior [ RunTime:0.000375s ]
INFO: [ view_filter ] --END-- [ RunTime:0.000448s ]
INFO: [ app_end ] --START--
INFO: Run Behavior\ShowPageTraceBehavior [ RunTime:0.000626s ]
INFO: [ app_end ] --END-- [ RunTime:0.000701s ]

[ 2014-12-29T19:29:56+08:00 ] 127.0.0.1 /contest/index.php?s=/Home/Index/index.html
INFO: [ app_init ] --START--
INFO: Run Behavior\BuildLiteBehavior [ RunTime:0.000027s ]
INFO: [ app_init ] --END-- [ RunTime:0.000438s ]
INFO: [ app_begin ] --START--
INFO: Run Behavior\ReadHtmlCacheBehavior [ RunTime:0.000559s ]
INFO: [ app_begin ] --END-- [ RunTime:0.000653s ]
SQL: SHOW COLUMNS FROM `member` [ RunTime:0.005137s ]
SQL: SELECT status FROM  `member` WHERE id =  '8' [ RunTime:0.000291s ]
INFO: [ view_parse ] --START--
INFO: [ template_filter ] --START--
INFO: Run Behavior\ContentReplaceBehavior [ RunTime:0.000260s ]
INFO: [ template_filter ] --END-- [ RunTime:0.000502s ]
INFO: Run Behavior\ParseTemplateBehavior [ RunTime:0.013371s ]
INFO: [ view_parse ] --END-- [ RunTime:0.013468s ]
INFO: [ view_filter ] --START--
INFO: Run Behavior\WriteHtmlCacheBehavior [ RunTime:0.000367s ]
INFO: [ view_filter ] --END-- [ RunTime:0.000438s ]
INFO: [ app_end ] --START--
INFO: Run Behavior\ShowPageTraceBehavior [ RunTime:0.000937s ]
INFO: [ app_end ] --END-- [ RunTime:0.001053s ]

[ 2014-12-29T19:29:58+08:00 ] 127.0.0.1 /contest/index.php?s=/Home/Center/articleList/page/1.html
INFO: [ app_init ] --START--
INFO: Run Behavior\BuildLiteBehavior [ RunTime:0.000030s ]
INFO: [ app_init ] --END-- [ RunTime:0.000463s ]
INFO: [ app_begin ] --START--
INFO: Run Behavior\ReadHtmlCacheBehavior [ RunTime:0.000563s ]
INFO: [ app_begin ] --END-- [ RunTime:0.000662s ]
SQL: SHOW COLUMNS FROM `member` [ RunTime:0.003407s ]
SQL: SELECT status FROM  `member` WHERE id =  '8' [ RunTime:0.000245s ]
SQL: SHOW COLUMNS FROM `article` [ RunTime:0.005672s ]
SQL: SELECT id, title, class, time FROM `article` WHERE uid = '8' ORDER BY id DESC LIMIT 0, 10 [ RunTime:0.000667s ]
SQL: SHOW COLUMNS FROM `category` [ RunTime:0.003929s ]
SQL: SELECT meaning m FROM  `category` WHERE class = '3' [ RunTime:0.000256s ]
SQL: SELECT meaning m FROM  `category` WHERE class = '4' [ RunTime:0.000155s ]
SQL: SELECT meaning m FROM  `category` WHERE class = '2' [ RunTime:0.000142s ]
SQL: SELECT meaning m FROM  `category` WHERE class = '6' [ RunTime:0.000138s ]
SQL: SELECT meaning m FROM  `category` WHERE class = '5' [ RunTime:0.000151s ]
SQL: SELECT meaning m FROM  `category` WHERE class = '10' [ RunTime:0.000139s ]
SQL: SELECT meaning m FROM  `category` WHERE class = '7' [ RunTime:0.000135s ]
SQL: SELECT meaning m FROM  `category` WHERE class = '8' [ RunTime:0.000134s ]
SQL: SELECT COUNT(*) FROM `article` WHERE uid = '8' [ RunTime:0.000191s ]
INFO: [ view_parse ] --START--
INFO: [ template_filter ] --START--
INFO: Run Behavior\ContentReplaceBehavior [ RunTime:0.000163s ]
INFO: [ template_filter ] --END-- [ RunTime:0.000265s ]
INFO: Run Behavior\ParseTemplateBehavior [ RunTime:0.057589s ]
INFO: [ view_parse ] --END-- [ RunTime:0.057979s ]
INFO: [ view_filter ] --START--
INFO: Run Behavior\WriteHtmlCacheBehavior [ RunTime:0.000442s ]
INFO: [ view_filter ] --END-- [ RunTime:0.000512s ]
INFO: [ app_end ] --START--
INFO: Run Behavior\ShowPageTraceBehavior [ RunTime:0.000600s ]
INFO: [ app_end ] --END-- [ RunTime:0.000669s ]

[ 2014-12-29T19:30:02+08:00 ] 127.0.0.1 /contest/index.php?s=/Home/Center/uploadArticle.html
INFO: [ app_init ] --START--
INFO: Run Behavior\BuildLiteBehavior [ RunTime:0.000089s ]
INFO: [ app_init ] --END-- [ RunTime:0.000458s ]
INFO: [ app_begin ] --START--
INFO: Run Behavior\ReadHtmlCacheBehavior [ RunTime:0.000611s ]
INFO: [ app_begin ] --END-- [ RunTime:0.000741s ]
SQL: SHOW COLUMNS FROM `member` [ RunTime:0.003819s ]
SQL: SELECT status FROM  `member` WHERE id =  '8' [ RunTime:0.000364s ]
SQL: SELECT status FROM  `member` WHERE id =  '8' [ RunTime:0.000226s ]
SQL: SHOW COLUMNS FROM `category` [ RunTime:0.003247s ]
SQL: SELECT class, meaning navName FROM  `category` WHERE class != 1 ORDER BY class ASC [ RunTime:0.000360s ]
INFO: [ view_parse ] --START--
INFO: [ template_filter ] --START--
INFO: Run Behavior\ContentReplaceBehavior [ RunTime:0.000133s ]
INFO: [ template_filter ] --END-- [ RunTime:0.000226s ]
INFO: Run Behavior\ParseTemplateBehavior [ RunTime:0.034522s ]
INFO: [ view_parse ] --END-- [ RunTime:0.034609s ]
INFO: [ view_filter ] --START--
INFO: Run Behavior\WriteHtmlCacheBehavior [ RunTime:0.000354s ]
INFO: [ view_filter ] --END-- [ RunTime:0.000424s ]
INFO: [ app_end ] --START--
INFO: Run Behavior\ShowPageTraceBehavior [ RunTime:0.000618s ]
INFO: [ app_end ] --END-- [ RunTime:0.000699s ]

[ 2014-12-29T19:30:03+08:00 ] 127.0.0.1 /contest/index.php?s=/Home/Center/articleList/page/1.html
INFO: [ app_init ] --START--
INFO: Run Behavior\BuildLiteBehavior [ RunTime:0.000044s ]
INFO: [ app_init ] --END-- [ RunTime:0.000950s ]
INFO: [ app_begin ] --START--
INFO: Run Behavior\ReadHtmlCacheBehavior [ RunTime:0.000849s ]
INFO: [ app_begin ] --END-- [ RunTime:0.000993s ]
SQL: SHOW COLUMNS FROM `member` [ RunTime:0.004801s ]
SQL: SELECT status FROM  `member` WHERE id =  '8' [ RunTime:0.000244s ]
SQL: SHOW COLUMNS FROM `article` [ RunTime:0.003283s ]
SQL: SELECT id, title, class, time FROM `article` WHERE uid = '8' ORDER BY id DESC LIMIT 0, 10 [ RunTime:0.000307s ]
SQL: SHOW COLUMNS FROM `category` [ RunTime:0.003931s ]
SQL: SELECT meaning m FROM  `category` WHERE class = '3' [ RunTime:0.000278s ]
SQL: SELECT meaning m FROM  `category` WHERE class = '4' [ RunTime:0.000217s ]
SQL: SELECT meaning m FROM  `category` WHERE class = '2' [ RunTime:0.000230s ]
SQL: SELECT meaning m FROM  `category` WHERE class = '6' [ RunTime:0.000216s ]
SQL: SELECT meaning m FROM  `category` WHERE class = '5' [ RunTime:0.000303s ]
SQL: SELECT meaning m FROM  `category` WHERE class = '10' [ RunTime:0.000233s ]
SQL: SELECT meaning m FROM  `category` WHERE class = '7' [ RunTime:0.000766s ]
SQL: SELECT meaning m FROM  `category` WHERE class = '8' [ RunTime:0.000373s ]
SQL: SELECT COUNT(*) FROM `article` WHERE uid = '8' [ RunTime:0.000376s ]
INFO: [ view_parse ] --START--
INFO: [ template_filter ] --START--
INFO: Run Behavior\ContentReplaceBehavior [ RunTime:0.000311s ]
INFO: [ template_filter ] --END-- [ RunTime:0.000560s ]
INFO: Run Behavior\ParseTemplateBehavior [ RunTime:0.023149s ]
INFO: [ view_parse ] --END-- [ RunTime:0.023284s ]
INFO: [ view_filter ] --START--
INFO: Run Behavior\WriteHtmlCacheBehavior [ RunTime:0.000756s ]
INFO: [ view_filter ] --END-- [ RunTime:0.000907s ]
INFO: [ app_end ] --START--
INFO: Run Behavior\ShowPageTraceBehavior [ RunTime:0.001019s ]
INFO: [ app_end ] --END-- [ RunTime:0.001246s ]

[ 2014-12-29T19:30:08+08:00 ] 127.0.0.1 /contest/index.php?s=/Home/Center/articleList/page/1.html
INFO: [ app_init ] --START--
INFO: Run Behavior\BuildLiteBehavior [ RunTime:0.000023s ]
INFO: [ app_init ] --END-- [ RunTime:0.000416s ]
INFO: [ app_begin ] --START--
INFO: Run Behavior\ReadHtmlCacheBehavior [ RunTime:0.000546s ]
INFO: [ app_begin ] --END-- [ RunTime:0.000636s ]
SQL: SHOW COLUMNS FROM `member` [ RunTime:0.003960s ]
SQL: SELECT status FROM  `member` WHERE id =  '8' [ RunTime:0.000299s ]
SQL: SHOW COLUMNS FROM `article` [ RunTime:0.004855s ]
SQL: SELECT id, title, class, time FROM `article` WHERE uid = '8' ORDER BY id DESC LIMIT 0, 10 [ RunTime:0.000363s ]
SQL: SHOW COLUMNS FROM `category` [ RunTime:0.003251s ]
SQL: SELECT meaning m FROM  `category` WHERE class = '3' [ RunTime:0.000289s ]
SQL: SELECT meaning m FROM  `category` WHERE class = '4' [ RunTime:0.000248s ]
SQL: SELECT meaning m FROM  `category` WHERE class = '2' [ RunTime:0.000284s ]
SQL: SELECT meaning m FROM  `category` WHERE class = '6' [ RunTime:0.000532s ]
SQL: SELECT meaning m FROM  `category` WHERE class = '5' [ RunTime:0.000303s ]
SQL: SELECT meaning m FROM  `category` WHERE class = '10' [ RunTime:0.000234s ]
SQL: SELECT meaning m FROM  `category` WHERE class = '7' [ RunTime:0.000174s ]
SQL: SELECT meaning m FROM  `category` WHERE class = '8' [ RunTime:0.000170s ]
SQL: SELECT COUNT(*) FROM `article` WHERE uid = '8' [ RunTime:0.000205s ]
INFO: [ view_parse ] --START--
INFO: [ template_filter ] --START--
INFO: Run Behavior\ContentReplaceBehavior [ RunTime:0.000153s ]
INFO: [ template_filter ] --END-- [ RunTime:0.000248s ]
INFO: Run Behavior\ParseTemplateBehavior [ RunTime:0.017515s ]
INFO: [ view_parse ] --END-- [ RunTime:0.017603s ]
INFO: [ view_filter ] --START--
INFO: Run Behavior\WriteHtmlCacheBehavior [ RunTime:0.000381s ]
INFO: [ view_filter ] --END-- [ RunTime:0.000462s ]
INFO: [ app_end ] --START--
INFO: Run Behavior\ShowPageTraceBehavior [ RunTime:0.000607s ]
INFO: [ app_end ] --END-- [ RunTime:0.000680s ]

[ 2014-12-29T19:30:09+08:00 ] 127.0.0.1 /contest/index.php?s=/Home/Index/index.html
INFO: [ app_init ] --START--
INFO: Run Behavior\BuildLiteBehavior [ RunTime:0.000021s ]
INFO: [ app_init ] --END-- [ RunTime:0.000394s ]
INFO: [ app_begin ] --START--
INFO: Run Behavior\ReadHtmlCacheBehavior [ RunTime:0.000478s ]
INFO: [ app_begin ] --END-- [ RunTime:0.000555s ]
SQL: SHOW COLUMNS FROM `member` [ RunTime:0.003354s ]
SQL: SELECT status FROM  `member` WHERE id =  '8' [ RunTime:0.000265s ]
INFO: [ view_parse ] --START--
INFO: [ template_filter ] --START--
INFO: Run Behavior\ContentReplaceBehavior [ RunTime:0.000162s ]
INFO: [ template_filter ] --END-- [ RunTime:0.000248s ]
INFO: Run Behavior\ParseTemplateBehavior [ RunTime:0.010099s ]
INFO: [ view_parse ] --END-- [ RunTime:0.010184s ]
INFO: [ view_filter ] --START--
INFO: Run Behavior\WriteHtmlCacheBehavior [ RunTime:0.000349s ]
INFO: [ view_filter ] --END-- [ RunTime:0.000417s ]
INFO: [ app_end ] --START--
INFO: Run Behavior\ShowPageTraceBehavior [ RunTime:0.000580s ]
INFO: [ app_end ] --END-- [ RunTime:0.000648s ]

[ 2014-12-29T19:30:10+08:00 ] 127.0.0.1 /contest/index.php?s=/Home/Index/articleList/nav/1/page/1.html
INFO: [ app_init ] --START--
INFO: Run Behavior\BuildLiteBehavior [ RunTime:0.000121s ]
INFO: [ app_init ] --END-- [ RunTime:0.001517s ]
INFO: [ app_begin ] --START--
INFO: Run Behavior\ReadHtmlCacheBehavior [ RunTime:0.000797s ]
INFO: [ app_begin ] --END-- [ RunTime:0.000958s ]
SQL: SHOW COLUMNS FROM `member` [ RunTime:0.005163s ]
SQL: SELECT status FROM  `member` WHERE id =  '8' [ RunTime:0.000235s ]
SQL: SHOW COLUMNS FROM `article` [ RunTime:0.003842s ]
SQL: SELECT * FROM `article` ORDER BY id DESC LIMIT 0, 6 [ RunTime:0.001133s ]
SQL: SHOW COLUMNS FROM `category` [ RunTime:0.004938s ]
SQL: SELECT meaning m FROM  `category` WHERE class = '3' [ RunTime:0.000405s ]
SQL: SELECT meaning m FROM  `category` WHERE class = '4' [ RunTime:0.000173s ]
SQL: SELECT meaning m FROM  `category` WHERE class = '2' [ RunTime:0.000160s ]
SQL: SELECT meaning m FROM  `category` WHERE class = '6' [ RunTime:0.000180s ]
SQL: SELECT meaning m FROM  `category` WHERE class = '5' [ RunTime:0.000138s ]
SQL: SELECT meaning m FROM  `category` WHERE class = '10' [ RunTime:0.000131s ]
SQL: SELECT username FROM  `member` WHERE id =  '8' [ RunTime:0.000153s ]
SQL: SELECT username FROM  `member` WHERE id =  '8' [ RunTime:0.000131s ]
SQL: SELECT username FROM  `member` WHERE id =  '8' [ RunTime:0.000137s ]
SQL: SELECT username FROM  `member` WHERE id =  '8' [ RunTime:0.000127s ]
SQL: SELECT username FROM  `member` WHERE id =  '8' [ RunTime:0.000131s ]
SQL: SELECT username FROM  `member` WHERE id =  '8' [ RunTime:0.000125s ]
SQL: SELECT COUNT(*) FROM `article` [ RunTime:0.000177s ]
SQL: SELECT class, meaning navName FROM  `category` ORDER BY class ASC LIMIT 12 [ RunTime:0.000204s ]
SQL: SELECT id, title FROM `article` ORDER BY id DESC LIMIT 6 [ RunTime:0.000147s ]
INFO: [ view_parse ] --START--
INFO: [ template_filter ] --START--
INFO: Run Behavior\ContentReplaceBehavior [ RunTime:0.000194s ]
INFO: [ template_filter ] --END-- [ RunTime:0.000325s ]
NOTIC: [8] Use of undefined constant pages - assumed 'pages' D:\wamp\www\contest\Application\Runtime\Cache\Home\ce9b301632fad33703bd705746315f14.php 第 113 行.
NOTIC: [8] Array to string conversion D:\wamp\www\contest\Application\Runtime\Cache\Home\ce9b301632fad33703bd705746315f14.php 第 113 行.
INFO: Run Behavior\ParseTemplateBehavior [ RunTime:0.022471s ]
INFO: [ view_parse ] --END-- [ RunTime:0.022585s ]
INFO: [ view_filter ] --START--
INFO: Run Behavior\WriteHtmlCacheBehavior [ RunTime:0.001274s ]
INFO: [ view_filter ] --END-- [ RunTime:0.001372s ]
INFO: [ app_end ] --START--
INFO: Run Behavior\ShowPageTraceBehavior [ RunTime:0.000722s ]
INFO: [ app_end ] --END-- [ RunTime:0.000811s ]

[ 2014-12-29T19:30:32+08:00 ] 127.0.0.1 /contest/index.php?s=/Home/Admin/index
INFO: [ app_init ] --START--
INFO: Run Behavior\BuildLiteBehavior [ RunTime:0.000021s ]
INFO: [ app_init ] --END-- [ RunTime:0.000370s ]
INFO: [ app_begin ] --START--
INFO: Run Behavior\ReadHtmlCacheBehavior [ RunTime:0.000548s ]
INFO: [ app_begin ] --END-- [ RunTime:0.000643s ]
SQL: SHOW COLUMNS FROM `member` [ RunTime:0.003709s ]
SQL: SELECT status FROM  `member` WHERE id =  '8' [ RunTime:0.000335s ]
SQL: SELECT permissions FROM `member` WHERE id = '8' [ RunTime:0.000272s ]
INFO: [ view_parse ] --START--
INFO: [ template_filter ] --START--
INFO: Run Behavior\ContentReplaceBehavior [ RunTime:0.000081s ]
INFO: [ template_filter ] --END-- [ RunTime:0.000188s ]
INFO: Run Behavior\ParseTemplateBehavior [ RunTime:0.055579s ]
INFO: [ view_parse ] --END-- [ RunTime:0.055703s ]
INFO: [ view_filter ] --START--
INFO: Run Behavior\WriteHtmlCacheBehavior [ RunTime:0.000399s ]
INFO: [ view_filter ] --END-- [ RunTime:0.000477s ]
INFO: [ app_end ] --START--
INFO: Run Behavior\ShowPageTraceBehavior [ RunTime:0.000676s ]
INFO: [ app_end ] --END-- [ RunTime:0.000754s ]

[ 2014-12-29T19:30:33+08:00 ] 127.0.0.1 /contest/index.php?s=/Home/Admin/user/page/1.html
INFO: [ app_init ] --START--
INFO: Run Behavior\BuildLiteBehavior [ RunTime:0.000022s ]
INFO: [ app_init ] --END-- [ RunTime:0.000384s ]
INFO: [ app_begin ] --START--
INFO: Run Behavior\ReadHtmlCacheBehavior [ RunTime:0.000652s ]
INFO: [ app_begin ] --END-- [ RunTime:0.000730s ]
SQL: SHOW COLUMNS FROM `member` [ RunTime:0.004125s ]
SQL: SELECT status FROM  `member` WHERE id =  '8' [ RunTime:0.000295s ]
SQL: SELECT permissions FROM `member` WHERE id = '8' [ RunTime:0.000227s ]
SQL: SELECT id, username, permissions, status FROM  `member` ORDER BY id DESC LIMIT 0, 10 [ RunTime:0.000274s ]
SQL: SELECT COUNT(*) FROM  `member` [ RunTime:0.000202s ]
INFO: [ view_parse ] --START--
INFO: [ template_filter ] --START--
INFO: Run Behavior\ContentReplaceBehavior [ RunTime:0.000157s ]
INFO: [ template_filter ] --END-- [ RunTime:0.000242s ]
INFO: Run Behavior\ParseTemplateBehavior [ RunTime:0.050081s ]
INFO: [ view_parse ] --END-- [ RunTime:0.050187s ]
INFO: [ view_filter ] --START--
INFO: Run Behavior\WriteHtmlCacheBehavior [ RunTime:0.000381s ]
INFO: [ view_filter ] --END-- [ RunTime:0.000453s ]
INFO: [ app_end ] --START--
INFO: Run Behavior\ShowPageTraceBehavior [ RunTime:0.000593s ]
INFO: [ app_end ] --END-- [ RunTime:0.000667s ]

[ 2014-12-29T19:30:34+08:00 ] 127.0.0.1 /contest/index.php?s=/Home/Admin/article/page/1.html
INFO: [ app_init ] --START--
INFO: Run Behavior\BuildLiteBehavior [ RunTime:0.000028s ]
INFO: [ app_init ] --END-- [ RunTime:0.000441s ]
INFO: [ app_begin ] --START--
INFO: Run Behavior\ReadHtmlCacheBehavior [ RunTime:0.000621s ]
INFO: [ app_begin ] --END-- [ RunTime:0.000722s ]
SQL: SHOW COLUMNS FROM `member` [ RunTime:0.004156s ]
SQL: SELECT status FROM  `member` WHERE id =  '8' [ RunTime:0.000667s ]
SQL: SELECT permissions FROM `member` WHERE id = '8' [ RunTime:0.000618s ]
SQL: SHOW COLUMNS FROM `article` [ RunTime:0.004326s ]
SQL: SELECT id, uid, title, class, time FROM `article` ORDER BY id DESC LIMIT 0, 10 [ RunTime:0.000499s ]
SQL: SHOW COLUMNS FROM `category` [ RunTime:0.004502s ]
SQL: SELECT meaning m FROM  `category` WHERE class = '3' [ RunTime:0.000403s ]
SQL: SELECT meaning m FROM  `category` WHERE class = '4' [ RunTime:0.000226s ]
SQL: SELECT meaning m FROM  `category` WHERE class = '2' [ RunTime:0.000324s ]
SQL: SELECT meaning m FROM  `category` WHERE class = '6' [ RunTime:0.000219s ]
SQL: SELECT meaning m FROM  `category` WHERE class = '5' [ RunTime:0.000247s ]
SQL: SELECT meaning m FROM  `category` WHERE class = '10' [ RunTime:0.000211s ]
SQL: SELECT meaning m FROM  `category` WHERE class = '7' [ RunTime:0.000161s ]
SQL: SELECT meaning m FROM  `category` WHERE class = '8' [ RunTime:0.000161s ]
SQL: SELECT meaning m FROM  `category` WHERE class = '2' [ RunTime:0.000149s ]
SQL: SELECT username FROM  `member` WHERE id =  '8' [ RunTime:0.000151s ]
SQL: SELECT username FROM  `member` WHERE id =  '8' [ RunTime:0.000179s ]
SQL: SELECT username FROM  `member` WHERE id =  '8' [ RunTime:0.000224s ]
SQL: SELECT username FROM  `member` WHERE id =  '8' [ RunTime:0.000164s ]
SQL: SELECT username FROM  `member` WHERE id =  '8' [ RunTime:0.000142s ]
SQL: SELECT username FROM  `member` WHERE id =  '8' [ RunTime:0.000137s ]
SQL: SELECT username FROM  `member` WHERE id =  '8' [ RunTime:0.000195s ]
SQL: SELECT username FROM  `member` WHERE id =  '8' [ RunTime:0.000166s ]
SQL: SELECT username FROM  `member` WHERE id =  '1' [ RunTime:0.000201s ]
SQL: SELECT COUNT(*) FROM `article`  [ RunTime:0.000240s ]
INFO: [ view_parse ] --START--
INFO: [ template_filter ] --START--
INFO: Run Behavior\ContentReplaceBehavior [ RunTime:0.000134s ]
INFO: [ template_filter ] --END-- [ RunTime:0.000257s ]
INFO: Run Behavior\ParseTemplateBehavior [ RunTime:0.033487s ]
INFO: [ view_parse ] --END-- [ RunTime:0.033587s ]
INFO: [ view_filter ] --START--
INFO: Run Behavior\WriteHtmlCacheBehavior [ RunTime:0.000408s ]
INFO: [ view_filter ] --END-- [ RunTime:0.000481s ]
INFO: [ app_end ] --START--
INFO: Run Behavior\ShowPageTraceBehavior [ RunTime:0.000620s ]
INFO: [ app_end ] --END-- [ RunTime:0.000728s ]

[ 2014-12-29T19:30:35+08:00 ] 127.0.0.1 /contest/index.php?s=/Home/Admin/category.html
INFO: [ app_init ] --START--
INFO: Run Behavior\BuildLiteBehavior [ RunTime:0.000023s ]
INFO: [ app_init ] --END-- [ RunTime:0.000384s ]
INFO: [ app_begin ] --START--
INFO: Run Behavior\ReadHtmlCacheBehavior [ RunTime:0.000520s ]
INFO: [ app_begin ] --END-- [ RunTime:0.000600s ]
SQL: SHOW COLUMNS FROM `member` [ RunTime:0.004411s ]
SQL: SELECT status FROM  `member` WHERE id =  '8' [ RunTime:0.000310s ]
SQL: SELECT permissions FROM `member` WHERE id = '8' [ RunTime:0.000219s ]
SQL: SHOW COLUMNS FROM `category` [ RunTime:0.003780s ]
SQL: SELECT * FROM  `category` ORDER BY class ASC [ RunTime:0.000342s ]
INFO: [ view_parse ] --START--
INFO: [ template_filter ] --START--
INFO: Run Behavior\ContentReplaceBehavior [ RunTime:0.000130s ]
INFO: [ template_filter ] --END-- [ RunTime:0.000253s ]
NOTIC: [8] Undefined variable: page D:\wamp\www\contest\Application\Runtime\Cache\Home\751e6ec69973a9880bfad664f773ab35.php 第 52 行.
NOTIC: [8] Undefined variable: page D:\wamp\www\contest\Application\Runtime\Cache\Home\751e6ec69973a9880bfad664f773ab35.php 第 53 行.
NOTIC: [8] Undefined variable: page D:\wamp\www\contest\Application\Runtime\Cache\Home\751e6ec69973a9880bfad664f773ab35.php 第 54 行.
NOTIC: [8] Undefined variable: page D:\wamp\www\contest\Application\Runtime\Cache\Home\751e6ec69973a9880bfad664f773ab35.php 第 54 行.
NOTIC: [8] Undefined variable: page D:\wamp\www\contest\Application\Runtime\Cache\Home\751e6ec69973a9880bfad664f773ab35.php 第 56 行.
NOTIC: [8] Undefined variable: page D:\wamp\www\contest\Application\Runtime\Cache\Home\751e6ec69973a9880bfad664f773ab35.php 第 56 行.
NOTIC: [8] Undefined variable: page D:\wamp\www\contest\Application\Runtime\Cache\Home\751e6ec69973a9880bfad664f773ab35.php 第 59 行.
NOTIC: [8] Undefined variable: page D:\wamp\www\contest\Application\Runtime\Cache\Home\751e6ec69973a9880bfad664f773ab35.php 第 63 行.
NOTIC: [8] Undefined variable: page D:\wamp\www\contest\Application\Runtime\Cache\Home\751e6ec69973a9880bfad664f773ab35.php 第 65 行.
NOTIC: [8] Undefined variable: page D:\wamp\www\contest\Application\Runtime\Cache\Home\751e6ec69973a9880bfad664f773ab35.php 第 65 行.
NOTIC: [8] Undefined variable: page D:\wamp\www\contest\Application\Runtime\Cache\Home\751e6ec69973a9880bfad664f773ab35.php 第 66 行.
INFO: Run Behavior\ParseTemplateBehavior [ RunTime:0.014471s ]
INFO: [ view_parse ] --END-- [ RunTime:0.014595s ]
INFO: [ view_filter ] --START--
INFO: Run Behavior\WriteHtmlCacheBehavior [ RunTime:0.000600s ]
INFO: [ view_filter ] --END-- [ RunTime:0.000693s ]
INFO: [ app_end ] --START--
INFO: Run Behavior\ShowPageTraceBehavior [ RunTime:0.000932s ]
INFO: [ app_end ] --END-- [ RunTime:0.001051s ]

[ 2014-12-29T19:32:40+08:00 ] 127.0.0.1 /contest/index.php?s=/Home/Admin/article/page/1.html
INFO: [ app_init ] --START--
INFO: Run Behavior\BuildLiteBehavior [ RunTime:0.000023s ]
INFO: [ app_init ] --END-- [ RunTime:0.000434s ]
INFO: [ app_begin ] --START--
INFO: Run Behavior\ReadHtmlCacheBehavior [ RunTime:0.000599s ]
INFO: [ app_begin ] --END-- [ RunTime:0.000686s ]
SQL: SHOW COLUMNS FROM `member` [ RunTime:0.003515s ]
SQL: SELECT status FROM  `member` WHERE id =  '8' [ RunTime:0.000311s ]
SQL: SELECT permissions FROM `member` WHERE id = '8' [ RunTime:0.000226s ]
SQL: SHOW COLUMNS FROM `article` [ RunTime:0.003502s ]
SQL: SELECT id, uid, title, class, time FROM `article` ORDER BY id DESC LIMIT 0, 10 [ RunTime:0.000330s ]
SQL: SHOW COLUMNS FROM `category` [ RunTime:0.003606s ]
SQL: SELECT meaning m FROM  `category` WHERE class = '3' [ RunTime:0.000256s ]
SQL: SELECT meaning m FROM  `category` WHERE class = '4' [ RunTime:0.000181s ]
SQL: SELECT meaning m FROM  `category` WHERE class = '2' [ RunTime:0.000177s ]
SQL: SELECT meaning m FROM  `category` WHERE class = '6' [ RunTime:0.000168s ]
SQL: SELECT meaning m FROM  `category` WHERE class = '5' [ RunTime:0.000165s ]
SQL: SELECT meaning m FROM  `category` WHERE class = '10' [ RunTime:0.000188s ]
SQL: SELECT meaning m FROM  `category` WHERE class = '7' [ RunTime:0.000164s ]
SQL: SELECT meaning m FROM  `category` WHERE class = '8' [ RunTime:0.000177s ]
SQL: SELECT meaning m FROM  `category` WHERE class = '2' [ RunTime:0.000162s ]
SQL: SELECT username FROM  `member` WHERE id =  '8' [ RunTime:0.000172s ]
SQL: SELECT username FROM  `member` WHERE id =  '8' [ RunTime:0.000157s ]
SQL: SELECT username FROM  `member` WHERE id =  '8' [ RunTime:0.000154s ]
SQL: SELECT username FROM  `member` WHERE id =  '8' [ RunTime:0.000152s ]
SQL: SELECT username FROM  `member` WHERE id =  '8' [ RunTime:0.000160s ]
SQL: SELECT username FROM  `member` WHERE id =  '8' [ RunTime:0.000154s ]
SQL: SELECT username FROM  `member` WHERE id =  '8' [ RunTime:0.000154s ]
SQL: SELECT username FROM  `member` WHERE id =  '8' [ RunTime:0.000153s ]
SQL: SELECT username FROM  `member` WHERE id =  '1' [ RunTime:0.000173s ]
SQL: SELECT COUNT(*) FROM `article`  [ RunTime:0.000170s ]
INFO: [ view_parse ] --START--
INFO: [ template_filter ] --START--
INFO: Run Behavior\ContentReplaceBehavior [ RunTime:0.000135s ]
INFO: [ template_filter ] --END-- [ RunTime:0.000226s ]
INFO: Run Behavior\ParseTemplateBehavior [ RunTime:0.016321s ]
INFO: [ view_parse ] --END-- [ RunTime:0.016415s ]
INFO: [ view_filter ] --START--
INFO: Run Behavior\WriteHtmlCacheBehavior [ RunTime:0.000370s ]
INFO: [ view_filter ] --END-- [ RunTime:0.000444s ]
INFO: [ app_end ] --START--
INFO: Run Behavior\ShowPageTraceBehavior [ RunTime:0.000666s ]
INFO: [ app_end ] --END-- [ RunTime:0.000743s ]

[ 2014-12-29T19:32:41+08:00 ] 127.0.0.1 /contest/index.php?s=/Home/Admin/user/page/1.html
INFO: [ app_init ] --START--
INFO: Run Behavior\BuildLiteBehavior [ RunTime:0.000021s ]
INFO: [ app_init ] --END-- [ RunTime:0.000403s ]
INFO: [ app_begin ] --START--
INFO: Run Behavior\ReadHtmlCacheBehavior [ RunTime:0.000466s ]
INFO: [ app_begin ] --END-- [ RunTime:0.000544s ]
SQL: SHOW COLUMNS FROM `member` [ RunTime:0.003723s ]
SQL: SELECT status FROM  `member` WHERE id =  '8' [ RunTime:0.000287s ]
SQL: SELECT permissions FROM `member` WHERE id = '8' [ RunTime:0.000191s ]
SQL: SELECT id, username, permissions, status FROM  `member` ORDER BY id DESC LIMIT 0, 10 [ RunTime:0.000230s ]
SQL: SELECT COUNT(*) FROM  `member` [ RunTime:0.000193s ]
INFO: [ view_parse ] --START--
INFO: [ template_filter ] --START--
INFO: Run Behavior\ContentReplaceBehavior [ RunTime:0.000114s ]
INFO: [ template_filter ] --END-- [ RunTime:0.000236s ]
INFO: Run Behavior\ParseTemplateBehavior [ RunTime:0.035700s ]
INFO: [ view_parse ] --END-- [ RunTime:0.035789s ]
INFO: [ view_filter ] --START--
INFO: Run Behavior\WriteHtmlCacheBehavior [ RunTime:0.000357s ]
INFO: [ view_filter ] --END-- [ RunTime:0.000426s ]
INFO: [ app_end ] --START--
INFO: Run Behavior\ShowPageTraceBehavior [ RunTime:0.000719s ]
INFO: [ app_end ] --END-- [ RunTime:0.000798s ]

[ 2014-12-29T19:32:42+08:00 ] 127.0.0.1 /contest/index.php?s=/Home/Admin/user/page/1.html
INFO: [ app_init ] --START--
INFO: Run Behavior\BuildLiteBehavior [ RunTime:0.000021s ]
INFO: [ app_init ] --END-- [ RunTime:0.000374s ]
INFO: [ app_begin ] --START--
INFO: Run Behavior\ReadHtmlCacheBehavior [ RunTime:0.000470s ]
INFO: [ app_begin ] --END-- [ RunTime:0.000547s ]
SQL: SHOW COLUMNS FROM `member` [ RunTime:0.003515s ]
SQL: SELECT status FROM  `member` WHERE id =  '8' [ RunTime:0.000302s ]
SQL: SELECT permissions FROM `member` WHERE id = '8' [ RunTime:0.000189s ]
SQL: SELECT id, username, permissions, status FROM  `member` ORDER BY id DESC LIMIT 0, 10 [ RunTime:0.000223s ]
SQL: SELECT COUNT(*) FROM  `member` [ RunTime:0.000184s ]
INFO: [ view_parse ] --START--
INFO: [ template_filter ] --START--
INFO: Run Behavior\ContentReplaceBehavior [ RunTime:0.000115s ]
INFO: [ template_filter ] --END-- [ RunTime:0.000215s ]
INFO: Run Behavior\ParseTemplateBehavior [ RunTime:0.039902s ]
INFO: [ view_parse ] --END-- [ RunTime:0.040000s ]
INFO: [ view_filter ] --START--
INFO: Run Behavior\WriteHtmlCacheBehavior [ RunTime:0.000457s ]
INFO: [ view_filter ] --END-- [ RunTime:0.000536s ]
INFO: [ app_end ] --START--
INFO: Run Behavior\ShowPageTraceBehavior [ RunTime:0.000613s ]
INFO: [ app_end ] --END-- [ RunTime:0.000696s ]

[ 2014-12-29T19:32:43+08:00 ] 127.0.0.1 /contest/index.php?s=/Home/Admin/index.html
INFO: [ app_init ] --START--
INFO: Run Behavior\BuildLiteBehavior [ RunTime:0.000023s ]
INFO: [ app_init ] --END-- [ RunTime:0.000400s ]
INFO: [ app_begin ] --START--
INFO: Run Behavior\ReadHtmlCacheBehavior [ RunTime:0.000491s ]
INFO: [ app_begin ] --END-- [ RunTime:0.000569s ]
SQL: SHOW COLUMNS FROM `member` [ RunTime:0.003491s ]
SQL: SELECT status FROM  `member` WHERE id =  '8' [ RunTime:0.000295s ]
SQL: SELECT permissions FROM `member` WHERE id = '8' [ RunTime:0.000202s ]
INFO: [ view_parse ] --START--
INFO: [ template_filter ] --START--
INFO: Run Behavior\ContentReplaceBehavior [ RunTime:0.000072s ]
INFO: [ template_filter ] --END-- [ RunTime:0.000157s ]
INFO: Run Behavior\ParseTemplateBehavior [ RunTime:0.007910s ]
INFO: [ view_parse ] --END-- [ RunTime:0.008009s ]
INFO: [ view_filter ] --START--
INFO: Run Behavior\WriteHtmlCacheBehavior [ RunTime:0.000726s ]
INFO: [ view_filter ] --END-- [ RunTime:0.001001s ]
INFO: [ app_end ] --START--
INFO: Run Behavior\ShowPageTraceBehavior [ RunTime:0.000717s ]
INFO: [ app_end ] --END-- [ RunTime:0.000834s ]

[ 2014-12-29T19:32:43+08:00 ] 127.0.0.1 /contest/index.php?s=/Home/Admin/user/page/1.html
INFO: [ app_init ] --START--
INFO: Run Behavior\BuildLiteBehavior [ RunTime:0.000023s ]
INFO: [ app_init ] --END-- [ RunTime:0.000430s ]
INFO: [ app_begin ] --START--
INFO: Run Behavior\ReadHtmlCacheBehavior [ RunTime:0.000575s ]
INFO: [ app_begin ] --END-- [ RunTime:0.000685s ]
SQL: SHOW COLUMNS FROM `member` [ RunTime:0.003732s ]
SQL: SELECT status FROM  `member` WHERE id =  '8' [ RunTime:0.000574s ]
SQL: SELECT permissions FROM `member` WHERE id = '8' [ RunTime:0.000325s ]
SQL: SELECT id, username, permissions, status FROM  `member` ORDER BY id DESC LIMIT 0, 10 [ RunTime:0.000287s ]
SQL: SELECT COUNT(*) FROM  `member` [ RunTime:0.000206s ]
INFO: [ view_parse ] --START--
INFO: [ template_filter ] --START--
INFO: Run Behavior\ContentReplaceBehavior [ RunTime:0.000125s ]
INFO: [ template_filter ] --END-- [ RunTime:0.000214s ]
INFO: Run Behavior\ParseTemplateBehavior [ RunTime:0.015473s ]
INFO: [ view_parse ] --END-- [ RunTime:0.015562s ]
INFO: [ view_filter ] --START--
INFO: Run Behavior\WriteHtmlCacheBehavior [ RunTime:0.000352s ]
INFO: [ view_filter ] --END-- [ RunTime:0.000421s ]
INFO: [ app_end ] --START--
INFO: Run Behavior\ShowPageTraceBehavior [ RunTime:0.000600s ]
INFO: [ app_end ] --END-- [ RunTime:0.000671s ]

[ 2014-12-29T19:32:44+08:00 ] 127.0.0.1 /contest/index.php?s=/Home/Admin/article/page/1.html
INFO: [ app_init ] --START--
INFO: Run Behavior\BuildLiteBehavior [ RunTime:0.000022s ]
INFO: [ app_init ] --END-- [ RunTime:0.000379s ]
INFO: [ app_begin ] --START--
INFO: Run Behavior\ReadHtmlCacheBehavior [ RunTime:0.000469s ]
INFO: [ app_begin ] --END-- [ RunTime:0.000548s ]
SQL: SHOW COLUMNS FROM `member` [ RunTime:0.003517s ]
SQL: SELECT status FROM  `member` WHERE id =  '8' [ RunTime:0.000383s ]
SQL: SELECT permissions FROM `member` WHERE id = '8' [ RunTime:0.000240s ]
SQL: SHOW COLUMNS FROM `article` [ RunTime:0.003423s ]
SQL: SELECT id, uid, title, class, time FROM `article` ORDER BY id DESC LIMIT 0, 10 [ RunTime:0.000383s ]
SQL: SHOW COLUMNS FROM `category` [ RunTime:0.003468s ]
SQL: SELECT meaning m FROM  `category` WHERE class = '3' [ RunTime:0.000289s ]
SQL: SELECT meaning m FROM  `category` WHERE class = '4' [ RunTime:0.000192s ]
SQL: SELECT meaning m FROM  `category` WHERE class = '2' [ RunTime:0.000186s ]
SQL: SELECT meaning m FROM  `category` WHERE class = '6' [ RunTime:0.000182s ]
SQL: SELECT meaning m FROM  `category` WHERE class = '5' [ RunTime:0.000185s ]
SQL: SELECT meaning m FROM  `category` WHERE class = '10' [ RunTime:0.000180s ]
SQL: SELECT meaning m FROM  `category` WHERE class = '7' [ RunTime:0.000179s ]
SQL: SELECT meaning m FROM  `category` WHERE class = '8' [ RunTime:0.000209s ]
SQL: SELECT meaning m FROM  `category` WHERE class = '2' [ RunTime:0.000189s ]
SQL: SELECT username FROM  `member` WHERE id =  '8' [ RunTime:0.000188s ]
SQL: SELECT username FROM  `member` WHERE id =  '8' [ RunTime:0.000174s ]
SQL: SELECT username FROM  `member` WHERE id =  '8' [ RunTime:0.000184s ]
SQL: SELECT username FROM  `member` WHERE id =  '8' [ RunTime:0.000174s ]
SQL: SELECT username FROM  `member` WHERE id =  '8' [ RunTime:0.000173s ]
SQL: SELECT username FROM  `member` WHERE id =  '8' [ RunTime:0.000180s ]
SQL: SELECT username FROM  `member` WHERE id =  '8' [ RunTime:0.000175s ]
SQL: SELECT username FROM  `member` WHERE id =  '8' [ RunTime:0.000173s ]
SQL: SELECT username FROM  `member` WHERE id =  '1' [ RunTime:0.000171s ]
SQL: SELECT COUNT(*) FROM `article`  [ RunTime:0.000193s ]
INFO: [ view_parse ] --START--
INFO: [ template_filter ] --START--
INFO: Run Behavior\ContentReplaceBehavior [ RunTime:0.000117s ]
INFO: [ template_filter ] --END-- [ RunTime:0.000217s ]
INFO: Run Behavior\ParseTemplateBehavior [ RunTime:0.014368s ]
INFO: [ view_parse ] --END-- [ RunTime:0.014466s ]
INFO: [ view_filter ] --START--
INFO: Run Behavior\WriteHtmlCacheBehavior [ RunTime:0.000369s ]
INFO: [ view_filter ] --END-- [ RunTime:0.000441s ]
INFO: [ app_end ] --START--
INFO: Run Behavior\ShowPageTraceBehavior [ RunTime:0.000594s ]
INFO: [ app_end ] --END-- [ RunTime:0.000667s ]

[ 2014-12-29T19:32:44+08:00 ] 127.0.0.1 /contest/index.php?s=/Home/Admin/category.html
INFO: [ app_init ] --START--
INFO: Run Behavior\BuildLiteBehavior [ RunTime:0.000043s ]
INFO: [ app_init ] --END-- [ RunTime:0.000486s ]
INFO: [ app_begin ] --START--
INFO: Run Behavior\ReadHtmlCacheBehavior [ RunTime:0.000503s ]
INFO: [ app_begin ] --END-- [ RunTime:0.000585s ]
SQL: SHOW COLUMNS FROM `member` [ RunTime:0.003780s ]
SQL: SELECT status FROM  `member` WHERE id =  '8' [ RunTime:0.000341s ]
SQL: SELECT permissions FROM `member` WHERE id = '8' [ RunTime:0.000257s ]
SQL: SHOW COLUMNS FROM `category` [ RunTime:0.003267s ]
SQL: SELECT * FROM  `category` ORDER BY class ASC [ RunTime:0.000346s ]
INFO: [ view_parse ] --START--
INFO: [ template_filter ] --START--
INFO: Run Behavior\ContentReplaceBehavior [ RunTime:0.000109s ]
INFO: [ template_filter ] --END-- [ RunTime:0.000229s ]
NOTIC: [8] Undefined variable: page D:\wamp\www\contest\Application\Runtime\Cache\Home\751e6ec69973a9880bfad664f773ab35.php 第 52 行.
NOTIC: [8] Undefined variable: page D:\wamp\www\contest\Application\Runtime\Cache\Home\751e6ec69973a9880bfad664f773ab35.php 第 53 行.
NOTIC: [8] Undefined variable: page D:\wamp\www\contest\Application\Runtime\Cache\Home\751e6ec69973a9880bfad664f773ab35.php 第 54 行.
NOTIC: [8] Undefined variable: page D:\wamp\www\contest\Application\Runtime\Cache\Home\751e6ec69973a9880bfad664f773ab35.php 第 54 行.
NOTIC: [8] Undefined variable: page D:\wamp\www\contest\Application\Runtime\Cache\Home\751e6ec69973a9880bfad664f773ab35.php 第 56 行.
NOTIC: [8] Undefined variable: page D:\wamp\www\contest\Application\Runtime\Cache\Home\751e6ec69973a9880bfad664f773ab35.php 第 56 行.
NOTIC: [8] Undefined variable: page D:\wamp\www\contest\Application\Runtime\Cache\Home\751e6ec69973a9880bfad664f773ab35.php 第 59 行.
NOTIC: [8] Undefined variable: page D:\wamp\www\contest\Application\Runtime\Cache\Home\751e6ec69973a9880bfad664f773ab35.php 第 63 行.
NOTIC: [8] Undefined variable: page D:\wamp\www\contest\Application\Runtime\Cache\Home\751e6ec69973a9880bfad664f773ab35.php 第 65 行.
NOTIC: [8] Undefined variable: page D:\wamp\www\contest\Application\Runtime\Cache\Home\751e6ec69973a9880bfad664f773ab35.php 第 65 行.
NOTIC: [8] Undefined variable: page D:\wamp\www\contest\Application\Runtime\Cache\Home\751e6ec69973a9880bfad664f773ab35.php 第 66 行.
INFO: Run Behavior\ParseTemplateBehavior [ RunTime:0.037052s ]
INFO: [ view_parse ] --END-- [ RunTime:0.037159s ]
INFO: [ view_filter ] --START--
INFO: Run Behavior\WriteHtmlCacheBehavior [ RunTime:0.000438s ]
INFO: [ view_filter ] --END-- [ RunTime:0.000542s ]
INFO: [ app_end ] --START--
INFO: Run Behavior\ShowPageTraceBehavior [ RunTime:0.000639s ]
INFO: [ app_end ] --END-- [ RunTime:0.000720s ]

[ 2014-12-29T19:32:45+08:00 ] 127.0.0.1 /contest/index.php?s=/Home/Admin/article/page/1.html
INFO: [ app_init ] --START--
INFO: Run Behavior\BuildLiteBehavior [ RunTime:0.000024s ]
INFO: [ app_init ] --END-- [ RunTime:0.000422s ]
INFO: [ app_begin ] --START--
INFO: Run Behavior\ReadHtmlCacheBehavior [ RunTime:0.000639s ]
INFO: [ app_begin ] --END-- [ RunTime:0.000745s ]
SQL: SHOW COLUMNS FROM `member` [ RunTime:0.003395s ]
SQL: SELECT status FROM  `member` WHERE id =  '8' [ RunTime:0.000266s ]
SQL: SELECT permissions FROM `member` WHERE id = '8' [ RunTime:0.000193s ]
SQL: SHOW COLUMNS FROM `article` [ RunTime:0.004962s ]
SQL: SELECT id, uid, title, class, time FROM `article` ORDER BY id DESC LIMIT 0, 10 [ RunTime:0.000356s ]
SQL: SHOW COLUMNS FROM `category` [ RunTime:0.003300s ]
SQL: SELECT meaning m FROM  `category` WHERE class = '3' [ RunTime:0.000280s ]
SQL: SELECT meaning m FROM  `category` WHERE class = '4' [ RunTime:0.000191s ]
SQL: SELECT meaning m FROM  `category` WHERE class = '2' [ RunTime:0.000171s ]
SQL: SELECT meaning m FROM  `category` WHERE class = '6' [ RunTime:0.000183s ]
SQL: SELECT meaning m FROM  `category` WHERE class = '5' [ RunTime:0.000179s ]
SQL: SELECT meaning m FROM  `category` WHERE class = '10' [ RunTime:0.000195s ]
SQL: SELECT meaning m FROM  `category` WHERE class = '7' [ RunTime:0.000184s ]
SQL: SELECT meaning m FROM  `category` WHERE class = '8' [ RunTime:0.000190s ]
SQL: SELECT meaning m FROM  `category` WHERE class = '2' [ RunTime:0.000181s ]
SQL: SELECT username FROM  `member` WHERE id =  '8' [ RunTime:0.000175s ]
SQL: SELECT username FROM  `member` WHERE id =  '8' [ RunTime:0.000180s ]
SQL: SELECT username FROM  `member` WHERE id =  '8' [ RunTime:0.000176s ]
SQL: SELECT username FROM  `member` WHERE id =  '8' [ RunTime:0.000194s ]
SQL: SELECT username FROM  `member` WHERE id =  '8' [ RunTime:0.000200s ]
SQL: SELECT username FROM  `member` WHERE id =  '8' [ RunTime:0.000187s ]
SQL: SELECT username FROM  `member` WHERE id =  '8' [ RunTime:0.000182s ]
SQL: SELECT username FROM  `member` WHERE id =  '8' [ RunTime:0.000165s ]
SQL: SELECT username FROM  `member` WHERE id =  '1' [ RunTime:0.000182s ]
SQL: SELECT COUNT(*) FROM `article`  [ RunTime:0.000191s ]
INFO: [ view_parse ] --START--
INFO: [ template_filter ] --START--
INFO: Run Behavior\ContentReplaceBehavior [ RunTime:0.000119s ]
INFO: [ template_filter ] --END-- [ RunTime:0.000215s ]
INFO: Run Behavior\ParseTemplateBehavior [ RunTime:0.014732s ]
INFO: [ view_parse ] --END-- [ RunTime:0.014840s ]
INFO: [ view_filter ] --START--
INFO: Run Behavior\WriteHtmlCacheBehavior [ RunTime:0.000372s ]
INFO: [ view_filter ] --END-- [ RunTime:0.000445s ]
INFO: [ app_end ] --START--
INFO: Run Behavior\ShowPageTraceBehavior [ RunTime:0.000585s ]
INFO: [ app_end ] --END-- [ RunTime:0.000658s ]

[ 2014-12-29T19:32:46+08:00 ] 127.0.0.1 /contest/index.php?s=/Home/Admin/user/page/1.html
INFO: [ app_init ] --START--
INFO: Run Behavior\BuildLiteBehavior [ RunTime:0.000031s ]
INFO: [ app_init ] --END-- [ RunTime:0.000411s ]
INFO: [ app_begin ] --START--
INFO: Run Behavior\ReadHtmlCacheBehavior [ RunTime:0.000653s ]
INFO: [ app_begin ] --END-- [ RunTime:0.000772s ]
SQL: SHOW COLUMNS FROM `member` [ RunTime:0.004175s ]
SQL: SELECT status FROM  `member` WHERE id =  '8' [ RunTime:0.000276s ]
SQL: SELECT permissions FROM `member` WHERE id = '8' [ RunTime:0.000194s ]
SQL: SELECT id, username, permissions, status FROM  `member` ORDER BY id DESC LIMIT 0, 10 [ RunTime:0.000236s ]
SQL: SELECT COUNT(*) FROM  `member` [ RunTime:0.000175s ]
INFO: [ view_parse ] --START--
INFO: [ template_filter ] --START--
INFO: Run Behavior\ContentReplaceBehavior [ RunTime:0.000122s ]
INFO: [ template_filter ] --END-- [ RunTime:0.000220s ]
INFO: Run Behavior\ParseTemplateBehavior [ RunTime:0.015833s ]
INFO: [ view_parse ] --END-- [ RunTime:0.015925s ]
INFO: [ view_filter ] --START--
INFO: Run Behavior\WriteHtmlCacheBehavior [ RunTime:0.000459s ]
INFO: [ view_filter ] --END-- [ RunTime:0.000541s ]
INFO: [ app_end ] --START--
INFO: Run Behavior\ShowPageTraceBehavior [ RunTime:0.000680s ]
INFO: [ app_end ] --END-- [ RunTime:0.000767s ]

[ 2014-12-29T19:32:47+08:00 ] 127.0.0.1 /contest/index.php?s=/Home/Admin/user/page/1.html
INFO: [ app_init ] --START--
INFO: Run Behavior\BuildLiteBehavior [ RunTime:0.000021s ]
INFO: [ app_init ] --END-- [ RunTime:0.000406s ]
INFO: [ app_begin ] --START--
INFO: Run Behavior\ReadHtmlCacheBehavior [ RunTime:0.000469s ]
INFO: [ app_begin ] --END-- [ RunTime:0.000558s ]
SQL: SHOW COLUMNS FROM `member` [ RunTime:0.003640s ]
SQL: SELECT status FROM  `member` WHERE id =  '8' [ RunTime:0.000289s ]
SQL: SELECT permissions FROM `member` WHERE id = '8' [ RunTime:0.000188s ]
SQL: SELECT id, username, permissions, status FROM  `member` ORDER BY id DESC LIMIT 0, 10 [ RunTime:0.000229s ]
SQL: SELECT COUNT(*) FROM  `member` [ RunTime:0.000164s ]
INFO: [ view_parse ] --START--
INFO: [ template_filter ] --START--
INFO: Run Behavior\ContentReplaceBehavior [ RunTime:0.000126s ]
INFO: [ template_filter ] --END-- [ RunTime:0.000216s ]
INFO: Run Behavior\ParseTemplateBehavior [ RunTime:0.015097s ]
INFO: [ view_parse ] --END-- [ RunTime:0.015189s ]
INFO: [ view_filter ] --START--
INFO: Run Behavior\WriteHtmlCacheBehavior [ RunTime:0.000399s ]
INFO: [ view_filter ] --END-- [ RunTime:0.000472s ]
INFO: [ app_end ] --START--
INFO: Run Behavior\ShowPageTraceBehavior [ RunTime:0.000551s ]
INFO: [ app_end ] --END-- [ RunTime:0.000620s ]

[ 2014-12-29T19:32:47+08:00 ] 127.0.0.1 /contest/index.php?s=/Home/Admin/article/page/1.html
INFO: [ app_init ] --START--
INFO: Run Behavior\BuildLiteBehavior [ RunTime:0.000029s ]
INFO: [ app_init ] --END-- [ RunTime:0.000432s ]
INFO: [ app_begin ] --START--
INFO: Run Behavior\ReadHtmlCacheBehavior [ RunTime:0.000567s ]
INFO: [ app_begin ] --END-- [ RunTime:0.000688s ]
SQL: SHOW COLUMNS FROM `member` [ RunTime:0.003812s ]
SQL: SELECT status FROM  `member` WHERE id =  '8' [ RunTime:0.000310s ]
SQL: SELECT permissions FROM `member` WHERE id = '8' [ RunTime:0.000211s ]
SQL: SHOW COLUMNS FROM `article` [ RunTime:0.003571s ]
SQL: SELECT id, uid, title, class, time FROM `article` ORDER BY id DESC LIMIT 0, 10 [ RunTime:0.000343s ]
SQL: SHOW COLUMNS FROM `category` [ RunTime:0.003739s ]
SQL: SELECT meaning m FROM  `category` WHERE class = '3' [ RunTime:0.000290s ]
SQL: SELECT meaning m FROM  `category` WHERE class = '4' [ RunTime:0.000212s ]
SQL: SELECT meaning m FROM  `category` WHERE class = '2' [ RunTime:0.000187s ]
SQL: SELECT meaning m FROM  `category` WHERE class = '6' [ RunTime:0.000183s ]
SQL: SELECT meaning m FROM  `category` WHERE class = '5' [ RunTime:0.000221s ]
SQL: SELECT meaning m FROM  `category` WHERE class = '10' [ RunTime:0.000187s ]
SQL: SELECT meaning m FROM  `category` WHERE class = '7' [ RunTime:0.000180s ]
SQL: SELECT meaning m FROM  `category` WHERE class = '8' [ RunTime:0.000212s ]
SQL: SELECT meaning m FROM  `category` WHERE class = '2' [ RunTime:0.000188s ]
SQL: SELECT username FROM  `member` WHERE id =  '8' [ RunTime:0.000188s ]
SQL: SELECT username FROM  `member` WHERE id =  '8' [ RunTime:0.000178s ]
SQL: SELECT username FROM  `member` WHERE id =  '8' [ RunTime:0.000180s ]
SQL: SELECT username FROM  `member` WHERE id =  '8' [ RunTime:0.000175s ]
SQL: SELECT username FROM  `member` WHERE id =  '8' [ RunTime:0.000173s ]
SQL: SELECT username FROM  `member` WHERE id =  '8' [ RunTime:0.000180s ]
SQL: SELECT username FROM  `member` WHERE id =  '8' [ RunTime:0.000175s ]
SQL: SELECT username FROM  `member` WHERE id =  '8' [ RunTime:0.000173s ]
SQL: SELECT username FROM  `member` WHERE id =  '1' [ RunTime:0.000174s ]
SQL: SELECT COUNT(*) FROM `article`  [ RunTime:0.000189s ]
INFO: [ view_parse ] --START--
INFO: [ template_filter ] --START--
INFO: Run Behavior\ContentReplaceBehavior [ RunTime:0.000117s ]
INFO: [ template_filter ] --END-- [ RunTime:0.000208s ]
INFO: Run Behavior\ParseTemplateBehavior [ RunTime:0.016018s ]
INFO: [ view_parse ] --END-- [ RunTime:0.016126s ]
INFO: [ view_filter ] --START--
INFO: Run Behavior\WriteHtmlCacheBehavior [ RunTime:0.000375s ]
INFO: [ view_filter ] --END-- [ RunTime:0.000453s ]
INFO: [ app_end ] --START--
INFO: Run Behavior\ShowPageTraceBehavior [ RunTime:0.000584s ]
INFO: [ app_end ] --END-- [ RunTime:0.000658s ]

[ 2014-12-29T19:32:48+08:00 ] 127.0.0.1 /contest/index.php?s=/Home/Admin/category.html
INFO: [ app_init ] --START--
INFO: Run Behavior\BuildLiteBehavior [ RunTime:0.000022s ]
INFO: [ app_init ] --END-- [ RunTime:0.000380s ]
INFO: [ app_begin ] --START--
INFO: Run Behavior\ReadHtmlCacheBehavior [ RunTime:0.000508s ]
INFO: [ app_begin ] --END-- [ RunTime:0.000610s ]
SQL: SHOW COLUMNS FROM `member` [ RunTime:0.003777s ]
SQL: SELECT status FROM  `member` WHERE id =  '8' [ RunTime:0.000310s ]
SQL: SELECT permissions FROM `member` WHERE id = '8' [ RunTime:0.000237s ]
SQL: SHOW COLUMNS FROM `category` [ RunTime:0.003202s ]
SQL: SELECT * FROM  `category` ORDER BY class ASC [ RunTime:0.000336s ]
INFO: [ view_parse ] --START--
INFO: [ template_filter ] --START--
INFO: Run Behavior\ContentReplaceBehavior [ RunTime:0.000110s ]
INFO: [ template_filter ] --END-- [ RunTime:0.000196s ]
NOTIC: [8] Undefined variable: page D:\wamp\www\contest\Application\Runtime\Cache\Home\751e6ec69973a9880bfad664f773ab35.php 第 52 行.
NOTIC: [8] Undefined variable: page D:\wamp\www\contest\Application\Runtime\Cache\Home\751e6ec69973a9880bfad664f773ab35.php 第 53 行.
NOTIC: [8] Undefined variable: page D:\wamp\www\contest\Application\Runtime\Cache\Home\751e6ec69973a9880bfad664f773ab35.php 第 54 行.
NOTIC: [8] Undefined variable: page D:\wamp\www\contest\Application\Runtime\Cache\Home\751e6ec69973a9880bfad664f773ab35.php 第 54 行.
NOTIC: [8] Undefined variable: page D:\wamp\www\contest\Application\Runtime\Cache\Home\751e6ec69973a9880bfad664f773ab35.php 第 56 行.
NOTIC: [8] Undefined variable: page D:\wamp\www\contest\Application\Runtime\Cache\Home\751e6ec69973a9880bfad664f773ab35.php 第 56 行.
NOTIC: [8] Undefined variable: page D:\wamp\www\contest\Application\Runtime\Cache\Home\751e6ec69973a9880bfad664f773ab35.php 第 59 行.
NOTIC: [8] Undefined variable: page D:\wamp\www\contest\Application\Runtime\Cache\Home\751e6ec69973a9880bfad664f773ab35.php 第 63 行.
NOTIC: [8] Undefined variable: page D:\wamp\www\contest\Application\Runtime\Cache\Home\751e6ec69973a9880bfad664f773ab35.php 第 65 行.
NOTIC: [8] Undefined variable: page D:\wamp\www\contest\Application\Runtime\Cache\Home\751e6ec69973a9880bfad664f773ab35.php 第 65 行.
NOTIC: [8] Undefined variable: page D:\wamp\www\contest\Application\Runtime\Cache\Home\751e6ec69973a9880bfad664f773ab35.php 第 66 行.
INFO: Run Behavior\ParseTemplateBehavior [ RunTime:0.014458s ]
INFO: [ view_parse ] --END-- [ RunTime:0.014563s ]
INFO: [ view_filter ] --START--
INFO: Run Behavior\WriteHtmlCacheBehavior [ RunTime:0.000529s ]
INFO: [ view_filter ] --END-- [ RunTime:0.000630s ]
INFO: [ app_end ] --START--
INFO: Run Behavior\ShowPageTraceBehavior [ RunTime:0.000640s ]
INFO: [ app_end ] --END-- [ RunTime:0.000741s ]

[ 2014-12-29T19:32:48+08:00 ] 127.0.0.1 /contest/index.php?s=/Home/Admin/article/page/1.html
INFO: [ app_init ] --START--
INFO: Run Behavior\BuildLiteBehavior [ RunTime:0.000023s ]
INFO: [ app_init ] --END-- [ RunTime:0.000418s ]
INFO: [ app_begin ] --START--
INFO: Run Behavior\ReadHtmlCacheBehavior [ RunTime:0.000526s ]
INFO: [ app_begin ] --END-- [ RunTime:0.000611s ]
SQL: SHOW COLUMNS FROM `member` [ RunTime:0.004134s ]
SQL: SELECT status FROM  `member` WHERE id =  '8' [ RunTime:0.000327s ]
SQL: SELECT permissions FROM `member` WHERE id = '8' [ RunTime:0.000221s ]
SQL: SHOW COLUMNS FROM `article` [ RunTime:0.003352s ]
SQL: SELECT id, uid, title, class, time FROM `article` ORDER BY id DESC LIMIT 0, 10 [ RunTime:0.000386s ]
SQL: SHOW COLUMNS FROM `category` [ RunTime:0.003442s ]
SQL: SELECT meaning m FROM  `category` WHERE class = '3' [ RunTime:0.000282s ]
SQL: SELECT meaning m FROM  `category` WHERE class = '4' [ RunTime:0.000196s ]
SQL: SELECT meaning m FROM  `category` WHERE class = '2' [ RunTime:0.000186s ]
SQL: SELECT meaning m FROM  `category` WHERE class = '6' [ RunTime:0.000183s ]
SQL: SELECT meaning m FROM  `category` WHERE class = '5' [ RunTime:0.000184s ]
SQL: SELECT meaning m FROM  `category` WHERE class = '10' [ RunTime:0.000182s ]
SQL: SELECT meaning m FROM  `category` WHERE class = '7' [ RunTime:0.000179s ]
SQL: SELECT meaning m FROM  `category` WHERE class = '8' [ RunTime:0.000205s ]
SQL: SELECT meaning m FROM  `category` WHERE class = '2' [ RunTime:0.000184s ]
SQL: SELECT username FROM  `member` WHERE id =  '8' [ RunTime:0.000190s ]
SQL: SELECT username FROM  `member` WHERE id =  '8' [ RunTime:0.000177s ]
SQL: SELECT username FROM  `member` WHERE id =  '8' [ RunTime:0.000186s ]
SQL: SELECT username FROM  `member` WHERE id =  '8' [ RunTime:0.000175s ]
SQL: SELECT username FROM  `member` WHERE id =  '8' [ RunTime:0.000173s ]
SQL: SELECT username FROM  `member` WHERE id =  '8' [ RunTime:0.000187s ]
SQL: SELECT username FROM  `member` WHERE id =  '8' [ RunTime:0.000185s ]
SQL: SELECT username FROM  `member` WHERE id =  '8' [ RunTime:0.000191s ]
SQL: SELECT username FROM  `member` WHERE id =  '1' [ RunTime:0.000184s ]
SQL: SELECT COUNT(*) FROM `article`  [ RunTime:0.000195s ]
INFO: [ view_parse ] --START--
INFO: [ template_filter ] --START--
INFO: Run Behavior\ContentReplaceBehavior [ RunTime:0.000122s ]
INFO: [ template_filter ] --END-- [ RunTime:0.000220s ]
INFO: Run Behavior\ParseTemplateBehavior [ RunTime:0.017696s ]
INFO: [ view_parse ] --END-- [ RunTime:0.017793s ]
INFO: [ view_filter ] --START--
INFO: Run Behavior\WriteHtmlCacheBehavior [ RunTime:0.000381s ]
INFO: [ view_filter ] --END-- [ RunTime:0.000458s ]
INFO: [ app_end ] --START--
INFO: Run Behavior\ShowPageTraceBehavior [ RunTime:0.000657s ]
INFO: [ app_end ] --END-- [ RunTime:0.000757s ]

[ 2014-12-29T19:32:49+08:00 ] 127.0.0.1 /contest/index.php?s=/Home/Admin/user/page/1.html
INFO: [ app_init ] --START--
INFO: Run Behavior\BuildLiteBehavior [ RunTime:0.000023s ]
INFO: [ app_init ] --END-- [ RunTime:0.000395s ]
INFO: [ app_begin ] --START--
INFO: Run Behavior\ReadHtmlCacheBehavior [ RunTime:0.000499s ]
INFO: [ app_begin ] --END-- [ RunTime:0.000576s ]
SQL: SHOW COLUMNS FROM `member` [ RunTime:0.003742s ]
SQL: SELECT status FROM  `member` WHERE id =  '8' [ RunTime:0.000341s ]
SQL: SELECT permissions FROM `member` WHERE id = '8' [ RunTime:0.000190s ]
SQL: SELECT id, username, permissions, status FROM  `member` ORDER BY id DESC LIMIT 0, 10 [ RunTime:0.000235s ]
SQL: SELECT COUNT(*) FROM  `member` [ RunTime:0.000180s ]
INFO: [ view_parse ] --START--
INFO: [ template_filter ] --START--
INFO: Run Behavior\ContentReplaceBehavior [ RunTime:0.000129s ]
INFO: [ template_filter ] --END-- [ RunTime:0.000223s ]
INFO: Run Behavior\ParseTemplateBehavior [ RunTime:0.017723s ]
INFO: [ view_parse ] --END-- [ RunTime:0.017838s ]
INFO: [ view_filter ] --START--
INFO: Run Behavior\WriteHtmlCacheBehavior [ RunTime:0.000394s ]
INFO: [ view_filter ] --END-- [ RunTime:0.000476s ]
INFO: [ app_end ] --START--
INFO: Run Behavior\ShowPageTraceBehavior [ RunTime:0.000619s ]
INFO: [ app_end ] --END-- [ RunTime:0.000707s ]

[ 2014-12-29T19:33:01+08:00 ] 127.0.0.1 /contest/index.php?s=/Home/Admin/accredit.html
INFO: [ app_init ] --START--
INFO: Run Behavior\BuildLiteBehavior [ RunTime:0.000024s ]
INFO: [ app_init ] --END-- [ RunTime:0.000397s ]
INFO: [ app_begin ] --START--
INFO: Run Behavior\ReadHtmlCacheBehavior [ RunTime:0.000566s ]
INFO: [ app_begin ] --END-- [ RunTime:0.000642s ]
SQL: SHOW COLUMNS FROM `member` [ RunTime:0.003505s ]
SQL: SELECT status FROM  `member` WHERE id =  '8' [ RunTime:0.000352s ]
SQL: SELECT permissions FROM `member` WHERE id = '8' [ RunTime:0.000229s ]
NOTIC: [8] Undefined index: page D:\wamp\www\contest\Application\Home\Controller\AdminController.class.php 第 283 行.
SQL: UPDATE `member` SET `permissions`=1 WHERE ( id = '9' ) [ RunTime:0.001547s ]

[ 2014-12-29T19:33:02+08:00 ] 127.0.0.1 /contest/index.php?s=/Home/Admin/user/page/1.html
INFO: [ app_init ] --START--
INFO: Run Behavior\BuildLiteBehavior [ RunTime:0.000028s ]
INFO: [ app_init ] --END-- [ RunTime:0.000771s ]
INFO: [ app_begin ] --START--
INFO: Run Behavior\ReadHtmlCacheBehavior [ RunTime:0.000648s ]
INFO: [ app_begin ] --END-- [ RunTime:0.000770s ]
SQL: SHOW COLUMNS FROM `member` [ RunTime:0.006512s ]
SQL: SELECT status FROM  `member` WHERE id =  '8' [ RunTime:0.000278s ]
SQL: SELECT permissions FROM `member` WHERE id = '8' [ RunTime:0.000199s ]
SQL: SELECT id, username, permissions, status FROM  `member` ORDER BY id DESC LIMIT 0, 10 [ RunTime:0.000267s ]
SQL: SELECT COUNT(*) FROM  `member` [ RunTime:0.000185s ]
INFO: [ view_parse ] --START--
INFO: [ template_filter ] --START--
INFO: Run Behavior\ContentReplaceBehavior [ RunTime:0.000187s ]
INFO: [ template_filter ] --END-- [ RunTime:0.000413s ]
INFO: Run Behavior\ParseTemplateBehavior [ RunTime:0.015890s ]
INFO: [ view_parse ] --END-- [ RunTime:0.015980s ]
INFO: [ view_filter ] --START--
INFO: Run Behavior\WriteHtmlCacheBehavior [ RunTime:0.000480s ]
INFO: [ view_filter ] --END-- [ RunTime:0.000564s ]
INFO: [ app_end ] --START--
INFO: Run Behavior\ShowPageTraceBehavior [ RunTime:0.000596s ]
INFO: [ app_end ] --END-- [ RunTime:0.000665s ]

