[ 2014-12-05T22:31:27+08:00 ] ::1 /contest/index.php?s=/Home/Center/uploadArticle
INFO: [ app_init ] --START--
INFO: Run Behavior\BuildLiteBehavior [ RunTime:0.000021s ]
INFO: [ app_init ] --END-- [ RunTime:0.000520s ]
INFO: [ app_begin ] --START--
INFO: Run Behavior\ReadHtmlCacheBehavior [ RunTime:0.000796s ]
INFO: [ app_begin ] --END-- [ RunTime:0.000911s ]
INFO: [ view_parse ] --START--
INFO: [ template_filter ] --START--
INFO: Run Behavior\ContentReplaceBehavior [ RunTime:0.000110s ]
INFO: [ template_filter ] --END-- [ RunTime:0.000256s ]
INFO: Run Behavior\ParseTemplateBehavior [ RunTime:0.080294s ]
INFO: [ view_parse ] --END-- [ RunTime:0.080431s ]
INFO: [ view_filter ] --START--
INFO: Run Behavior\WriteHtmlCacheBehavior [ RunTime:0.001472s ]
INFO: [ view_filter ] --END-- [ RunTime:0.001592s ]

[ 2014-12-05T22:31:30+08:00 ] ::1 /contest/index.php?s=/Home/Index/index.html
INFO: [ app_init ] --START--
INFO: Run Behavior\BuildLiteBehavior [ RunTime:0.000035s ]
INFO: [ app_init ] --END-- [ RunTime:0.000664s ]
INFO: [ app_begin ] --START--
INFO: Run Behavior\ReadHtmlCacheBehavior [ RunTime:0.001067s ]
INFO: [ app_begin ] --END-- [ RunTime:0.001212s ]
INFO: [ view_parse ] --START--
INFO: [ template_filter ] --START--
INFO: Run Behavior\ContentReplaceBehavior [ RunTime:0.000172s ]
INFO: [ template_filter ] --END-- [ RunTime:0.000307s ]
INFO: Run Behavior\ParseTemplateBehavior [ RunTime:0.058577s ]
INFO: [ view_parse ] --END-- [ RunTime:0.058691s ]
INFO: [ view_filter ] --START--
INFO: Run Behavior\WriteHtmlCacheBehavior [ RunTime:0.000421s ]
INFO: [ view_filter ] --END-- [ RunTime:0.000487s ]
INFO: [ app_end ] --START--
INFO: Run Behavior\ShowPageTraceBehavior [ RunTime:0.028296s ]
INFO: [ app_end ] --END-- [ RunTime:0.028708s ]

[ 2014-12-05T22:32:06+08:00 ] ::1 /contest/index.php?s=/Home/Admin/index.html
INFO: [ app_init ] --START--
INFO: Run Behavior\BuildLiteBehavior [ RunTime:0.000035s ]
INFO: [ app_init ] --END-- [ RunTime:0.000655s ]
INFO: [ app_begin ] --START--
INFO: Run Behavior\ReadHtmlCacheBehavior [ RunTime:0.001465s ]
INFO: [ app_begin ] --END-- [ RunTime:0.001612s ]
INFO: [ view_parse ] --START--
INFO: [ template_filter ] --START--
INFO: Run Behavior\ContentReplaceBehavior [ RunTime:0.000104s ]
INFO: [ template_filter ] --END-- [ RunTime:0.000242s ]
NOTIC: [8] Undefined variable: navJudge G:\wamp\www\contest\Application\Runtime\Cache\Home\97d11002f3df0d2ee86f1b610be029f7.php 第 18 行.
NOTIC: [8] Undefined variable: navJudge G:\wamp\www\contest\Application\Runtime\Cache\Home\97d11002f3df0d2ee86f1b610be029f7.php 第 19 行.
NOTIC: [8] Undefined variable: navJudge G:\wamp\www\contest\Application\Runtime\Cache\Home\97d11002f3df0d2ee86f1b610be029f7.php 第 20 行.
NOTIC: [8] Undefined variable: navJudge G:\wamp\www\contest\Application\Runtime\Cache\Home\97d11002f3df0d2ee86f1b610be029f7.php 第 21 行.
INFO: Run Behavior\ParseTemplateBehavior [ RunTime:0.031928s ]
INFO: [ view_parse ] --END-- [ RunTime:0.032062s ]
INFO: [ view_filter ] --START--
INFO: Run Behavior\WriteHtmlCacheBehavior [ RunTime:0.004219s ]
INFO: [ view_filter ] --END-- [ RunTime:0.004342s ]
INFO: [ app_end ] --START--
INFO: Run Behavior\ShowPageTraceBehavior [ RunTime:0.001839s ]
INFO: [ app_end ] --END-- [ RunTime:0.001971s ]

[ 2014-12-05T22:32:10+08:00 ] ::1 /contest/index.php?s=/Home/Admin/user.html
INFO: [ app_init ] --START--
INFO: Run Behavior\BuildLiteBehavior [ RunTime:0.000030s ]
INFO: [ app_init ] --END-- [ RunTime:0.000620s ]
INFO: [ app_begin ] --START--
INFO: Run Behavior\ReadHtmlCacheBehavior [ RunTime:0.001028s ]
INFO: [ app_begin ] --END-- [ RunTime:0.001166s ]
INFO: [ view_parse ] --START--
INFO: [ template_filter ] --START--
INFO: Run Behavior\ContentReplaceBehavior [ RunTime:0.000148s ]
INFO: [ template_filter ] --END-- [ RunTime:0.000287s ]
NOTIC: [8] Undefined variable: navJudge G:\wamp\www\contest\Application\Runtime\Cache\Home\f785edb93496f1d9c808e3aae9a23644.php 第 20 行.
NOTIC: [8] Undefined variable: navJudge G:\wamp\www\contest\Application\Runtime\Cache\Home\f785edb93496f1d9c808e3aae9a23644.php 第 21 行.
NOTIC: [8] Undefined variable: navJudge G:\wamp\www\contest\Application\Runtime\Cache\Home\f785edb93496f1d9c808e3aae9a23644.php 第 22 行.
NOTIC: [8] Undefined variable: navJudge G:\wamp\www\contest\Application\Runtime\Cache\Home\f785edb93496f1d9c808e3aae9a23644.php 第 23 行.
NOTIC: [8] Undefined variable: page G:\wamp\www\contest\Application\Runtime\Cache\Home\f785edb93496f1d9c808e3aae9a23644.php 第 49 行.
NOTIC: [8] Undefined variable: page G:\wamp\www\contest\Application\Runtime\Cache\Home\f785edb93496f1d9c808e3aae9a23644.php 第 50 行.
NOTIC: [8] Undefined variable: page G:\wamp\www\contest\Application\Runtime\Cache\Home\f785edb93496f1d9c808e3aae9a23644.php 第 51 行.
NOTIC: [8] Undefined variable: page G:\wamp\www\contest\Application\Runtime\Cache\Home\f785edb93496f1d9c808e3aae9a23644.php 第 51 行.
NOTIC: [8] Undefined variable: page G:\wamp\www\contest\Application\Runtime\Cache\Home\f785edb93496f1d9c808e3aae9a23644.php 第 53 行.
NOTIC: [8] Undefined variable: page G:\wamp\www\contest\Application\Runtime\Cache\Home\f785edb93496f1d9c808e3aae9a23644.php 第 53 行.
NOTIC: [8] Undefined variable: page G:\wamp\www\contest\Application\Runtime\Cache\Home\f785edb93496f1d9c808e3aae9a23644.php 第 56 行.
NOTIC: [8] Undefined variable: page G:\wamp\www\contest\Application\Runtime\Cache\Home\f785edb93496f1d9c808e3aae9a23644.php 第 60 行.
NOTIC: [8] Undefined variable: page G:\wamp\www\contest\Application\Runtime\Cache\Home\f785edb93496f1d9c808e3aae9a23644.php 第 62 行.
NOTIC: [8] Undefined variable: page G:\wamp\www\contest\Application\Runtime\Cache\Home\f785edb93496f1d9c808e3aae9a23644.php 第 62 行.
NOTIC: [8] Undefined variable: page G:\wamp\www\contest\Application\Runtime\Cache\Home\f785edb93496f1d9c808e3aae9a23644.php 第 63 行.
INFO: Run Behavior\ParseTemplateBehavior [ RunTime:0.147520s ]
INFO: [ view_parse ] --END-- [ RunTime:0.147647s ]
INFO: [ view_filter ] --START--
INFO: Run Behavior\WriteHtmlCacheBehavior [ RunTime:0.000943s ]
INFO: [ view_filter ] --END-- [ RunTime:0.003006s ]
INFO: [ app_end ] --START--
INFO: Run Behavior\ShowPageTraceBehavior [ RunTime:0.002844s ]
INFO: [ app_end ] --END-- [ RunTime:0.002976s ]

[ 2014-12-05T22:32:15+08:00 ] ::1 /contest/index.php?s=/Home/Admin/article.html
INFO: [ app_init ] --START--
INFO: Run Behavior\BuildLiteBehavior [ RunTime:0.000033s ]
INFO: [ app_init ] --END-- [ RunTime:0.000645s ]
INFO: [ app_begin ] --START--
INFO: Run Behavior\ReadHtmlCacheBehavior [ RunTime:0.001015s ]
INFO: [ app_begin ] --END-- [ RunTime:0.001152s ]
INFO: [ view_parse ] --START--
INFO: [ template_filter ] --START--
INFO: Run Behavior\ContentReplaceBehavior [ RunTime:0.000146s ]
INFO: [ template_filter ] --END-- [ RunTime:0.000293s ]
NOTIC: [8] Undefined variable: navJudge G:\wamp\www\contest\Application\Runtime\Cache\Home\de6a0cee7ed3e97f8d8a477570608000.php 第 20 行.
NOTIC: [8] Undefined variable: navJudge G:\wamp\www\contest\Application\Runtime\Cache\Home\de6a0cee7ed3e97f8d8a477570608000.php 第 21 行.
NOTIC: [8] Undefined variable: navJudge G:\wamp\www\contest\Application\Runtime\Cache\Home\de6a0cee7ed3e97f8d8a477570608000.php 第 22 行.
NOTIC: [8] Undefined variable: navJudge G:\wamp\www\contest\Application\Runtime\Cache\Home\de6a0cee7ed3e97f8d8a477570608000.php 第 23 行.
NOTIC: [8] Undefined variable: page G:\wamp\www\contest\Application\Runtime\Cache\Home\de6a0cee7ed3e97f8d8a477570608000.php 第 49 行.
NOTIC: [8] Undefined variable: page G:\wamp\www\contest\Application\Runtime\Cache\Home\de6a0cee7ed3e97f8d8a477570608000.php 第 50 行.
NOTIC: [8] Undefined variable: page G:\wamp\www\contest\Application\Runtime\Cache\Home\de6a0cee7ed3e97f8d8a477570608000.php 第 51 行.
NOTIC: [8] Undefined variable: page G:\wamp\www\contest\Application\Runtime\Cache\Home\de6a0cee7ed3e97f8d8a477570608000.php 第 51 行.
NOTIC: [8] Undefined variable: page G:\wamp\www\contest\Application\Runtime\Cache\Home\de6a0cee7ed3e97f8d8a477570608000.php 第 53 行.
NOTIC: [8] Undefined variable: page G:\wamp\www\contest\Application\Runtime\Cache\Home\de6a0cee7ed3e97f8d8a477570608000.php 第 53 行.
NOTIC: [8] Undefined variable: page G:\wamp\www\contest\Application\Runtime\Cache\Home\de6a0cee7ed3e97f8d8a477570608000.php 第 56 行.
NOTIC: [8] Undefined variable: page G:\wamp\www\contest\Application\Runtime\Cache\Home\de6a0cee7ed3e97f8d8a477570608000.php 第 60 行.
NOTIC: [8] Undefined variable: page G:\wamp\www\contest\Application\Runtime\Cache\Home\de6a0cee7ed3e97f8d8a477570608000.php 第 62 行.
NOTIC: [8] Undefined variable: page G:\wamp\www\contest\Application\Runtime\Cache\Home\de6a0cee7ed3e97f8d8a477570608000.php 第 62 行.
NOTIC: [8] Undefined variable: page G:\wamp\www\contest\Application\Runtime\Cache\Home\de6a0cee7ed3e97f8d8a477570608000.php 第 63 行.
INFO: Run Behavior\ParseTemplateBehavior [ RunTime:0.074538s ]
INFO: [ view_parse ] --END-- [ RunTime:0.074660s ]
INFO: [ view_filter ] --START--
INFO: Run Behavior\WriteHtmlCacheBehavior [ RunTime:0.000979s ]
INFO: [ view_filter ] --END-- [ RunTime:0.001090s ]
INFO: [ app_end ] --START--
INFO: Run Behavior\ShowPageTraceBehavior [ RunTime:0.011646s ]
INFO: [ app_end ] --END-- [ RunTime:0.011793s ]

[ 2014-12-05T22:32:16+08:00 ] ::1 /contest/index.php?s=/Home/Admin/category.html
INFO: [ app_init ] --START--
INFO: Run Behavior\BuildLiteBehavior [ RunTime:0.000034s ]
INFO: [ app_init ] --END-- [ RunTime:0.000688s ]
INFO: [ app_begin ] --START--
INFO: Run Behavior\ReadHtmlCacheBehavior [ RunTime:0.001046s ]
INFO: [ app_begin ] --END-- [ RunTime:0.001194s ]
INFO: [ view_parse ] --START--
INFO: [ template_filter ] --START--
INFO: Run Behavior\ContentReplaceBehavior [ RunTime:0.000179s ]
INFO: [ template_filter ] --END-- [ RunTime:0.000331s ]
NOTIC: [8] Undefined variable: navJudge G:\wamp\www\contest\Application\Runtime\Cache\Home\afcf5f43e7a9e382d96eb8f753efc998.php 第 20 行.
NOTIC: [8] Undefined variable: navJudge G:\wamp\www\contest\Application\Runtime\Cache\Home\afcf5f43e7a9e382d96eb8f753efc998.php 第 21 行.
NOTIC: [8] Undefined variable: navJudge G:\wamp\www\contest\Application\Runtime\Cache\Home\afcf5f43e7a9e382d96eb8f753efc998.php 第 22 行.
NOTIC: [8] Undefined variable: navJudge G:\wamp\www\contest\Application\Runtime\Cache\Home\afcf5f43e7a9e382d96eb8f753efc998.php 第 23 行.
NOTIC: [8] Undefined variable: page G:\wamp\www\contest\Application\Runtime\Cache\Home\afcf5f43e7a9e382d96eb8f753efc998.php 第 49 行.
NOTIC: [8] Undefined variable: page G:\wamp\www\contest\Application\Runtime\Cache\Home\afcf5f43e7a9e382d96eb8f753efc998.php 第 50 行.
NOTIC: [8] Undefined variable: page G:\wamp\www\contest\Application\Runtime\Cache\Home\afcf5f43e7a9e382d96eb8f753efc998.php 第 51 行.
NOTIC: [8] Undefined variable: page G:\wamp\www\contest\Application\Runtime\Cache\Home\afcf5f43e7a9e382d96eb8f753efc998.php 第 51 行.
NOTIC: [8] Undefined variable: page G:\wamp\www\contest\Application\Runtime\Cache\Home\afcf5f43e7a9e382d96eb8f753efc998.php 第 53 行.
NOTIC: [8] Undefined variable: page G:\wamp\www\contest\Application\Runtime\Cache\Home\afcf5f43e7a9e382d96eb8f753efc998.php 第 53 行.
NOTIC: [8] Undefined variable: page G:\wamp\www\contest\Application\Runtime\Cache\Home\afcf5f43e7a9e382d96eb8f753efc998.php 第 56 行.
NOTIC: [8] Undefined variable: page G:\wamp\www\contest\Application\Runtime\Cache\Home\afcf5f43e7a9e382d96eb8f753efc998.php 第 60 行.
NOTIC: [8] Undefined variable: page G:\wamp\www\contest\Application\Runtime\Cache\Home\afcf5f43e7a9e382d96eb8f753efc998.php 第 62 行.
NOTIC: [8] Undefined variable: page G:\wamp\www\contest\Application\Runtime\Cache\Home\afcf5f43e7a9e382d96eb8f753efc998.php 第 62 行.
NOTIC: [8] Undefined variable: page G:\wamp\www\contest\Application\Runtime\Cache\Home\afcf5f43e7a9e382d96eb8f753efc998.php 第 63 行.
INFO: Run Behavior\ParseTemplateBehavior [ RunTime:0.117877s ]
INFO: [ view_parse ] --END-- [ RunTime:0.118006s ]
INFO: [ view_filter ] --START--
INFO: Run Behavior\WriteHtmlCacheBehavior [ RunTime:0.003272s ]
INFO: [ view_filter ] --END-- [ RunTime:0.003411s ]
INFO: [ app_end ] --START--
INFO: Run Behavior\ShowPageTraceBehavior [ RunTime:0.005952s ]
INFO: [ app_end ] --END-- [ RunTime:0.006128s ]

[ 2014-12-05T22:32:16+08:00 ] ::1 /contest/index.php?s=/Home/Admin/article.html
INFO: [ app_init ] --START--
INFO: Run Behavior\BuildLiteBehavior [ RunTime:0.000031s ]
INFO: [ app_init ] --END-- [ RunTime:0.000604s ]
INFO: [ app_begin ] --START--
INFO: Run Behavior\ReadHtmlCacheBehavior [ RunTime:0.000986s ]
INFO: [ app_begin ] --END-- [ RunTime:0.001107s ]
INFO: [ view_parse ] --START--
INFO: [ template_filter ] --START--
INFO: Run Behavior\ContentReplaceBehavior [ RunTime:0.000148s ]
INFO: [ template_filter ] --END-- [ RunTime:0.000288s ]
NOTIC: [8] Undefined variable: navJudge G:\wamp\www\contest\Application\Runtime\Cache\Home\de6a0cee7ed3e97f8d8a477570608000.php 第 20 行.
NOTIC: [8] Undefined variable: navJudge G:\wamp\www\contest\Application\Runtime\Cache\Home\de6a0cee7ed3e97f8d8a477570608000.php 第 21 行.
NOTIC: [8] Undefined variable: navJudge G:\wamp\www\contest\Application\Runtime\Cache\Home\de6a0cee7ed3e97f8d8a477570608000.php 第 22 行.
NOTIC: [8] Undefined variable: navJudge G:\wamp\www\contest\Application\Runtime\Cache\Home\de6a0cee7ed3e97f8d8a477570608000.php 第 23 行.
NOTIC: [8] Undefined variable: page G:\wamp\www\contest\Application\Runtime\Cache\Home\de6a0cee7ed3e97f8d8a477570608000.php 第 49 行.
NOTIC: [8] Undefined variable: page G:\wamp\www\contest\Application\Runtime\Cache\Home\de6a0cee7ed3e97f8d8a477570608000.php 第 50 行.
NOTIC: [8] Undefined variable: page G:\wamp\www\contest\Application\Runtime\Cache\Home\de6a0cee7ed3e97f8d8a477570608000.php 第 51 行.
NOTIC: [8] Undefined variable: page G:\wamp\www\contest\Application\Runtime\Cache\Home\de6a0cee7ed3e97f8d8a477570608000.php 第 51 行.
NOTIC: [8] Undefined variable: page G:\wamp\www\contest\Application\Runtime\Cache\Home\de6a0cee7ed3e97f8d8a477570608000.php 第 53 行.
NOTIC: [8] Undefined variable: page G:\wamp\www\contest\Application\Runtime\Cache\Home\de6a0cee7ed3e97f8d8a477570608000.php 第 53 行.
NOTIC: [8] Undefined variable: page G:\wamp\www\contest\Application\Runtime\Cache\Home\de6a0cee7ed3e97f8d8a477570608000.php 第 56 行.
NOTIC: [8] Undefined variable: page G:\wamp\www\contest\Application\Runtime\Cache\Home\de6a0cee7ed3e97f8d8a477570608000.php 第 60 行.
NOTIC: [8] Undefined variable: page G:\wamp\www\contest\Application\Runtime\Cache\Home\de6a0cee7ed3e97f8d8a477570608000.php 第 62 行.
NOTIC: [8] Undefined variable: page G:\wamp\www\contest\Application\Runtime\Cache\Home\de6a0cee7ed3e97f8d8a477570608000.php 第 62 行.
NOTIC: [8] Undefined variable: page G:\wamp\www\contest\Application\Runtime\Cache\Home\de6a0cee7ed3e97f8d8a477570608000.php 第 63 行.
INFO: Run Behavior\ParseTemplateBehavior [ RunTime:0.108152s ]
INFO: [ view_parse ] --END-- [ RunTime:0.108782s ]
INFO: [ view_filter ] --START--
INFO: Run Behavior\WriteHtmlCacheBehavior [ RunTime:0.002561s ]
INFO: [ view_filter ] --END-- [ RunTime:0.002703s ]
INFO: [ app_end ] --START--
INFO: Run Behavior\ShowPageTraceBehavior [ RunTime:0.002131s ]
INFO: [ app_end ] --END-- [ RunTime:0.002255s ]

[ 2014-12-05T22:32:17+08:00 ] ::1 /contest/index.php?s=/Home/Admin/user.html
INFO: [ app_init ] --START--
INFO: Run Behavior\BuildLiteBehavior [ RunTime:0.000156s ]
INFO: [ app_init ] --END-- [ RunTime:0.001878s ]
INFO: [ app_begin ] --START--
INFO: Run Behavior\ReadHtmlCacheBehavior [ RunTime:0.006149s ]
INFO: [ app_begin ] --END-- [ RunTime:0.007549s ]
INFO: [ view_parse ] --START--
INFO: [ template_filter ] --START--
INFO: Run Behavior\ContentReplaceBehavior [ RunTime:0.000228s ]
INFO: [ template_filter ] --END-- [ RunTime:0.000546s ]
NOTIC: [8] Undefined variable: navJudge G:\wamp\www\contest\Application\Runtime\Cache\Home\f785edb93496f1d9c808e3aae9a23644.php 第 20 行.
NOTIC: [8] Undefined variable: navJudge G:\wamp\www\contest\Application\Runtime\Cache\Home\f785edb93496f1d9c808e3aae9a23644.php 第 21 行.
NOTIC: [8] Undefined variable: navJudge G:\wamp\www\contest\Application\Runtime\Cache\Home\f785edb93496f1d9c808e3aae9a23644.php 第 22 行.
NOTIC: [8] Undefined variable: navJudge G:\wamp\www\contest\Application\Runtime\Cache\Home\f785edb93496f1d9c808e3aae9a23644.php 第 23 行.
NOTIC: [8] Undefined variable: page G:\wamp\www\contest\Application\Runtime\Cache\Home\f785edb93496f1d9c808e3aae9a23644.php 第 49 行.
NOTIC: [8] Undefined variable: page G:\wamp\www\contest\Application\Runtime\Cache\Home\f785edb93496f1d9c808e3aae9a23644.php 第 50 行.
NOTIC: [8] Undefined variable: page G:\wamp\www\contest\Application\Runtime\Cache\Home\f785edb93496f1d9c808e3aae9a23644.php 第 51 行.
NOTIC: [8] Undefined variable: page G:\wamp\www\contest\Application\Runtime\Cache\Home\f785edb93496f1d9c808e3aae9a23644.php 第 51 行.
NOTIC: [8] Undefined variable: page G:\wamp\www\contest\Application\Runtime\Cache\Home\f785edb93496f1d9c808e3aae9a23644.php 第 53 行.
NOTIC: [8] Undefined variable: page G:\wamp\www\contest\Application\Runtime\Cache\Home\f785edb93496f1d9c808e3aae9a23644.php 第 53 行.
NOTIC: [8] Undefined variable: page G:\wamp\www\contest\Application\Runtime\Cache\Home\f785edb93496f1d9c808e3aae9a23644.php 第 56 行.
NOTIC: [8] Undefined variable: page G:\wamp\www\contest\Application\Runtime\Cache\Home\f785edb93496f1d9c808e3aae9a23644.php 第 60 行.
NOTIC: [8] Undefined variable: page G:\wamp\www\contest\Application\Runtime\Cache\Home\f785edb93496f1d9c808e3aae9a23644.php 第 62 行.
NOTIC: [8] Undefined variable: page G:\wamp\www\contest\Application\Runtime\Cache\Home\f785edb93496f1d9c808e3aae9a23644.php 第 62 行.
NOTIC: [8] Undefined variable: page G:\wamp\www\contest\Application\Runtime\Cache\Home\f785edb93496f1d9c808e3aae9a23644.php 第 63 行.
INFO: Run Behavior\ParseTemplateBehavior [ RunTime:0.114813s ]
INFO: [ view_parse ] --END-- [ RunTime:0.115729s ]
INFO: [ view_filter ] --START--
INFO: Run Behavior\WriteHtmlCacheBehavior [ RunTime:0.001694s ]
INFO: [ view_filter ] --END-- [ RunTime:0.001817s ]
INFO: [ app_end ] --START--
INFO: Run Behavior\ShowPageTraceBehavior [ RunTime:0.002175s ]
INFO: [ app_end ] --END-- [ RunTime:0.002344s ]

[ 2014-12-05T22:32:17+08:00 ] ::1 /contest/index.php?s=/Home/Admin/article.html
INFO: [ app_init ] --START--
INFO: Run Behavior\BuildLiteBehavior [ RunTime:0.000040s ]
INFO: [ app_init ] --END-- [ RunTime:0.000701s ]
INFO: [ app_begin ] --START--
INFO: Run Behavior\ReadHtmlCacheBehavior [ RunTime:0.001099s ]
INFO: [ app_begin ] --END-- [ RunTime:0.001249s ]
INFO: [ view_parse ] --START--
INFO: [ template_filter ] --START--
INFO: Run Behavior\ContentReplaceBehavior [ RunTime:0.000153s ]
INFO: [ template_filter ] --END-- [ RunTime:0.000294s ]
NOTIC: [8] Undefined variable: navJudge G:\wamp\www\contest\Application\Runtime\Cache\Home\de6a0cee7ed3e97f8d8a477570608000.php 第 20 行.
NOTIC: [8] Undefined variable: navJudge G:\wamp\www\contest\Application\Runtime\Cache\Home\de6a0cee7ed3e97f8d8a477570608000.php 第 21 行.
NOTIC: [8] Undefined variable: navJudge G:\wamp\www\contest\Application\Runtime\Cache\Home\de6a0cee7ed3e97f8d8a477570608000.php 第 22 行.
NOTIC: [8] Undefined variable: navJudge G:\wamp\www\contest\Application\Runtime\Cache\Home\de6a0cee7ed3e97f8d8a477570608000.php 第 23 行.
NOTIC: [8] Undefined variable: page G:\wamp\www\contest\Application\Runtime\Cache\Home\de6a0cee7ed3e97f8d8a477570608000.php 第 49 行.
NOTIC: [8] Undefined variable: page G:\wamp\www\contest\Application\Runtime\Cache\Home\de6a0cee7ed3e97f8d8a477570608000.php 第 50 行.
NOTIC: [8] Undefined variable: page G:\wamp\www\contest\Application\Runtime\Cache\Home\de6a0cee7ed3e97f8d8a477570608000.php 第 51 行.
NOTIC: [8] Undefined variable: page G:\wamp\www\contest\Application\Runtime\Cache\Home\de6a0cee7ed3e97f8d8a477570608000.php 第 51 行.
NOTIC: [8] Undefined variable: page G:\wamp\www\contest\Application\Runtime\Cache\Home\de6a0cee7ed3e97f8d8a477570608000.php 第 53 行.
NOTIC: [8] Undefined variable: page G:\wamp\www\contest\Application\Runtime\Cache\Home\de6a0cee7ed3e97f8d8a477570608000.php 第 53 行.
NOTIC: [8] Undefined variable: page G:\wamp\www\contest\Application\Runtime\Cache\Home\de6a0cee7ed3e97f8d8a477570608000.php 第 56 行.
NOTIC: [8] Undefined variable: page G:\wamp\www\contest\Application\Runtime\Cache\Home\de6a0cee7ed3e97f8d8a477570608000.php 第 60 行.
NOTIC: [8] Undefined variable: page G:\wamp\www\contest\Application\Runtime\Cache\Home\de6a0cee7ed3e97f8d8a477570608000.php 第 62 行.
NOTIC: [8] Undefined variable: page G:\wamp\www\contest\Application\Runtime\Cache\Home\de6a0cee7ed3e97f8d8a477570608000.php 第 62 行.
NOTIC: [8] Undefined variable: page G:\wamp\www\contest\Application\Runtime\Cache\Home\de6a0cee7ed3e97f8d8a477570608000.php 第 63 行.
INFO: Run Behavior\ParseTemplateBehavior [ RunTime:0.107540s ]
INFO: [ view_parse ] --END-- [ RunTime:0.107674s ]
INFO: [ view_filter ] --START--
INFO: Run Behavior\WriteHtmlCacheBehavior [ RunTime:0.001500s ]
INFO: [ view_filter ] --END-- [ RunTime:0.001706s ]
INFO: [ app_end ] --START--
INFO: Run Behavior\ShowPageTraceBehavior [ RunTime:0.006910s ]
INFO: [ app_end ] --END-- [ RunTime:0.007079s ]

[ 2014-12-05T22:32:18+08:00 ] ::1 /contest/index.php?s=/Home/Admin/category.html
INFO: [ app_init ] --START--
INFO: Run Behavior\BuildLiteBehavior [ RunTime:0.000031s ]
INFO: [ app_init ] --END-- [ RunTime:0.000619s ]
INFO: [ app_begin ] --START--
INFO: Run Behavior\ReadHtmlCacheBehavior [ RunTime:0.000981s ]
INFO: [ app_begin ] --END-- [ RunTime:0.001115s ]
INFO: [ view_parse ] --START--
INFO: [ template_filter ] --START--
INFO: Run Behavior\ContentReplaceBehavior [ RunTime:0.000154s ]
INFO: [ template_filter ] --END-- [ RunTime:0.000298s ]
NOTIC: [8] Undefined variable: navJudge G:\wamp\www\contest\Application\Runtime\Cache\Home\afcf5f43e7a9e382d96eb8f753efc998.php 第 20 行.
NOTIC: [8] Undefined variable: navJudge G:\wamp\www\contest\Application\Runtime\Cache\Home\afcf5f43e7a9e382d96eb8f753efc998.php 第 21 行.
NOTIC: [8] Undefined variable: navJudge G:\wamp\www\contest\Application\Runtime\Cache\Home\afcf5f43e7a9e382d96eb8f753efc998.php 第 22 行.
NOTIC: [8] Undefined variable: navJudge G:\wamp\www\contest\Application\Runtime\Cache\Home\afcf5f43e7a9e382d96eb8f753efc998.php 第 23 行.
NOTIC: [8] Undefined variable: page G:\wamp\www\contest\Application\Runtime\Cache\Home\afcf5f43e7a9e382d96eb8f753efc998.php 第 49 行.
NOTIC: [8] Undefined variable: page G:\wamp\www\contest\Application\Runtime\Cache\Home\afcf5f43e7a9e382d96eb8f753efc998.php 第 50 行.
NOTIC: [8] Undefined variable: page G:\wamp\www\contest\Application\Runtime\Cache\Home\afcf5f43e7a9e382d96eb8f753efc998.php 第 51 行.
NOTIC: [8] Undefined variable: page G:\wamp\www\contest\Application\Runtime\Cache\Home\afcf5f43e7a9e382d96eb8f753efc998.php 第 51 行.
NOTIC: [8] Undefined variable: page G:\wamp\www\contest\Application\Runtime\Cache\Home\afcf5f43e7a9e382d96eb8f753efc998.php 第 53 行.
NOTIC: [8] Undefined variable: page G:\wamp\www\contest\Application\Runtime\Cache\Home\afcf5f43e7a9e382d96eb8f753efc998.php 第 53 行.
NOTIC: [8] Undefined variable: page G:\wamp\www\contest\Application\Runtime\Cache\Home\afcf5f43e7a9e382d96eb8f753efc998.php 第 56 行.
NOTIC: [8] Undefined variable: page G:\wamp\www\contest\Application\Runtime\Cache\Home\afcf5f43e7a9e382d96eb8f753efc998.php 第 60 行.
NOTIC: [8] Undefined variable: page G:\wamp\www\contest\Application\Runtime\Cache\Home\afcf5f43e7a9e382d96eb8f753efc998.php 第 62 行.
NOTIC: [8] Undefined variable: page G:\wamp\www\contest\Application\Runtime\Cache\Home\afcf5f43e7a9e382d96eb8f753efc998.php 第 62 行.
NOTIC: [8] Undefined variable: page G:\wamp\www\contest\Application\Runtime\Cache\Home\afcf5f43e7a9e382d96eb8f753efc998.php 第 63 行.
INFO: Run Behavior\ParseTemplateBehavior [ RunTime:0.090537s ]
INFO: [ view_parse ] --END-- [ RunTime:0.090806s ]
INFO: [ view_filter ] --START--
INFO: Run Behavior\WriteHtmlCacheBehavior [ RunTime:0.001526s ]
INFO: [ view_filter ] --END-- [ RunTime:0.001641s ]
INFO: [ app_end ] --START--
INFO: Run Behavior\ShowPageTraceBehavior [ RunTime:0.003560s ]
INFO: [ app_end ] --END-- [ RunTime:0.003701s ]

[ 2014-12-05T22:32:30+08:00 ] ::1 /contest/index.php?s=/Home/Admin/index.html
INFO: [ app_init ] --START--
INFO: Run Behavior\BuildLiteBehavior [ RunTime:0.000052s ]
INFO: [ app_init ] --END-- [ RunTime:0.000980s ]
INFO: [ app_begin ] --START--
INFO: Run Behavior\ReadHtmlCacheBehavior [ RunTime:0.000598s ]
INFO: [ app_begin ] --END-- [ RunTime:0.000683s ]
INFO: [ view_parse ] --START--
INFO: [ template_filter ] --START--
INFO: Run Behavior\ContentReplaceBehavior [ RunTime:0.000066s ]
INFO: [ template_filter ] --END-- [ RunTime:0.000198s ]
NOTIC: [8] Undefined variable: navJudge G:\wamp\www\contest\Application\Runtime\Cache\Home\97d11002f3df0d2ee86f1b610be029f7.php 第 18 行.
NOTIC: [8] Undefined variable: navJudge G:\wamp\www\contest\Application\Runtime\Cache\Home\97d11002f3df0d2ee86f1b610be029f7.php 第 19 行.
NOTIC: [8] Undefined variable: navJudge G:\wamp\www\contest\Application\Runtime\Cache\Home\97d11002f3df0d2ee86f1b610be029f7.php 第 20 行.
NOTIC: [8] Undefined variable: navJudge G:\wamp\www\contest\Application\Runtime\Cache\Home\97d11002f3df0d2ee86f1b610be029f7.php 第 21 行.
INFO: Run Behavior\ParseTemplateBehavior [ RunTime:0.007757s ]
INFO: [ view_parse ] --END-- [ RunTime:0.007832s ]
INFO: [ view_filter ] --START--
INFO: Run Behavior\WriteHtmlCacheBehavior [ RunTime:0.000414s ]
INFO: [ view_filter ] --END-- [ RunTime:0.000479s ]
INFO: [ app_end ] --START--
INFO: Run Behavior\ShowPageTraceBehavior [ RunTime:0.000614s ]
INFO: [ app_end ] --END-- [ RunTime:0.000684s ]

[ 2014-12-05T22:32:31+08:00 ] ::1 /contest/index.php?s=/Home/Admin/user.html
INFO: [ app_init ] --START--
INFO: Run Behavior\BuildLiteBehavior [ RunTime:0.000032s ]
INFO: [ app_init ] --END-- [ RunTime:0.000653s ]
INFO: [ app_begin ] --START--
INFO: Run Behavior\ReadHtmlCacheBehavior [ RunTime:0.001058s ]
INFO: [ app_begin ] --END-- [ RunTime:0.001200s ]
INFO: [ view_parse ] --START--
INFO: [ template_filter ] --START--
INFO: Run Behavior\ContentReplaceBehavior [ RunTime:0.000164s ]
INFO: [ template_filter ] --END-- [ RunTime:0.000328s ]
NOTIC: [8] Undefined variable: navJudge G:\wamp\www\contest\Application\Runtime\Cache\Home\f785edb93496f1d9c808e3aae9a23644.php 第 20 行.
NOTIC: [8] Undefined variable: navJudge G:\wamp\www\contest\Application\Runtime\Cache\Home\f785edb93496f1d9c808e3aae9a23644.php 第 21 行.
NOTIC: [8] Undefined variable: navJudge G:\wamp\www\contest\Application\Runtime\Cache\Home\f785edb93496f1d9c808e3aae9a23644.php 第 22 行.
NOTIC: [8] Undefined variable: navJudge G:\wamp\www\contest\Application\Runtime\Cache\Home\f785edb93496f1d9c808e3aae9a23644.php 第 23 行.
NOTIC: [8] Undefined variable: page G:\wamp\www\contest\Application\Runtime\Cache\Home\f785edb93496f1d9c808e3aae9a23644.php 第 49 行.
NOTIC: [8] Undefined variable: page G:\wamp\www\contest\Application\Runtime\Cache\Home\f785edb93496f1d9c808e3aae9a23644.php 第 50 行.
NOTIC: [8] Undefined variable: page G:\wamp\www\contest\Application\Runtime\Cache\Home\f785edb93496f1d9c808e3aae9a23644.php 第 51 行.
NOTIC: [8] Undefined variable: page G:\wamp\www\contest\Application\Runtime\Cache\Home\f785edb93496f1d9c808e3aae9a23644.php 第 51 行.
NOTIC: [8] Undefined variable: page G:\wamp\www\contest\Application\Runtime\Cache\Home\f785edb93496f1d9c808e3aae9a23644.php 第 53 行.
NOTIC: [8] Undefined variable: page G:\wamp\www\contest\Application\Runtime\Cache\Home\f785edb93496f1d9c808e3aae9a23644.php 第 53 行.
NOTIC: [8] Undefined variable: page G:\wamp\www\contest\Application\Runtime\Cache\Home\f785edb93496f1d9c808e3aae9a23644.php 第 56 行.
NOTIC: [8] Undefined variable: page G:\wamp\www\contest\Application\Runtime\Cache\Home\f785edb93496f1d9c808e3aae9a23644.php 第 60 行.
NOTIC: [8] Undefined variable: page G:\wamp\www\contest\Application\Runtime\Cache\Home\f785edb93496f1d9c808e3aae9a23644.php 第 62 行.
NOTIC: [8] Undefined variable: page G:\wamp\www\contest\Application\Runtime\Cache\Home\f785edb93496f1d9c808e3aae9a23644.php 第 62 行.
NOTIC: [8] Undefined variable: page G:\wamp\www\contest\Application\Runtime\Cache\Home\f785edb93496f1d9c808e3aae9a23644.php 第 63 行.
INFO: Run Behavior\ParseTemplateBehavior [ RunTime:0.076729s ]
INFO: [ view_parse ] --END-- [ RunTime:0.076846s ]
INFO: [ view_filter ] --START--
INFO: Run Behavior\WriteHtmlCacheBehavior [ RunTime:0.000669s ]
INFO: [ view_filter ] --END-- [ RunTime:0.000767s ]
INFO: [ app_end ] --START--
INFO: Run Behavior\ShowPageTraceBehavior [ RunTime:0.000615s ]
INFO: [ app_end ] --END-- [ RunTime:0.000682s ]

[ 2014-12-05T22:36:19+08:00 ] ::1 /contest/index.php?s=/Home/Index/articleList/nav/1/page/1.html
INFO: [ app_init ] --START--
INFO: Run Behavior\BuildLiteBehavior [ RunTime:0.000030s ]
INFO: [ app_init ] --END-- [ RunTime:0.000668s ]
INFO: [ app_begin ] --START--
INFO: Run Behavior\ReadHtmlCacheBehavior [ RunTime:0.000996s ]
INFO: [ app_begin ] --END-- [ RunTime:0.001140s ]
SQL: SHOW COLUMNS FROM `article` [ RunTime:0.231265s ]
SQL: SELECT * FROM `article` ORDER BY id DESC LIMIT 0, 6 [ RunTime:0.020772s ]
SQL: SHOW COLUMNS FROM `category` [ RunTime:0.132519s ]
SQL: SELECT meaning m FROM  `category` WHERE class = '5' [ RunTime:0.000310s ]
SQL: SELECT meaning m FROM  `category` WHERE class = '5' [ RunTime:0.000198s ]
SQL: SELECT meaning m FROM  `category` WHERE class = '5' [ RunTime:0.000227s ]
SQL: SELECT meaning m FROM  `category` WHERE class = '5' [ RunTime:0.000171s ]
SQL: SELECT meaning m FROM  `category` WHERE class = '5' [ RunTime:0.000203s ]
SQL: SELECT meaning m FROM  `category` WHERE class = '5' [ RunTime:0.000222s ]
SQL: SHOW COLUMNS FROM `member` [ RunTime:0.144187s ]
SQL: SELECT username FROM  `member` WHERE id =  '1' [ RunTime:0.000278s ]
SQL: SELECT username FROM  `member` WHERE id =  '1' [ RunTime:0.000207s ]
SQL: SELECT username FROM  `member` WHERE id =  '1' [ RunTime:0.000162s ]
SQL: SELECT username FROM  `member` WHERE id =  '1' [ RunTime:0.000131s ]
SQL: SELECT username FROM  `member` WHERE id =  '1' [ RunTime:0.000123s ]
SQL: SELECT username FROM  `member` WHERE id =  '1' [ RunTime:0.000209s ]
SQL: SELECT COUNT(*) FROM `article` [ RunTime:0.000258s ]
SQL: SELECT class, meaning navName FROM  `category` ORDER BY class ASC [ RunTime:0.027718s ]
SQL: SELECT id, title FROM `article` ORDER BY id DESC LIMIT 6 [ RunTime:0.000339s ]
INFO: [ view_parse ] --START--
INFO: [ template_filter ] --START--
INFO: Run Behavior\ContentReplaceBehavior [ RunTime:0.000221s ]
INFO: [ template_filter ] --END-- [ RunTime:0.000353s ]
NOTIC: [8] Use of undefined constant pages - assumed 'pages' G:\wamp\www\contest\Application\Runtime\Cache\Home\60bdf297392847b26d20f0097f9cd09f.php 第 106 行.
NOTIC: [8] Array to string conversion G:\wamp\www\contest\Application\Runtime\Cache\Home\60bdf297392847b26d20f0097f9cd09f.php 第 106 行.
INFO: Run Behavior\ParseTemplateBehavior [ RunTime:0.235763s ]
INFO: [ view_parse ] --END-- [ RunTime:0.236036s ]
INFO: [ view_filter ] --START--
INFO: Run Behavior\WriteHtmlCacheBehavior [ RunTime:0.002923s ]
INFO: [ view_filter ] --END-- [ RunTime:0.003182s ]
INFO: [ app_end ] --START--
INFO: Run Behavior\ShowPageTraceBehavior [ RunTime:0.002414s ]
INFO: [ app_end ] --END-- [ RunTime:0.002918s ]

[ 2014-12-05T22:36:21+08:00 ] ::1 /contest/index.php?s=/Home/Index/index.html
INFO: [ app_init ] --START--
INFO: Run Behavior\BuildLiteBehavior [ RunTime:0.000033s ]
INFO: [ app_init ] --END-- [ RunTime:0.000661s ]
INFO: [ app_begin ] --START--
INFO: Run Behavior\ReadHtmlCacheBehavior [ RunTime:0.001055s ]
INFO: [ app_begin ] --END-- [ RunTime:0.001195s ]
INFO: [ view_parse ] --START--
INFO: [ template_filter ] --START--
INFO: Run Behavior\ContentReplaceBehavior [ RunTime:0.000197s ]
INFO: [ template_filter ] --END-- [ RunTime:0.000346s ]
INFO: Run Behavior\ParseTemplateBehavior [ RunTime:0.052709s ]
INFO: [ view_parse ] --END-- [ RunTime:0.052862s ]
INFO: [ view_filter ] --START--
INFO: Run Behavior\WriteHtmlCacheBehavior [ RunTime:0.000732s ]
INFO: [ view_filter ] --END-- [ RunTime:0.001259s ]
INFO: [ app_end ] --START--
INFO: Run Behavior\ShowPageTraceBehavior [ RunTime:0.004796s ]
INFO: [ app_end ] --END-- [ RunTime:0.005001s ]

[ 2014-12-05T22:58:58+08:00 ] ::1 /contest/index.php?s=/Home/Index/index.html
INFO: [ app_init ] --START--
INFO: Run Behavior\BuildLiteBehavior [ RunTime:0.000101s ]
INFO: [ app_init ] --END-- [ RunTime:0.001565s ]
INFO: [ app_begin ] --START--
INFO: Run Behavior\ReadHtmlCacheBehavior [ RunTime:0.004798s ]
INFO: [ app_begin ] --END-- [ RunTime:0.006132s ]
INFO: [ view_parse ] --START--
INFO: [ template_filter ] --START--
INFO: Run Behavior\ContentReplaceBehavior [ RunTime:0.000193s ]
INFO: [ template_filter ] --END-- [ RunTime:0.000345s ]
INFO: Run Behavior\ParseTemplateBehavior [ RunTime:0.162191s ]
INFO: [ view_parse ] --END-- [ RunTime:0.162344s ]
INFO: [ view_filter ] --START--
INFO: Run Behavior\WriteHtmlCacheBehavior [ RunTime:0.000480s ]
INFO: [ view_filter ] --END-- [ RunTime:0.000548s ]
INFO: [ app_end ] --START--
INFO: Run Behavior\ShowPageTraceBehavior [ RunTime:0.000631s ]
INFO: [ app_end ] --END-- [ RunTime:0.000704s ]

[ 2014-12-05T23:10:28+08:00 ] ::1 /contest/index.php?s=/Home/Index/index.html
INFO: [ app_init ] --START--
INFO: Run Behavior\BuildLiteBehavior [ RunTime:0.000021s ]
INFO: [ app_init ] --END-- [ RunTime:0.000467s ]
INFO: [ app_begin ] --START--
INFO: Run Behavior\ReadHtmlCacheBehavior [ RunTime:0.000820s ]
INFO: [ app_begin ] --END-- [ RunTime:0.000921s ]
INFO: [ view_parse ] --START--
INFO: [ template_filter ] --START--
INFO: Run Behavior\ContentReplaceBehavior [ RunTime:0.000226s ]
INFO: [ template_filter ] --END-- [ RunTime:0.000425s ]
INFO: Run Behavior\ParseTemplateBehavior [ RunTime:0.195773s ]
INFO: [ view_parse ] --END-- [ RunTime:0.195955s ]
INFO: [ view_filter ] --START--
INFO: Run Behavior\WriteHtmlCacheBehavior [ RunTime:0.001239s ]
INFO: [ view_filter ] --END-- [ RunTime:0.001444s ]
INFO: [ app_end ] --START--
INFO: Run Behavior\ShowPageTraceBehavior [ RunTime:0.001154s ]
INFO: [ app_end ] --END-- [ RunTime:0.001320s ]

[ 2014-12-05T23:11:46+08:00 ] ::1 /contest/index.php?s=/Home/Index/articleList/nav/1/page/1.html
INFO: [ app_init ] --START--
INFO: Run Behavior\BuildLiteBehavior [ RunTime:0.000033s ]
INFO: [ app_init ] --END-- [ RunTime:0.004026s ]
INFO: [ app_begin ] --START--
INFO: Run Behavior\ReadHtmlCacheBehavior [ RunTime:0.000740s ]
INFO: [ app_begin ] --END-- [ RunTime:0.000835s ]
SQL: SHOW COLUMNS FROM `article` [ RunTime:0.080777s ]
SQL: SELECT * FROM `article` ORDER BY id DESC LIMIT 0, 6 [ RunTime:0.001537s ]
SQL: SHOW COLUMNS FROM `category` [ RunTime:0.014801s ]
SQL: SELECT meaning m FROM  `category` WHERE class = '5' [ RunTime:0.000468s ]
SQL: SELECT meaning m FROM  `category` WHERE class = '5' [ RunTime:0.000694s ]
SQL: SELECT meaning m FROM  `category` WHERE class = '5' [ RunTime:0.000651s ]
SQL: SELECT meaning m FROM  `category` WHERE class = '5' [ RunTime:0.000317s ]
SQL: SELECT meaning m FROM  `category` WHERE class = '5' [ RunTime:0.000410s ]
SQL: SELECT meaning m FROM  `category` WHERE class = '5' [ RunTime:0.000413s ]
SQL: SHOW COLUMNS FROM `member` [ RunTime:0.145333s ]
SQL: SELECT username FROM  `member` WHERE id =  '1' [ RunTime:0.000456s ]
SQL: SELECT username FROM  `member` WHERE id =  '1' [ RunTime:0.000266s ]
SQL: SELECT username FROM  `member` WHERE id =  '1' [ RunTime:0.000232s ]
SQL: SELECT username FROM  `member` WHERE id =  '1' [ RunTime:0.000209s ]
SQL: SELECT username FROM  `member` WHERE id =  '1' [ RunTime:0.000208s ]
SQL: SELECT username FROM  `member` WHERE id =  '1' [ RunTime:0.000277s ]
SQL: SELECT COUNT(*) FROM `article` [ RunTime:0.000424s ]
SQL: SELECT class, meaning navName FROM  `category` ORDER BY class ASC [ RunTime:0.000479s ]
SQL: SELECT id, title FROM `article` ORDER BY id DESC LIMIT 6 [ RunTime:0.000358s ]
INFO: [ view_parse ] --START--
INFO: [ template_filter ] --START--
INFO: Run Behavior\ContentReplaceBehavior [ RunTime:0.000187s ]
INFO: [ template_filter ] --END-- [ RunTime:0.000289s ]
NOTIC: [8] Use of undefined constant pages - assumed 'pages' G:\wamp\www\contest\Application\Runtime\Cache\Home\60bdf297392847b26d20f0097f9cd09f.php 第 106 行.
NOTIC: [8] Array to string conversion G:\wamp\www\contest\Application\Runtime\Cache\Home\60bdf297392847b26d20f0097f9cd09f.php 第 106 行.
INFO: Run Behavior\ParseTemplateBehavior [ RunTime:0.208906s ]
INFO: [ view_parse ] --END-- [ RunTime:0.209039s ]
INFO: [ view_filter ] --START--
INFO: Run Behavior\WriteHtmlCacheBehavior [ RunTime:0.000671s ]
INFO: [ view_filter ] --END-- [ RunTime:0.000761s ]
INFO: [ app_end ] --START--
INFO: Run Behavior\ShowPageTraceBehavior [ RunTime:0.002415s ]
INFO: [ app_end ] --END-- [ RunTime:0.002526s ]

[ 2014-12-05T23:35:23+08:00 ] ::1 /contest/index.php?s=/Home/Index/articleList/nav/1/page/1.html
INFO: [ app_init ] --START--
INFO: Run Behavior\BuildLiteBehavior [ RunTime:0.000024s ]
INFO: [ app_init ] --END-- [ RunTime:0.013751s ]
INFO: [ app_begin ] --START--
INFO: Run Behavior\ReadHtmlCacheBehavior [ RunTime:0.015297s ]
INFO: [ app_begin ] --END-- [ RunTime:0.015410s ]
SQL: SHOW COLUMNS FROM `article` [ RunTime:0.248368s ]
SQL: SELECT * FROM `article` ORDER BY id DESC LIMIT 0, 6 [ RunTime:0.000501s ]
SQL: SHOW COLUMNS FROM `category` [ RunTime:0.007645s ]
SQL: SELECT meaning m FROM  `category` WHERE class = '5' [ RunTime:0.000411s ]
SQL: SELECT meaning m FROM  `category` WHERE class = '5' [ RunTime:0.000471s ]
SQL: SELECT meaning m FROM  `category` WHERE class = '5' [ RunTime:0.000350s ]
SQL: SELECT meaning m FROM  `category` WHERE class = '5' [ RunTime:0.000344s ]
SQL: SELECT meaning m FROM  `category` WHERE class = '5' [ RunTime:0.000336s ]
SQL: SELECT meaning m FROM  `category` WHERE class = '5' [ RunTime:0.029949s ]
SQL: SHOW COLUMNS FROM `member` [ RunTime:0.017696s ]
SQL: SELECT username FROM  `member` WHERE id =  '1' [ RunTime:0.000360s ]
SQL: SELECT username FROM  `member` WHERE id =  '1' [ RunTime:0.001449s ]
SQL: SELECT username FROM  `member` WHERE id =  '1' [ RunTime:0.000190s ]
SQL: SELECT username FROM  `member` WHERE id =  '1' [ RunTime:0.000164s ]
SQL: SELECT username FROM  `member` WHERE id =  '1' [ RunTime:0.000164s ]
SQL: SELECT username FROM  `member` WHERE id =  '1' [ RunTime:0.000164s ]
SQL: SELECT COUNT(*) FROM `article` [ RunTime:0.000175s ]
SQL: SELECT class, meaning navName FROM  `category` ORDER BY class ASC [ RunTime:0.000209s ]
SQL: SELECT id, title FROM `article` ORDER BY id DESC LIMIT 6 [ RunTime:0.000191s ]
INFO: [ view_parse ] --START--
INFO: [ template_filter ] --START--
INFO: Run Behavior\ContentReplaceBehavior [ RunTime:0.000120s ]
INFO: [ template_filter ] --END-- [ RunTime:0.000195s ]
NOTIC: [8] Use of undefined constant pages - assumed 'pages' G:\wamp\www\contest\Application\Runtime\Cache\Home\60bdf297392847b26d20f0097f9cd09f.php 第 106 行.
NOTIC: [8] Array to string conversion G:\wamp\www\contest\Application\Runtime\Cache\Home\60bdf297392847b26d20f0097f9cd09f.php 第 106 行.
INFO: Run Behavior\ParseTemplateBehavior [ RunTime:0.383855s ]
INFO: [ view_parse ] --END-- [ RunTime:0.383925s ]
INFO: [ view_filter ] --START--
INFO: Run Behavior\WriteHtmlCacheBehavior [ RunTime:0.008583s ]
INFO: [ view_filter ] --END-- [ RunTime:0.008703s ]
INFO: [ app_end ] --START--
INFO: Run Behavior\ShowPageTraceBehavior [ RunTime:0.015606s ]
INFO: [ app_end ] --END-- [ RunTime:0.015686s ]

[ 2014-12-05T23:36:22+08:00 ] ::1 /contest/index.php?s=/Home/Index/articleList/nav/1/page/1.html
INFO: [ app_init ] --START--
INFO: Run Behavior\BuildLiteBehavior [ RunTime:0.000021s ]
INFO: [ app_init ] --END-- [ RunTime:0.000475s ]
INFO: [ app_begin ] --START--
INFO: Run Behavior\ReadHtmlCacheBehavior [ RunTime:0.002519s ]
INFO: [ app_begin ] --END-- [ RunTime:0.002648s ]
SQL: SHOW COLUMNS FROM `article` [ RunTime:0.007606s ]
SQL: SELECT * FROM `article` ORDER BY id DESC LIMIT 0, 6 [ RunTime:0.000348s ]
SQL: SHOW COLUMNS FROM `category` [ RunTime:0.005512s ]
SQL: SELECT meaning m FROM  `category` WHERE class = '5' [ RunTime:0.000302s ]
SQL: SELECT meaning m FROM  `category` WHERE class = '5' [ RunTime:0.000230s ]
SQL: SELECT meaning m FROM  `category` WHERE class = '5' [ RunTime:0.000214s ]
SQL: SELECT meaning m FROM  `category` WHERE class = '5' [ RunTime:0.000214s ]
SQL: SELECT meaning m FROM  `category` WHERE class = '5' [ RunTime:0.000214s ]
SQL: SELECT meaning m FROM  `category` WHERE class = '5' [ RunTime:0.000214s ]
SQL: SHOW COLUMNS FROM `member` [ RunTime:0.016301s ]
SQL: SELECT username FROM  `member` WHERE id =  '1' [ RunTime:0.000460s ]
SQL: SELECT username FROM  `member` WHERE id =  '1' [ RunTime:0.000457s ]
SQL: SELECT username FROM  `member` WHERE id =  '1' [ RunTime:0.000237s ]
SQL: SELECT username FROM  `member` WHERE id =  '1' [ RunTime:0.000231s ]
SQL: SELECT username FROM  `member` WHERE id =  '1' [ RunTime:0.000217s ]
SQL: SELECT username FROM  `member` WHERE id =  '1' [ RunTime:0.000188s ]
SQL: SELECT COUNT(*) FROM `article` [ RunTime:0.000173s ]
SQL: SELECT class, meaning navName FROM  `category` ORDER BY class ASC [ RunTime:0.000198s ]
SQL: SELECT id, title FROM `article` ORDER BY id DESC LIMIT 6 [ RunTime:0.000178s ]
INFO: [ view_parse ] --START--
INFO: [ template_filter ] --START--
INFO: Run Behavior\ContentReplaceBehavior [ RunTime:0.000130s ]
INFO: [ template_filter ] --END-- [ RunTime:0.000207s ]
NOTIC: [8] Use of undefined constant pages - assumed 'pages' G:\wamp\www\contest\Application\Runtime\Cache\Home\60bdf297392847b26d20f0097f9cd09f.php 第 106 行.
NOTIC: [8] Array to string conversion G:\wamp\www\contest\Application\Runtime\Cache\Home\60bdf297392847b26d20f0097f9cd09f.php 第 106 行.
INFO: Run Behavior\ParseTemplateBehavior [ RunTime:0.069765s ]
INFO: [ view_parse ] --END-- [ RunTime:0.069835s ]
INFO: [ view_filter ] --START--
INFO: Run Behavior\WriteHtmlCacheBehavior [ RunTime:0.000413s ]
INFO: [ view_filter ] --END-- [ RunTime:0.000473s ]
INFO: [ app_end ] --START--
INFO: Run Behavior\ShowPageTraceBehavior [ RunTime:0.000760s ]
INFO: [ app_end ] --END-- [ RunTime:0.000885s ]

[ 2014-12-05T23:37:12+08:00 ] ::1 /contest/index.php?s=/Home/Index/articleList/nav/2/page/1.html
INFO: [ app_init ] --START--
INFO: Run Behavior\BuildLiteBehavior [ RunTime:0.000093s ]
INFO: [ app_init ] --END-- [ RunTime:0.001564s ]
INFO: [ app_begin ] --START--
INFO: Run Behavior\ReadHtmlCacheBehavior [ RunTime:0.001124s ]
INFO: [ app_begin ] --END-- [ RunTime:0.001313s ]
SQL: SHOW COLUMNS FROM `article` [ RunTime:0.009817s ]
SQL: SELECT * FROM `article` WHERE class = '2' ORDER BY id DESC LIMIT 0, 6 [ RunTime:0.000470s ]
SQL: SHOW COLUMNS FROM `category` [ RunTime:0.058817s ]
SQL: SELECT meaning m FROM  `category` WHERE class = '2' [ RunTime:0.000329s ]
SQL: SELECT meaning m FROM  `category` WHERE class = '2' [ RunTime:0.000213s ]
SQL: SHOW COLUMNS FROM `member` [ RunTime:1.087717s ]
SQL: SELECT username FROM  `member` WHERE id =  '1' [ RunTime:0.000765s ]
SQL: SELECT username FROM  `member` WHERE id =  '1' [ RunTime:0.000252s ]
SQL: SELECT COUNT(*) FROM `article` WHERE class = '.2.' [ RunTime:2.949240s ]
SQL: SELECT class, meaning navName FROM  `category` ORDER BY class ASC [ RunTime:0.000321s ]
SQL: SELECT id, title FROM `article` ORDER BY id DESC LIMIT 6 [ RunTime:0.000227s ]
INFO: [ view_parse ] --START--
INFO: [ template_filter ] --START--
INFO: Run Behavior\ContentReplaceBehavior [ RunTime:0.000122s ]
INFO: [ template_filter ] --END-- [ RunTime:0.000204s ]
INFO: Run Behavior\ParseTemplateBehavior [ RunTime:0.279166s ]
INFO: [ view_parse ] --END-- [ RunTime:0.279246s ]
INFO: [ view_filter ] --START--
INFO: Run Behavior\WriteHtmlCacheBehavior [ RunTime:0.000513s ]
INFO: [ view_filter ] --END-- [ RunTime:0.000592s ]
INFO: [ app_end ] --START--
INFO: Run Behavior\ShowPageTraceBehavior [ RunTime:0.000607s ]
INFO: [ app_end ] --END-- [ RunTime:0.000670s ]

[ 2014-12-05T23:37:13+08:00 ] ::1 /contest/index.php?s=/Home/Index/articleList/nav/2/page/1.html
INFO: [ app_init ] --START--
INFO: Run Behavior\BuildLiteBehavior [ RunTime:0.000019s ]
INFO: [ app_init ] --END-- [ RunTime:0.000481s ]
INFO: [ app_begin ] --START--
INFO: Run Behavior\ReadHtmlCacheBehavior [ RunTime:0.000672s ]
INFO: [ app_begin ] --END-- [ RunTime:0.000741s ]
SQL: SHOW COLUMNS FROM `article` [ RunTime:0.448979s ]
SQL: SELECT * FROM `article` WHERE class = '2' ORDER BY id DESC LIMIT 0, 6 [ RunTime:0.000405s ]
SQL: SHOW COLUMNS FROM `category` [ RunTime:0.008116s ]
SQL: SELECT meaning m FROM  `category` WHERE class = '2' [ RunTime:0.090004s ]
SQL: SELECT meaning m FROM  `category` WHERE class = '2' [ RunTime:0.000357s ]
SQL: SHOW COLUMNS FROM `member` [ RunTime:0.005438s ]
SQL: SELECT username FROM  `member` WHERE id =  '1' [ RunTime:0.000280s ]
SQL: SELECT username FROM  `member` WHERE id =  '1' [ RunTime:0.000186s ]
SQL: SELECT COUNT(*) FROM `article` WHERE class = '.2.' [ RunTime:0.000204s ]
SQL: SELECT class, meaning navName FROM  `category` ORDER BY class ASC [ RunTime:0.000212s ]
SQL: SELECT id, title FROM `article` ORDER BY id DESC LIMIT 6 [ RunTime:0.000175s ]
INFO: [ view_parse ] --START--
INFO: [ template_filter ] --START--
INFO: Run Behavior\ContentReplaceBehavior [ RunTime:0.000119s ]
INFO: [ template_filter ] --END-- [ RunTime:0.000194s ]
INFO: Run Behavior\ParseTemplateBehavior [ RunTime:0.167122s ]
INFO: [ view_parse ] --END-- [ RunTime:0.167199s ]
INFO: [ view_filter ] --START--
INFO: Run Behavior\WriteHtmlCacheBehavior [ RunTime:0.000473s ]
INFO: [ view_filter ] --END-- [ RunTime:0.000535s ]
INFO: [ app_end ] --START--
INFO: Run Behavior\ShowPageTraceBehavior [ RunTime:0.000673s ]
INFO: [ app_end ] --END-- [ RunTime:0.000738s ]

[ 2014-12-05T23:37:15+08:00 ] ::1 /contest/index.php?s=/Home/Index/articleList/nav/2/page/1.html
INFO: [ app_init ] --START--
INFO: Run Behavior\BuildLiteBehavior [ RunTime:0.000048s ]
INFO: [ app_init ] --END-- [ RunTime:0.001358s ]
INFO: [ app_begin ] --START--
INFO: Run Behavior\ReadHtmlCacheBehavior [ RunTime:0.000864s ]
INFO: [ app_begin ] --END-- [ RunTime:0.000956s ]
SQL: SHOW COLUMNS FROM `article` [ RunTime:0.006222s ]
SQL: SELECT * FROM `article` WHERE class = '2' ORDER BY id DESC LIMIT 0, 6 [ RunTime:0.000403s ]
SQL: SHOW COLUMNS FROM `category` [ RunTime:0.004849s ]
SQL: SELECT meaning m FROM  `category` WHERE class = '2' [ RunTime:0.000308s ]
SQL: SELECT meaning m FROM  `category` WHERE class = '2' [ RunTime:0.000188s ]
SQL: SHOW COLUMNS FROM `member` [ RunTime:0.006476s ]
SQL: SELECT username FROM  `member` WHERE id =  '1' [ RunTime:0.000348s ]
SQL: SELECT username FROM  `member` WHERE id =  '1' [ RunTime:0.000253s ]
SQL: SELECT COUNT(*) FROM `article` WHERE class = '.2.' [ RunTime:0.000310s ]
SQL: SELECT class, meaning navName FROM  `category` ORDER BY class ASC [ RunTime:0.000267s ]
SQL: SELECT id, title FROM `article` ORDER BY id DESC LIMIT 6 [ RunTime:0.000224s ]
INFO: [ view_parse ] --START--
INFO: [ template_filter ] --START--
INFO: Run Behavior\ContentReplaceBehavior [ RunTime:0.000120s ]
INFO: [ template_filter ] --END-- [ RunTime:0.000195s ]
INFO: Run Behavior\ParseTemplateBehavior [ RunTime:1.893304s ]
INFO: [ view_parse ] --END-- [ RunTime:1.893431s ]
INFO: [ view_filter ] --START--
INFO: Run Behavior\WriteHtmlCacheBehavior [ RunTime:0.000708s ]
INFO: [ view_filter ] --END-- [ RunTime:0.000786s ]
INFO: [ app_end ] --START--
INFO: Run Behavior\ShowPageTraceBehavior [ RunTime:0.000695s ]
INFO: [ app_end ] --END-- [ RunTime:0.000800s ]

[ 2014-12-05T23:37:18+08:00 ] ::1 /contest/index.php?s=/Home/Index/articleList/nav/3/page/1.html
INFO: [ app_init ] --START--
INFO: Run Behavior\BuildLiteBehavior [ RunTime:0.000032s ]
INFO: [ app_init ] --END-- [ RunTime:0.000531s ]
INFO: [ app_begin ] --START--
INFO: Run Behavior\ReadHtmlCacheBehavior [ RunTime:0.000752s ]
INFO: [ app_begin ] --END-- [ RunTime:0.000859s ]
SQL: SHOW COLUMNS FROM `article` [ RunTime:0.007482s ]
SQL: SELECT * FROM `article` WHERE class = '3' ORDER BY id DESC LIMIT 0, 6 [ RunTime:0.000324s ]
SQL: SHOW COLUMNS FROM `category` [ RunTime:0.006021s ]
NOTIC: [8] Undefined offset: 0 G:\wamp\www\contest\Application\Home\Model\CategoryModel.class.php 第 20 行.
SQL: SELECT COUNT(*) FROM `article` WHERE class = '.3.' [ RunTime:0.000309s ]
SQL: SELECT class, meaning navName FROM  `category` ORDER BY class ASC [ RunTime:0.021658s ]
SQL: SELECT id, title FROM `article` ORDER BY id DESC LIMIT 6 [ RunTime:0.000213s ]
INFO: [ view_parse ] --START--
INFO: [ template_filter ] --START--
INFO: Run Behavior\ContentReplaceBehavior [ RunTime:0.000145s ]
INFO: [ template_filter ] --END-- [ RunTime:0.000220s ]
INFO: Run Behavior\ParseTemplateBehavior [ RunTime:0.063166s ]
INFO: [ view_parse ] --END-- [ RunTime:0.063263s ]
INFO: [ view_filter ] --START--
INFO: Run Behavior\WriteHtmlCacheBehavior [ RunTime:0.000479s ]
INFO: [ view_filter ] --END-- [ RunTime:0.000569s ]
INFO: [ app_end ] --START--
INFO: Run Behavior\ShowPageTraceBehavior [ RunTime:0.000703s ]
INFO: [ app_end ] --END-- [ RunTime:0.000789s ]

[ 2014-12-05T23:37:19+08:00 ] ::1 /contest/index.php?s=/Home/Index/articleList/nav/1/page/1.html
INFO: [ app_init ] --START--
INFO: Run Behavior\BuildLiteBehavior [ RunTime:0.000021s ]
INFO: [ app_init ] --END-- [ RunTime:0.000436s ]
INFO: [ app_begin ] --START--
INFO: Run Behavior\ReadHtmlCacheBehavior [ RunTime:0.000752s ]
INFO: [ app_begin ] --END-- [ RunTime:0.000844s ]
SQL: SHOW COLUMNS FROM `article` [ RunTime:0.035209s ]
SQL: SELECT * FROM `article` ORDER BY id DESC LIMIT 0, 6 [ RunTime:0.000453s ]
SQL: SHOW COLUMNS FROM `category` [ RunTime:0.116828s ]
SQL: SELECT meaning m FROM  `category` WHERE class = '5' [ RunTime:0.000323s ]
SQL: SELECT meaning m FROM  `category` WHERE class = '5' [ RunTime:0.000236s ]
SQL: SELECT meaning m FROM  `category` WHERE class = '5' [ RunTime:0.000224s ]
SQL: SELECT meaning m FROM  `category` WHERE class = '5' [ RunTime:0.000212s ]
SQL: SELECT meaning m FROM  `category` WHERE class = '5' [ RunTime:0.000219s ]
SQL: SELECT meaning m FROM  `category` WHERE class = '5' [ RunTime:0.000217s ]
SQL: SHOW COLUMNS FROM `member` [ RunTime:0.014139s ]
SQL: SELECT username FROM  `member` WHERE id =  '1' [ RunTime:0.000289s ]
SQL: SELECT username FROM  `member` WHERE id =  '1' [ RunTime:0.000238s ]
SQL: SELECT username FROM  `member` WHERE id =  '1' [ RunTime:0.000207s ]
SQL: SELECT username FROM  `member` WHERE id =  '1' [ RunTime:0.000204s ]
SQL: SELECT username FROM  `member` WHERE id =  '1' [ RunTime:0.000206s ]
SQL: SELECT username FROM  `member` WHERE id =  '1' [ RunTime:0.000333s ]
SQL: SELECT COUNT(*) FROM `article` [ RunTime:0.000194s ]
SQL: SELECT class, meaning navName FROM  `category` ORDER BY class ASC [ RunTime:0.000197s ]
SQL: SELECT id, title FROM `article` ORDER BY id DESC LIMIT 6 [ RunTime:0.000235s ]
INFO: [ view_parse ] --START--
INFO: [ template_filter ] --START--
INFO: Run Behavior\ContentReplaceBehavior [ RunTime:0.000137s ]
INFO: [ template_filter ] --END-- [ RunTime:0.000220s ]
NOTIC: [8] Use of undefined constant pages - assumed 'pages' G:\wamp\www\contest\Application\Runtime\Cache\Home\60bdf297392847b26d20f0097f9cd09f.php 第 106 行.
NOTIC: [8] Array to string conversion G:\wamp\www\contest\Application\Runtime\Cache\Home\60bdf297392847b26d20f0097f9cd09f.php 第 106 行.
INFO: Run Behavior\ParseTemplateBehavior [ RunTime:0.067147s ]
INFO: [ view_parse ] --END-- [ RunTime:0.067238s ]
INFO: [ view_filter ] --START--
INFO: Run Behavior\WriteHtmlCacheBehavior [ RunTime:0.000541s ]
INFO: [ view_filter ] --END-- [ RunTime:0.000601s ]
INFO: [ app_end ] --START--
INFO: Run Behavior\ShowPageTraceBehavior [ RunTime:0.000692s ]
INFO: [ app_end ] --END-- [ RunTime:0.000755s ]

[ 2014-12-05T23:37:26+08:00 ] ::1 /contest/index.php?s=/Home/Index/index.html
INFO: [ app_init ] --START--
INFO: Run Behavior\BuildLiteBehavior [ RunTime:0.000029s ]
INFO: [ app_init ] --END-- [ RunTime:0.000679s ]
INFO: [ app_begin ] --START--
INFO: Run Behavior\ReadHtmlCacheBehavior [ RunTime:0.000679s ]
INFO: [ app_begin ] --END-- [ RunTime:0.000764s ]
INFO: [ view_parse ] --START--
INFO: [ template_filter ] --START--
INFO: Run Behavior\ContentReplaceBehavior [ RunTime:0.000100s ]
INFO: [ template_filter ] --END-- [ RunTime:0.000187s ]
INFO: Run Behavior\ParseTemplateBehavior [ RunTime:0.089488s ]
INFO: [ view_parse ] --END-- [ RunTime:0.089589s ]
INFO: [ view_filter ] --START--
INFO: Run Behavior\WriteHtmlCacheBehavior [ RunTime:0.000511s ]
INFO: [ view_filter ] --END-- [ RunTime:0.000572s ]
INFO: [ app_end ] --START--
INFO: Run Behavior\ShowPageTraceBehavior [ RunTime:0.000757s ]
INFO: [ app_end ] --END-- [ RunTime:0.000823s ]

[ 2014-12-05T23:42:58+08:00 ] ::1 /contest/index.php?s=/Home/Index/index.html
INFO: [ app_init ] --START--
INFO: Run Behavior\BuildLiteBehavior [ RunTime:0.000024s ]
INFO: [ app_init ] --END-- [ RunTime:0.000659s ]
INFO: [ app_begin ] --START--
INFO: Run Behavior\ReadHtmlCacheBehavior [ RunTime:0.000715s ]
INFO: [ app_begin ] --END-- [ RunTime:0.000801s ]
INFO: [ view_parse ] --START--
INFO: [ template_filter ] --START--
INFO: Run Behavior\ContentReplaceBehavior [ RunTime:0.000119s ]
INFO: [ template_filter ] --END-- [ RunTime:0.000208s ]
INFO: Run Behavior\ParseTemplateBehavior [ RunTime:0.018023s ]
INFO: [ view_parse ] --END-- [ RunTime:0.018124s ]
INFO: [ view_filter ] --START--
INFO: Run Behavior\WriteHtmlCacheBehavior [ RunTime:0.000431s ]
INFO: [ view_filter ] --END-- [ RunTime:0.000498s ]
INFO: [ app_end ] --START--
INFO: Run Behavior\ShowPageTraceBehavior [ RunTime:0.000658s ]
INFO: [ app_end ] --END-- [ RunTime:0.000727s ]

[ 2014-12-05T23:43:58+08:00 ] ::1 /contest/index.php?s=/Home/Index/articleList/nav/1/page/1.html
INFO: [ app_init ] --START--
INFO: Run Behavior\BuildLiteBehavior [ RunTime:0.000023s ]
INFO: [ app_init ] --END-- [ RunTime:0.000427s ]
INFO: [ app_begin ] --START--
INFO: Run Behavior\ReadHtmlCacheBehavior [ RunTime:0.000875s ]
INFO: [ app_begin ] --END-- [ RunTime:0.000980s ]
SQL: SHOW COLUMNS FROM `article` [ RunTime:0.023167s ]
SQL: SELECT * FROM `article` ORDER BY id DESC LIMIT 0, 6 [ RunTime:0.001052s ]
SQL: SHOW COLUMNS FROM `category` [ RunTime:0.022234s ]
SQL: SELECT meaning m FROM  `category` WHERE class = '5' [ RunTime:0.000326s ]
SQL: SELECT meaning m FROM  `category` WHERE class = '5' [ RunTime:0.000212s ]
SQL: SELECT meaning m FROM  `category` WHERE class = '5' [ RunTime:0.000152s ]
SQL: SELECT meaning m FROM  `category` WHERE class = '5' [ RunTime:0.000136s ]
SQL: SELECT meaning m FROM  `category` WHERE class = '5' [ RunTime:0.000137s ]
SQL: SELECT meaning m FROM  `category` WHERE class = '5' [ RunTime:0.000128s ]
SQL: SHOW COLUMNS FROM `member` [ RunTime:0.010864s ]
SQL: SELECT username FROM  `member` WHERE id =  '1' [ RunTime:0.000592s ]
SQL: SELECT username FROM  `member` WHERE id =  '1' [ RunTime:0.000238s ]
SQL: SELECT username FROM  `member` WHERE id =  '1' [ RunTime:0.000184s ]
SQL: SELECT username FROM  `member` WHERE id =  '1' [ RunTime:0.000163s ]
SQL: SELECT username FROM  `member` WHERE id =  '1' [ RunTime:0.000150s ]
SQL: SELECT username FROM  `member` WHERE id =  '1' [ RunTime:0.000145s ]
SQL: SELECT COUNT(*) FROM `article` [ RunTime:0.000188s ]
SQL: SELECT class, meaning navName FROM  `category` ORDER BY class ASC [ RunTime:0.000203s ]
SQL: SELECT id, title FROM `article` ORDER BY id DESC LIMIT 6 [ RunTime:0.000177s ]
INFO: [ view_parse ] --START--
INFO: [ template_filter ] --START--
INFO: Run Behavior\ContentReplaceBehavior [ RunTime:0.000218s ]
INFO: [ template_filter ] --END-- [ RunTime:0.000377s ]
NOTIC: [8] Use of undefined constant pages - assumed 'pages' G:\wamp\www\contest\Application\Runtime\Cache\Home\60bdf297392847b26d20f0097f9cd09f.php 第 106 行.
NOTIC: [8] Array to string conversion G:\wamp\www\contest\Application\Runtime\Cache\Home\60bdf297392847b26d20f0097f9cd09f.php 第 106 行.
INFO: Run Behavior\ParseTemplateBehavior [ RunTime:0.116441s ]
INFO: [ view_parse ] --END-- [ RunTime:0.116590s ]
INFO: [ view_filter ] --START--
INFO: Run Behavior\WriteHtmlCacheBehavior [ RunTime:0.001774s ]
INFO: [ view_filter ] --END-- [ RunTime:0.001910s ]
INFO: [ app_end ] --START--
INFO: Run Behavior\ShowPageTraceBehavior [ RunTime:0.000880s ]
INFO: [ app_end ] --END-- [ RunTime:0.000982s ]

[ 2014-12-05T23:44:01+08:00 ] ::1 /contest/index.php?s=/Home/Index/articleList/nav/2/page/1.html
INFO: [ app_init ] --START--
INFO: Run Behavior\BuildLiteBehavior [ RunTime:0.000020s ]
INFO: [ app_init ] --END-- [ RunTime:0.000486s ]
INFO: [ app_begin ] --START--
INFO: Run Behavior\ReadHtmlCacheBehavior [ RunTime:0.000722s ]
INFO: [ app_begin ] --END-- [ RunTime:0.000804s ]
SQL: SHOW COLUMNS FROM `article` [ RunTime:0.007518s ]
SQL: SELECT * FROM `article` WHERE class = '2' ORDER BY id DESC LIMIT 0, 6 [ RunTime:0.000345s ]
SQL: SHOW COLUMNS FROM `category` [ RunTime:0.007039s ]
SQL: SELECT meaning m FROM  `category` WHERE class = '2' [ RunTime:0.000273s ]
SQL: SELECT meaning m FROM  `category` WHERE class = '2' [ RunTime:0.000165s ]
SQL: SHOW COLUMNS FROM `member` [ RunTime:0.005415s ]
SQL: SELECT username FROM  `member` WHERE id =  '1' [ RunTime:0.000266s ]
SQL: SELECT username FROM  `member` WHERE id =  '1' [ RunTime:0.000160s ]
SQL: SELECT COUNT(*) FROM `article` WHERE class = '.2.' [ RunTime:0.000216s ]
SQL: SELECT class, meaning navName FROM  `category` ORDER BY class ASC [ RunTime:0.000201s ]
SQL: SELECT id, title FROM `article` ORDER BY id DESC LIMIT 6 [ RunTime:0.000152s ]
INFO: [ view_parse ] --START--
INFO: [ template_filter ] --START--
INFO: Run Behavior\ContentReplaceBehavior [ RunTime:0.000211s ]
INFO: [ template_filter ] --END-- [ RunTime:0.000329s ]
INFO: Run Behavior\ParseTemplateBehavior [ RunTime:0.067079s ]
INFO: [ view_parse ] --END-- [ RunTime:0.067195s ]
INFO: [ view_filter ] --START--
INFO: Run Behavior\WriteHtmlCacheBehavior [ RunTime:0.000485s ]
INFO: [ view_filter ] --END-- [ RunTime:0.000551s ]
INFO: [ app_end ] --START--
INFO: Run Behavior\ShowPageTraceBehavior [ RunTime:0.000736s ]
INFO: [ app_end ] --END-- [ RunTime:0.000823s ]

[ 2014-12-05T23:44:03+08:00 ] ::1 /contest/index.php?s=/Home/Index/articleList/nav/1/page/1.html
INFO: [ app_init ] --START--
INFO: Run Behavior\BuildLiteBehavior [ RunTime:0.000075s ]
INFO: [ app_init ] --END-- [ RunTime:0.001589s ]
INFO: [ app_begin ] --START--
INFO: Run Behavior\ReadHtmlCacheBehavior [ RunTime:0.000800s ]
INFO: [ app_begin ] --END-- [ RunTime:0.000906s ]
SQL: SHOW COLUMNS FROM `article` [ RunTime:0.008847s ]
SQL: SELECT * FROM `article` ORDER BY id DESC LIMIT 0, 6 [ RunTime:0.000343s ]
SQL: SHOW COLUMNS FROM `category` [ RunTime:0.006551s ]
SQL: SELECT meaning m FROM  `category` WHERE class = '5' [ RunTime:0.000273s ]
SQL: SELECT meaning m FROM  `category` WHERE class = '5' [ RunTime:0.000166s ]
SQL: SELECT meaning m FROM  `category` WHERE class = '5' [ RunTime:0.000206s ]
SQL: SELECT meaning m FROM  `category` WHERE class = '5' [ RunTime:0.000223s ]
SQL: SELECT meaning m FROM  `category` WHERE class = '5' [ RunTime:0.000199s ]
SQL: SELECT meaning m FROM  `category` WHERE class = '5' [ RunTime:0.000171s ]
SQL: SHOW COLUMNS FROM `member` [ RunTime:0.007199s ]
SQL: SELECT username FROM  `member` WHERE id =  '1' [ RunTime:0.000267s ]
SQL: SELECT username FROM  `member` WHERE id =  '1' [ RunTime:0.000164s ]
SQL: SELECT username FROM  `member` WHERE id =  '1' [ RunTime:0.000144s ]
SQL: SELECT username FROM  `member` WHERE id =  '1' [ RunTime:0.000135s ]
SQL: SELECT username FROM  `member` WHERE id =  '1' [ RunTime:0.000131s ]
SQL: SELECT username FROM  `member` WHERE id =  '1' [ RunTime:0.000127s ]
SQL: SELECT COUNT(*) FROM `article` [ RunTime:0.000145s ]
SQL: SELECT class, meaning navName FROM  `category` ORDER BY class ASC [ RunTime:0.000166s ]
SQL: SELECT id, title FROM `article` ORDER BY id DESC LIMIT 6 [ RunTime:0.000144s ]
INFO: [ view_parse ] --START--
INFO: [ template_filter ] --START--
INFO: Run Behavior\ContentReplaceBehavior [ RunTime:0.000124s ]
INFO: [ template_filter ] --END-- [ RunTime:0.000202s ]
NOTIC: [8] Use of undefined constant pages - assumed 'pages' G:\wamp\www\contest\Application\Runtime\Cache\Home\60bdf297392847b26d20f0097f9cd09f.php 第 106 行.
NOTIC: [8] Array to string conversion G:\wamp\www\contest\Application\Runtime\Cache\Home\60bdf297392847b26d20f0097f9cd09f.php 第 106 行.
INFO: Run Behavior\ParseTemplateBehavior [ RunTime:0.043728s ]
INFO: [ view_parse ] --END-- [ RunTime:0.043808s ]
INFO: [ view_filter ] --START--
INFO: Run Behavior\WriteHtmlCacheBehavior [ RunTime:0.000516s ]
INFO: [ view_filter ] --END-- [ RunTime:0.000581s ]
INFO: [ app_end ] --START--
INFO: Run Behavior\ShowPageTraceBehavior [ RunTime:0.000632s ]
INFO: [ app_end ] --END-- [ RunTime:0.000700s ]

[ 2014-12-05T23:48:58+08:00 ] ::1 /contest/index.php?s=/Home/Index/articleList/nav/1/page/1.html
INFO: [ app_init ] --START--
INFO: Run Behavior\BuildLiteBehavior [ RunTime:0.000033s ]
INFO: [ app_init ] --END-- [ RunTime:0.002498s ]
INFO: [ app_begin ] --START--
INFO: Run Behavior\ReadHtmlCacheBehavior [ RunTime:0.000815s ]
INFO: [ app_begin ] --END-- [ RunTime:0.000917s ]
SQL: SHOW COLUMNS FROM `article` [ RunTime:0.009963s ]
SQL: SELECT * FROM `article` ORDER BY id DESC LIMIT 0, 6 [ RunTime:0.000413s ]
SQL: SHOW COLUMNS FROM `category` [ RunTime:0.006853s ]
SQL: SELECT meaning m FROM  `category` WHERE class = '5' [ RunTime:0.000475s ]
SQL: SELECT meaning m FROM  `category` WHERE class = '5' [ RunTime:0.000235s ]
SQL: SELECT meaning m FROM  `category` WHERE class = '5' [ RunTime:0.000190s ]
SQL: SELECT meaning m FROM  `category` WHERE class = '5' [ RunTime:0.000185s ]
SQL: SELECT meaning m FROM  `category` WHERE class = '5' [ RunTime:0.000172s ]
SQL: SELECT meaning m FROM  `category` WHERE class = '5' [ RunTime:0.000202s ]
SQL: SHOW COLUMNS FROM `member` [ RunTime:0.008083s ]
SQL: SELECT username FROM  `member` WHERE id =  '1' [ RunTime:0.000322s ]
SQL: SELECT username FROM  `member` WHERE id =  '1' [ RunTime:0.000183s ]
SQL: SELECT username FROM  `member` WHERE id =  '1' [ RunTime:0.000167s ]
SQL: SELECT username FROM  `member` WHERE id =  '1' [ RunTime:0.000164s ]
SQL: SELECT username FROM  `member` WHERE id =  '1' [ RunTime:0.000188s ]
SQL: SELECT username FROM  `member` WHERE id =  '1' [ RunTime:0.000165s ]
SQL: SELECT COUNT(*) FROM `article` [ RunTime:0.000172s ]
SQL: SELECT class, meaning navName FROM  `category` ORDER BY class ASC [ RunTime:0.000204s ]
SQL: SELECT id, title FROM `article` ORDER BY id DESC LIMIT 6 [ RunTime:0.000175s ]
INFO: [ view_parse ] --START--
INFO: [ template_filter ] --START--
INFO: Run Behavior\ContentReplaceBehavior [ RunTime:0.000127s ]
INFO: [ template_filter ] --END-- [ RunTime:0.000207s ]
NOTIC: [8] Use of undefined constant pages - assumed 'pages' G:\wamp\www\contest\Application\Runtime\Cache\Home\60bdf297392847b26d20f0097f9cd09f.php 第 106 行.
NOTIC: [8] Array to string conversion G:\wamp\www\contest\Application\Runtime\Cache\Home\60bdf297392847b26d20f0097f9cd09f.php 第 106 行.
INFO: Run Behavior\ParseTemplateBehavior [ RunTime:0.054360s ]
INFO: [ view_parse ] --END-- [ RunTime:0.054437s ]
INFO: [ view_filter ] --START--
INFO: Run Behavior\WriteHtmlCacheBehavior [ RunTime:0.000484s ]
INFO: [ view_filter ] --END-- [ RunTime:0.000547s ]
INFO: [ app_end ] --START--
INFO: Run Behavior\ShowPageTraceBehavior [ RunTime:0.000606s ]
INFO: [ app_end ] --END-- [ RunTime:0.000675s ]

[ 2014-12-05T23:50:57+08:00 ] ::1 /contest/index.php?s=/Home/Index/articleList/nav/1/page/1.html
INFO: [ app_init ] --START--
INFO: Run Behavior\BuildLiteBehavior [ RunTime:0.000021s ]
INFO: [ app_init ] --END-- [ RunTime:0.000504s ]
INFO: [ app_begin ] --START--
INFO: Run Behavior\ReadHtmlCacheBehavior [ RunTime:0.000670s ]
INFO: [ app_begin ] --END-- [ RunTime:0.000742s ]
SQL: SHOW COLUMNS FROM `article` [ RunTime:0.019699s ]
SQL: SELECT * FROM `article` ORDER BY id DESC LIMIT 0, 6 [ RunTime:0.000351s ]
SQL: SHOW COLUMNS FROM `category` [ RunTime:0.005414s ]
SQL: SELECT meaning m FROM  `category` WHERE class = '5' [ RunTime:0.000336s ]
SQL: SELECT meaning m FROM  `category` WHERE class = '5' [ RunTime:0.000215s ]
SQL: SELECT meaning m FROM  `category` WHERE class = '5' [ RunTime:0.000226s ]
SQL: SELECT meaning m FROM  `category` WHERE class = '5' [ RunTime:0.000216s ]
SQL: SELECT meaning m FROM  `category` WHERE class = '5' [ RunTime:0.000213s ]
SQL: SELECT meaning m FROM  `category` WHERE class = '5' [ RunTime:0.000215s ]
SQL: SHOW COLUMNS FROM `member` [ RunTime:0.005753s ]
SQL: SELECT username FROM  `member` WHERE id =  '1' [ RunTime:0.000323s ]
SQL: SELECT username FROM  `member` WHERE id =  '1' [ RunTime:0.000296s ]
SQL: SELECT username FROM  `member` WHERE id =  '1' [ RunTime:0.000220s ]
SQL: SELECT username FROM  `member` WHERE id =  '1' [ RunTime:0.000211s ]
SQL: SELECT username FROM  `member` WHERE id =  '1' [ RunTime:0.000210s ]
SQL: SELECT username FROM  `member` WHERE id =  '1' [ RunTime:0.000235s ]
SQL: SELECT COUNT(*) FROM `article` [ RunTime:0.000223s ]
SQL: SELECT class, meaning navName FROM  `category` ORDER BY class ASC [ RunTime:0.000252s ]
SQL: SELECT id, title FROM `article` ORDER BY id DESC LIMIT 6 [ RunTime:0.000235s ]
INFO: [ view_parse ] --START--
INFO: [ template_filter ] --START--
INFO: Run Behavior\ContentReplaceBehavior [ RunTime:0.000128s ]
INFO: [ template_filter ] --END-- [ RunTime:0.000219s ]
NOTIC: [8] Use of undefined constant pages - assumed 'pages' G:\wamp\www\contest\Application\Runtime\Cache\Home\60bdf297392847b26d20f0097f9cd09f.php 第 106 行.
NOTIC: [8] Array to string conversion G:\wamp\www\contest\Application\Runtime\Cache\Home\60bdf297392847b26d20f0097f9cd09f.php 第 106 行.
INFO: Run Behavior\ParseTemplateBehavior [ RunTime:0.041431s ]
INFO: [ view_parse ] --END-- [ RunTime:0.041518s ]
INFO: [ view_filter ] --START--
INFO: Run Behavior\WriteHtmlCacheBehavior [ RunTime:0.000549s ]
INFO: [ view_filter ] --END-- [ RunTime:0.000622s ]
INFO: [ app_end ] --START--
INFO: Run Behavior\ShowPageTraceBehavior [ RunTime:0.000688s ]
INFO: [ app_end ] --END-- [ RunTime:0.000750s ]

[ 2014-12-05T23:53:13+08:00 ] ::1 /contest/index.php?s=/Home/Index/articleList/nav/1/page/1.html
INFO: [ app_init ] --START--
INFO: Run Behavior\BuildLiteBehavior [ RunTime:0.000027s ]
INFO: [ app_init ] --END-- [ RunTime:0.000405s ]
INFO: [ app_begin ] --START--
INFO: Run Behavior\ReadHtmlCacheBehavior [ RunTime:0.000599s ]
INFO: [ app_begin ] --END-- [ RunTime:0.000684s ]
SQL: SHOW COLUMNS FROM `article` [ RunTime:0.036156s ]
SQL: SELECT * FROM `article` ORDER BY id DESC LIMIT 0, 6 [ RunTime:0.000366s ]
SQL: SHOW COLUMNS FROM `category` [ RunTime:0.007198s ]
SQL: SELECT meaning m FROM  `category` WHERE class = '5' [ RunTime:0.000320s ]
SQL: SELECT meaning m FROM  `category` WHERE class = '5' [ RunTime:0.000210s ]
SQL: SELECT meaning m FROM  `category` WHERE class = '5' [ RunTime:0.000301s ]
SQL: SELECT meaning m FROM  `category` WHERE class = '5' [ RunTime:0.000241s ]
SQL: SELECT meaning m FROM  `category` WHERE class = '5' [ RunTime:0.000232s ]
SQL: SELECT meaning m FROM  `category` WHERE class = '5' [ RunTime:0.000227s ]
SQL: SHOW COLUMNS FROM `member` [ RunTime:0.014657s ]
SQL: SELECT username FROM  `member` WHERE id =  '1' [ RunTime:0.000296s ]
SQL: SELECT username FROM  `member` WHERE id =  '1' [ RunTime:0.000225s ]
SQL: SELECT username FROM  `member` WHERE id =  '1' [ RunTime:0.000214s ]
SQL: SELECT username FROM  `member` WHERE id =  '1' [ RunTime:0.000211s ]
SQL: SELECT username FROM  `member` WHERE id =  '1' [ RunTime:0.000207s ]
SQL: SELECT username FROM  `member` WHERE id =  '1' [ RunTime:0.000196s ]
SQL: SELECT COUNT(*) FROM `article` [ RunTime:0.000251s ]
SQL: SELECT class, meaning navName FROM  `category` ORDER BY class ASC [ RunTime:0.000303s ]
SQL: SELECT id, title FROM `article` ORDER BY id DESC LIMIT 6 [ RunTime:0.000228s ]
INFO: [ view_parse ] --START--
INFO: [ template_filter ] --START--
INFO: Run Behavior\ContentReplaceBehavior [ RunTime:0.000180s ]
INFO: [ template_filter ] --END-- [ RunTime:0.000298s ]
NOTIC: [8] Use of undefined constant pages - assumed 'pages' G:\wamp\www\contest\Application\Runtime\Cache\Home\60bdf297392847b26d20f0097f9cd09f.php 第 106 行.
NOTIC: [8] Array to string conversion G:\wamp\www\contest\Application\Runtime\Cache\Home\60bdf297392847b26d20f0097f9cd09f.php 第 106 行.
INFO: Run Behavior\ParseTemplateBehavior [ RunTime:0.040980s ]
INFO: [ view_parse ] --END-- [ RunTime:0.041050s ]
INFO: [ view_filter ] --START--
INFO: Run Behavior\WriteHtmlCacheBehavior [ RunTime:0.000614s ]
INFO: [ view_filter ] --END-- [ RunTime:0.000693s ]
INFO: [ app_end ] --START--
INFO: Run Behavior\ShowPageTraceBehavior [ RunTime:0.000741s ]
INFO: [ app_end ] --END-- [ RunTime:0.000808s ]

[ 2014-12-05T23:53:29+08:00 ] ::1 /contest/index.php?s=/Home/Index/index.html
INFO: [ app_init ] --START--
INFO: Run Behavior\BuildLiteBehavior [ RunTime:0.000020s ]
INFO: [ app_init ] --END-- [ RunTime:0.000490s ]
INFO: [ app_begin ] --START--
INFO: Run Behavior\ReadHtmlCacheBehavior [ RunTime:0.000788s ]
INFO: [ app_begin ] --END-- [ RunTime:0.000896s ]
INFO: [ view_parse ] --START--
INFO: [ template_filter ] --START--
INFO: Run Behavior\ContentReplaceBehavior [ RunTime:0.000106s ]
INFO: [ template_filter ] --END-- [ RunTime:0.000189s ]
INFO: Run Behavior\ParseTemplateBehavior [ RunTime:0.020707s ]
INFO: [ view_parse ] --END-- [ RunTime:0.021044s ]
INFO: [ view_filter ] --START--
INFO: Run Behavior\WriteHtmlCacheBehavior [ RunTime:0.001163s ]
INFO: [ view_filter ] --END-- [ RunTime:0.001339s ]
INFO: [ app_end ] --START--
INFO: Run Behavior\ShowPageTraceBehavior [ RunTime:0.000850s ]
INFO: [ app_end ] --END-- [ RunTime:0.000975s ]

[ 2014-12-05T23:53:43+08:00 ] ::1 /contest/index.php?s=/Home/Index/index.html
INFO: [ app_init ] --START--
INFO: Run Behavior\BuildLiteBehavior [ RunTime:0.000020s ]
INFO: [ app_init ] --END-- [ RunTime:0.000406s ]
INFO: [ app_begin ] --START--
INFO: Run Behavior\ReadHtmlCacheBehavior [ RunTime:0.000651s ]
INFO: [ app_begin ] --END-- [ RunTime:0.000741s ]
INFO: [ view_parse ] --START--
INFO: [ template_filter ] --START--
INFO: Run Behavior\ContentReplaceBehavior [ RunTime:0.000176s ]
INFO: [ template_filter ] --END-- [ RunTime:0.000399s ]
INFO: Run Behavior\ParseTemplateBehavior [ RunTime:0.081188s ]
INFO: [ view_parse ] --END-- [ RunTime:0.081294s ]
INFO: [ view_filter ] --START--
INFO: Run Behavior\WriteHtmlCacheBehavior [ RunTime:0.000393s ]
INFO: [ view_filter ] --END-- [ RunTime:0.000455s ]
INFO: [ app_end ] --START--
INFO: Run Behavior\ShowPageTraceBehavior [ RunTime:0.000644s ]
INFO: [ app_end ] --END-- [ RunTime:0.000712s ]

