[ 2014-11-26T12:19:50+08:00 ] ::1 /contest/
INFO: [ app_init ] --START--
INFO: Run Behavior\BuildLiteBehavior [ RunTime:0.000025s ]
INFO: [ app_init ] --END-- [ RunTime:0.006393s ]
INFO: [ app_begin ] --START--
INFO: Run Behavior\ReadHtmlCacheBehavior [ RunTime:0.005135s ]
INFO: [ app_begin ] --END-- [ RunTime:0.005246s ]
INFO: [ view_parse ] --START--
INFO: [ template_filter ] --START--
INFO: Run Behavior\ContentReplaceBehavior [ RunTime:0.000283s ]
INFO: [ template_filter ] --END-- [ RunTime:0.000698s ]
INFO: Run Behavior\ParseTemplateBehavior [ RunTime:0.101920s ]
INFO: [ view_parse ] --END-- [ RunTime:0.102013s ]
INFO: [ view_filter ] --START--
INFO: Run Behavior\WriteHtmlCacheBehavior [ RunTime:0.002917s ]
INFO: [ view_filter ] --END-- [ RunTime:0.002998s ]
INFO: [ app_end ] --START--
INFO: Run Behavior\ShowPageTraceBehavior [ RunTime:0.003605s ]
INFO: [ app_end ] --END-- [ RunTime:0.003688s ]

[ 2014-11-26T12:19:53+08:00 ] ::1 /contest/index.php?s=/Home/Index/articleList.html
INFO: [ app_init ] --START--
INFO: Run Behavior\BuildLiteBehavior [ RunTime:0.000026s ]
INFO: [ app_init ] --END-- [ RunTime:0.000444s ]
INFO: [ app_begin ] --START--
INFO: Run Behavior\ReadHtmlCacheBehavior [ RunTime:0.000845s ]
INFO: [ app_begin ] --END-- [ RunTime:0.000997s ]
INFO: [ view_parse ] --START--
INFO: [ template_filter ] --START--
INFO: Run Behavior\ContentReplaceBehavior [ RunTime:0.000159s ]
INFO: [ template_filter ] --END-- [ RunTime:0.000237s ]
NOTIC: [8] Use of undefined constant pages - assumed 'pages' G:\wamp\www\contest\Application\Runtime\Cache\Home\60bdf297392847b26d20f0097f9cd09f.php 第 160 行.
NOTIC: [8] Array to string conversion G:\wamp\www\contest\Application\Runtime\Cache\Home\60bdf297392847b26d20f0097f9cd09f.php 第 160 行.
INFO: Run Behavior\ParseTemplateBehavior [ RunTime:0.103106s ]
INFO: [ view_parse ] --END-- [ RunTime:0.103199s ]
INFO: [ view_filter ] --START--
INFO: Run Behavior\WriteHtmlCacheBehavior [ RunTime:0.000337s ]
INFO: [ view_filter ] --END-- [ RunTime:0.000409s ]
INFO: [ app_end ] --START--
INFO: Run Behavior\ShowPageTraceBehavior [ RunTime:0.000512s ]
INFO: [ app_end ] --END-- [ RunTime:0.000575s ]

[ 2014-11-26T12:22:37+08:00 ] ::1 /contest/index.php?s=/Home/Index/articleList.html
INFO: [ app_init ] --START--
INFO: Run Behavior\BuildLiteBehavior [ RunTime:0.000025s ]
INFO: [ app_init ] --END-- [ RunTime:0.000412s ]
INFO: [ app_begin ] --START--
INFO: Run Behavior\ReadHtmlCacheBehavior [ RunTime:0.000560s ]
INFO: [ app_begin ] --END-- [ RunTime:0.000637s ]
INFO: [ view_parse ] --START--
INFO: [ template_filter ] --START--
INFO: Run Behavior\ContentReplaceBehavior [ RunTime:0.000129s ]
INFO: [ template_filter ] --END-- [ RunTime:0.000220s ]
NOTIC: [8] Use of undefined constant pages - assumed 'pages' G:\wamp\www\contest\Application\Runtime\Cache\Home\60bdf297392847b26d20f0097f9cd09f.php 第 160 行.
NOTIC: [8] Array to string conversion G:\wamp\www\contest\Application\Runtime\Cache\Home\60bdf297392847b26d20f0097f9cd09f.php 第 160 行.
INFO: Run Behavior\ParseTemplateBehavior [ RunTime:0.033553s ]
INFO: [ view_parse ] --END-- [ RunTime:0.033662s ]
INFO: [ view_filter ] --START--
INFO: Run Behavior\WriteHtmlCacheBehavior [ RunTime:0.000462s ]
INFO: [ view_filter ] --END-- [ RunTime:0.000526s ]
INFO: [ app_end ] --START--
INFO: Run Behavior\ShowPageTraceBehavior [ RunTime:0.000573s ]
INFO: [ app_end ] --END-- [ RunTime:0.000638s ]

[ 2014-11-26T12:23:37+08:00 ] ::1 /contest/index.php?s=/Home/Index/articleList.html
INFO: [ app_init ] --START--
INFO: Run Behavior\BuildLiteBehavior [ RunTime:0.000023s ]
INFO: [ app_init ] --END-- [ RunTime:0.000546s ]
INFO: [ app_begin ] --START--
INFO: Run Behavior\ReadHtmlCacheBehavior [ RunTime:0.000944s ]
INFO: [ app_begin ] --END-- [ RunTime:0.001051s ]
INFO: [ view_parse ] --START--
INFO: [ template_filter ] --START--
INFO: Run Behavior\ContentReplaceBehavior [ RunTime:0.000145s ]
INFO: [ template_filter ] --END-- [ RunTime:0.000231s ]
NOTIC: [8] Use of undefined constant pages - assumed 'pages' G:\wamp\www\contest\Application\Runtime\Cache\Home\60bdf297392847b26d20f0097f9cd09f.php 第 160 行.
NOTIC: [8] Array to string conversion G:\wamp\www\contest\Application\Runtime\Cache\Home\60bdf297392847b26d20f0097f9cd09f.php 第 160 行.
INFO: Run Behavior\ParseTemplateBehavior [ RunTime:0.049756s ]
INFO: [ view_parse ] --END-- [ RunTime:0.049835s ]
INFO: [ view_filter ] --START--
INFO: Run Behavior\WriteHtmlCacheBehavior [ RunTime:0.000338s ]
INFO: [ view_filter ] --END-- [ RunTime:0.000399s ]
INFO: [ app_end ] --START--
INFO: Run Behavior\ShowPageTraceBehavior [ RunTime:0.000545s ]
INFO: [ app_end ] --END-- [ RunTime:0.000618s ]

[ 2014-11-26T12:25:34+08:00 ] ::1 /contest/index.php?s=/Home/Index/articleList.html
INFO: [ app_init ] --START--
INFO: Run Behavior\BuildLiteBehavior [ RunTime:0.000023s ]
INFO: [ app_init ] --END-- [ RunTime:0.000422s ]
INFO: [ app_begin ] --START--
INFO: Run Behavior\ReadHtmlCacheBehavior [ RunTime:0.001261s ]
INFO: [ app_begin ] --END-- [ RunTime:0.001503s ]
INFO: [ view_parse ] --START--
INFO: [ template_filter ] --START--
INFO: Run Behavior\ContentReplaceBehavior [ RunTime:0.000204s ]
INFO: [ template_filter ] --END-- [ RunTime:0.000414s ]
NOTIC: [8] Use of undefined constant pages - assumed 'pages' G:\wamp\www\contest\Application\Runtime\Cache\Home\60bdf297392847b26d20f0097f9cd09f.php 第 160 行.
NOTIC: [8] Array to string conversion G:\wamp\www\contest\Application\Runtime\Cache\Home\60bdf297392847b26d20f0097f9cd09f.php 第 160 行.
INFO: Run Behavior\ParseTemplateBehavior [ RunTime:0.046004s ]
INFO: [ view_parse ] --END-- [ RunTime:0.046096s ]
INFO: [ view_filter ] --START--
INFO: Run Behavior\WriteHtmlCacheBehavior [ RunTime:0.000461s ]
INFO: [ view_filter ] --END-- [ RunTime:0.000527s ]
INFO: [ app_end ] --START--
INFO: Run Behavior\ShowPageTraceBehavior [ RunTime:0.000516s ]
INFO: [ app_end ] --END-- [ RunTime:0.000578s ]

[ 2014-11-26T12:25:38+08:00 ] ::1 /contest/index.php?s=/Home/Index/articleList.html
INFO: [ app_init ] --START--
INFO: Run Behavior\BuildLiteBehavior [ RunTime:0.000021s ]
INFO: [ app_init ] --END-- [ RunTime:0.000483s ]
INFO: [ app_begin ] --START--
INFO: Run Behavior\ReadHtmlCacheBehavior [ RunTime:0.000607s ]
INFO: [ app_begin ] --END-- [ RunTime:0.000682s ]
INFO: [ view_parse ] --START--
INFO: [ template_filter ] --START--
INFO: Run Behavior\ContentReplaceBehavior [ RunTime:0.000129s ]
INFO: [ template_filter ] --END-- [ RunTime:0.000205s ]
NOTIC: [8] Use of undefined constant pages - assumed 'pages' G:\wamp\www\contest\Application\Runtime\Cache\Home\60bdf297392847b26d20f0097f9cd09f.php 第 160 行.
NOTIC: [8] Array to string conversion G:\wamp\www\contest\Application\Runtime\Cache\Home\60bdf297392847b26d20f0097f9cd09f.php 第 160 行.
INFO: Run Behavior\ParseTemplateBehavior [ RunTime:0.049194s ]
INFO: [ view_parse ] --END-- [ RunTime:0.049281s ]
INFO: [ view_filter ] --START--
INFO: Run Behavior\WriteHtmlCacheBehavior [ RunTime:0.000623s ]
INFO: [ view_filter ] --END-- [ RunTime:0.000746s ]
INFO: [ app_end ] --START--
INFO: Run Behavior\ShowPageTraceBehavior [ RunTime:0.000728s ]
INFO: [ app_end ] --END-- [ RunTime:0.000810s ]

[ 2014-11-26T12:26:46+08:00 ] ::1 /contest/index.php?s=/Home/Index/articleList.html
INFO: [ app_init ] --START--
INFO: Run Behavior\BuildLiteBehavior [ RunTime:0.000094s ]
INFO: [ app_init ] --END-- [ RunTime:0.001152s ]
INFO: [ app_begin ] --START--
INFO: Run Behavior\ReadHtmlCacheBehavior [ RunTime:0.000744s ]
INFO: [ app_begin ] --END-- [ RunTime:0.000908s ]
INFO: [ view_parse ] --START--
INFO: [ template_filter ] --START--
INFO: Run Behavior\ContentReplaceBehavior [ RunTime:0.000334s ]
INFO: [ template_filter ] --END-- [ RunTime:0.000626s ]
NOTIC: [8] Use of undefined constant pages - assumed 'pages' G:\wamp\www\contest\Application\Runtime\Cache\Home\60bdf297392847b26d20f0097f9cd09f.php 第 160 行.
NOTIC: [8] Array to string conversion G:\wamp\www\contest\Application\Runtime\Cache\Home\60bdf297392847b26d20f0097f9cd09f.php 第 160 行.
INFO: Run Behavior\ParseTemplateBehavior [ RunTime:0.045239s ]
INFO: [ view_parse ] --END-- [ RunTime:0.045413s ]
INFO: [ view_filter ] --START--
INFO: Run Behavior\WriteHtmlCacheBehavior [ RunTime:0.000341s ]
INFO: [ view_filter ] --END-- [ RunTime:0.000401s ]
INFO: [ app_end ] --START--
INFO: Run Behavior\ShowPageTraceBehavior [ RunTime:0.000639s ]
INFO: [ app_end ] --END-- [ RunTime:0.000725s ]

