[ 2014-12-07T00:00:37+08:00 ] 127.0.0.1 /contest/index.php?s=/Home/Index/articleList/nav/1/page/1.html
INFO: [ app_init ] --START--
INFO: Run Behavior\BuildLiteBehavior [ RunTime:0.000025s ]
INFO: [ app_init ] --END-- [ RunTime:0.000446s ]
INFO: [ app_begin ] --START--
INFO: Run Behavior\ReadHtmlCacheBehavior [ RunTime:0.000642s ]
INFO: [ app_begin ] --END-- [ RunTime:0.000768s ]
SQL: SHOW COLUMNS FROM `member` [ RunTime:0.003748s ]
SQL: SELECT status FROM  `member` WHERE id =  '8' [ RunTime:0.000261s ]
SQL: SHOW COLUMNS FROM `article` [ RunTime:0.004138s ]
SQL: SELECT * FROM `article` ORDER BY id DESC LIMIT 0, 6 [ RunTime:0.001062s ]
SQL: SHOW COLUMNS FROM `category` [ RunTime:0.003452s ]
SQL: SELECT meaning m FROM  `category` WHERE class = '3' [ RunTime:0.000270s ]
SQL: SELECT meaning m FROM  `category` WHERE class = '4' [ RunTime:0.000172s ]
SQL: SELECT meaning m FROM  `category` WHERE class = '2' [ RunTime:0.000162s ]
SQL: SELECT meaning m FROM  `category` WHERE class = '6' [ RunTime:0.000166s ]
SQL: SELECT meaning m FROM  `category` WHERE class = '5' [ RunTime:0.000162s ]
SQL: SELECT meaning m FROM  `category` WHERE class = '10' [ RunTime:0.000198s ]
SQL: SELECT username FROM  `member` WHERE id =  '8' [ RunTime:0.000260s ]
SQL: SELECT username FROM  `member` WHERE id =  '8' [ RunTime:0.000237s ]
SQL: SELECT username FROM  `member` WHERE id =  '8' [ RunTime:0.000168s ]
SQL: SELECT username FROM  `member` WHERE id =  '8' [ RunTime:0.000160s ]
SQL: SELECT username FROM  `member` WHERE id =  '8' [ RunTime:0.000163s ]
SQL: SELECT username FROM  `member` WHERE id =  '8' [ RunTime:0.000171s ]
SQL: SELECT COUNT(*) FROM `article` [ RunTime:0.000165s ]
SQL: SELECT class, meaning navName FROM  `category` ORDER BY class ASC LIMIT 12 [ RunTime:0.000195s ]
SQL: SELECT id, title FROM `article` ORDER BY id DESC LIMIT 6 [ RunTime:0.000173s ]
INFO: [ view_parse ] --START--
INFO: [ template_filter ] --START--
INFO: Run Behavior\ContentReplaceBehavior [ RunTime:0.000211s ]
INFO: [ template_filter ] --END-- [ RunTime:0.000315s ]
NOTIC: [8] Use of undefined constant pages - assumed 'pages' D:\wamp\www\contest\Application\Runtime\Cache\Home\ce9b301632fad33703bd705746315f14.php 第 113 行.
NOTIC: [8] Array to string conversion D:\wamp\www\contest\Application\Runtime\Cache\Home\ce9b301632fad33703bd705746315f14.php 第 113 行.
INFO: Run Behavior\ParseTemplateBehavior [ RunTime:0.021704s ]
INFO: [ view_parse ] --END-- [ RunTime:0.021794s ]
INFO: [ view_filter ] --START--
INFO: Run Behavior\WriteHtmlCacheBehavior [ RunTime:0.000445s ]
INFO: [ view_filter ] --END-- [ RunTime:0.000541s ]
INFO: [ app_end ] --START--
INFO: Run Behavior\ShowPageTraceBehavior [ RunTime:0.000597s ]
INFO: [ app_end ] --END-- [ RunTime:0.000671s ]

[ 2014-12-07T00:00:39+08:00 ] 127.0.0.1 /contest/index.php?s=/Home/Index/articleList/nav/1/page/2.html
INFO: [ app_init ] --START--
INFO: Run Behavior\BuildLiteBehavior [ RunTime:0.000035s ]
INFO: [ app_init ] --END-- [ RunTime:0.000463s ]
INFO: [ app_begin ] --START--
INFO: Run Behavior\ReadHtmlCacheBehavior [ RunTime:0.000636s ]
INFO: [ app_begin ] --END-- [ RunTime:0.000725s ]
SQL: SHOW COLUMNS FROM `member` [ RunTime:0.003817s ]
SQL: SELECT status FROM  `member` WHERE id =  '8' [ RunTime:0.000296s ]
SQL: SHOW COLUMNS FROM `article` [ RunTime:0.003755s ]
SQL: SELECT * FROM `article` ORDER BY id DESC LIMIT 6, 6 [ RunTime:0.000618s ]
SQL: SHOW COLUMNS FROM `category` [ RunTime:0.003766s ]
SQL: SELECT meaning m FROM  `category` WHERE class = '7' [ RunTime:0.000257s ]
SQL: SELECT meaning m FROM  `category` WHERE class = '8' [ RunTime:0.000172s ]
SQL: SELECT meaning m FROM  `category` WHERE class = '2' [ RunTime:0.000173s ]
SQL: SELECT meaning m FROM  `category` WHERE class = '2' [ RunTime:0.000164s ]
SQL: SELECT username FROM  `member` WHERE id =  '8' [ RunTime:0.000172s ]
SQL: SELECT username FROM  `member` WHERE id =  '8' [ RunTime:0.000174s ]
SQL: SELECT username FROM  `member` WHERE id =  '1' [ RunTime:0.000161s ]
SQL: SELECT username FROM  `member` WHERE id =  '1' [ RunTime:0.000154s ]
SQL: SELECT COUNT(*) FROM `article` [ RunTime:0.000169s ]
SQL: SELECT class, meaning navName FROM  `category` ORDER BY class ASC LIMIT 12 [ RunTime:0.000198s ]
SQL: SELECT id, title FROM `article` ORDER BY id DESC LIMIT 6 [ RunTime:0.000200s ]
INFO: [ view_parse ] --START--
INFO: [ template_filter ] --START--
INFO: Run Behavior\ContentReplaceBehavior [ RunTime:0.000180s ]
INFO: [ template_filter ] --END-- [ RunTime:0.000272s ]
INFO: Run Behavior\ParseTemplateBehavior [ RunTime:0.021078s ]
INFO: [ view_parse ] --END-- [ RunTime:0.021171s ]
INFO: [ view_filter ] --START--
INFO: Run Behavior\WriteHtmlCacheBehavior [ RunTime:0.000424s ]
INFO: [ view_filter ] --END-- [ RunTime:0.000497s ]
INFO: [ app_end ] --START--
INFO: Run Behavior\ShowPageTraceBehavior [ RunTime:0.000634s ]
INFO: [ app_end ] --END-- [ RunTime:0.000714s ]

[ 2014-12-07T00:00:56+08:00 ] 127.0.0.1 /contest/index.php?s=/Home/Index/articleList/nav/1/page/2.html
INFO: [ app_init ] --START--
INFO: Run Behavior\BuildLiteBehavior [ RunTime:0.000030s ]
INFO: [ app_init ] --END-- [ RunTime:0.000531s ]
INFO: [ app_begin ] --START--
INFO: Run Behavior\ReadHtmlCacheBehavior [ RunTime:0.000650s ]
INFO: [ app_begin ] --END-- [ RunTime:0.000744s ]
SQL: SHOW COLUMNS FROM `member` [ RunTime:0.003681s ]
SQL: SELECT status FROM  `member` WHERE id =  '8' [ RunTime:0.000262s ]
SQL: SHOW COLUMNS FROM `article` [ RunTime:0.003762s ]
SQL: SELECT * FROM `article` ORDER BY id DESC LIMIT 6, 6 [ RunTime:0.000563s ]
SQL: SHOW COLUMNS FROM `category` [ RunTime:0.004325s ]
SQL: SELECT meaning m FROM  `category` WHERE class = '7' [ RunTime:0.000337s ]
SQL: SELECT meaning m FROM  `category` WHERE class = '8' [ RunTime:0.000163s ]
SQL: SELECT meaning m FROM  `category` WHERE class = '2' [ RunTime:0.000172s ]
SQL: SELECT meaning m FROM  `category` WHERE class = '2' [ RunTime:0.000164s ]
SQL: SELECT username FROM  `member` WHERE id =  '8' [ RunTime:0.000216s ]
SQL: SELECT username FROM  `member` WHERE id =  '8' [ RunTime:0.000185s ]
SQL: SELECT username FROM  `member` WHERE id =  '1' [ RunTime:0.000215s ]
SQL: SELECT username FROM  `member` WHERE id =  '1' [ RunTime:0.000165s ]
SQL: SELECT COUNT(*) FROM `article` [ RunTime:0.000155s ]
SQL: SELECT class, meaning navName FROM  `category` ORDER BY class ASC LIMIT 12 [ RunTime:0.000206s ]
SQL: SELECT id, title FROM `article` ORDER BY id DESC LIMIT 6 [ RunTime:0.000180s ]
INFO: [ view_parse ] --START--
INFO: [ template_filter ] --START--
INFO: Run Behavior\ContentReplaceBehavior [ RunTime:0.000199s ]
INFO: [ template_filter ] --END-- [ RunTime:0.000285s ]
INFO: Run Behavior\ParseTemplateBehavior [ RunTime:0.021233s ]
INFO: [ view_parse ] --END-- [ RunTime:0.021322s ]
INFO: [ view_filter ] --START--
INFO: Run Behavior\WriteHtmlCacheBehavior [ RunTime:0.000394s ]
INFO: [ view_filter ] --END-- [ RunTime:0.000463s ]
INFO: [ app_end ] --START--
INFO: Run Behavior\ShowPageTraceBehavior [ RunTime:0.000641s ]
INFO: [ app_end ] --END-- [ RunTime:0.000723s ]

[ 2014-12-07T00:01:09+08:00 ] 127.0.0.1 /contest/index.php?s=/Home/Index/articleList/nav/1/page/2.html
INFO: [ app_init ] --START--
INFO: Run Behavior\BuildLiteBehavior [ RunTime:0.000024s ]
INFO: [ app_init ] --END-- [ RunTime:0.000473s ]
INFO: [ app_begin ] --START--
INFO: Run Behavior\ReadHtmlCacheBehavior [ RunTime:0.000750s ]
INFO: [ app_begin ] --END-- [ RunTime:0.000852s ]
SQL: SHOW COLUMNS FROM `member` [ RunTime:0.003849s ]
SQL: SELECT status FROM  `member` WHERE id =  '8' [ RunTime:0.000254s ]
SQL: SHOW COLUMNS FROM `article` [ RunTime:0.003443s ]
SQL: SELECT * FROM `article` ORDER BY id DESC LIMIT 6, 6 [ RunTime:0.000557s ]
SQL: SHOW COLUMNS FROM `category` [ RunTime:0.003287s ]
SQL: SELECT meaning m FROM  `category` WHERE class = '7' [ RunTime:0.000239s ]
SQL: SELECT meaning m FROM  `category` WHERE class = '8' [ RunTime:0.000161s ]
SQL: SELECT meaning m FROM  `category` WHERE class = '2' [ RunTime:0.000155s ]
SQL: SELECT meaning m FROM  `category` WHERE class = '2' [ RunTime:0.000157s ]
SQL: SELECT username FROM  `member` WHERE id =  '8' [ RunTime:0.000164s ]
SQL: SELECT username FROM  `member` WHERE id =  '8' [ RunTime:0.000171s ]
SQL: SELECT username FROM  `member` WHERE id =  '1' [ RunTime:0.000151s ]
SQL: SELECT username FROM  `member` WHERE id =  '1' [ RunTime:0.000145s ]
SQL: SELECT COUNT(*) FROM `article` [ RunTime:0.000161s ]
SQL: SELECT class, meaning navName FROM  `category` ORDER BY class ASC LIMIT 12 [ RunTime:0.000200s ]
SQL: SELECT id, title FROM `article` ORDER BY id DESC LIMIT 6 [ RunTime:0.000160s ]
INFO: [ view_parse ] --START--
INFO: [ template_filter ] --START--
INFO: Run Behavior\ContentReplaceBehavior [ RunTime:0.000196s ]
INFO: [ template_filter ] --END-- [ RunTime:0.000301s ]
INFO: Run Behavior\ParseTemplateBehavior [ RunTime:0.021251s ]
INFO: [ view_parse ] --END-- [ RunTime:0.021349s ]
INFO: [ view_filter ] --START--
INFO: Run Behavior\WriteHtmlCacheBehavior [ RunTime:0.000402s ]
INFO: [ view_filter ] --END-- [ RunTime:0.000493s ]
INFO: [ app_end ] --START--
INFO: Run Behavior\ShowPageTraceBehavior [ RunTime:0.000613s ]
INFO: [ app_end ] --END-- [ RunTime:0.000691s ]

[ 2014-12-07T00:01:25+08:00 ] 127.0.0.1 /contest/index.php?s=/Home/Admin/index
INFO: [ app_init ] --START--
INFO: Run Behavior\BuildLiteBehavior [ RunTime:0.000030s ]
INFO: [ app_init ] --END-- [ RunTime:0.000672s ]
INFO: [ app_begin ] --START--
INFO: Run Behavior\ReadHtmlCacheBehavior [ RunTime:0.000786s ]
INFO: [ app_begin ] --END-- [ RunTime:0.000922s ]
SQL: SHOW COLUMNS FROM `member` [ RunTime:0.003567s ]
SQL: SELECT status FROM  `member` WHERE id =  '8' [ RunTime:0.000238s ]
SQL: SELECT permissions FROM `member` WHERE id = '8' [ RunTime:0.000142s ]
INFO: [ view_parse ] --START--
INFO: [ template_filter ] --START--
INFO: Run Behavior\ContentReplaceBehavior [ RunTime:0.000078s ]
INFO: [ template_filter ] --END-- [ RunTime:0.000172s ]
INFO: Run Behavior\ParseTemplateBehavior [ RunTime:0.009245s ]
INFO: [ view_parse ] --END-- [ RunTime:0.009349s ]
INFO: [ view_filter ] --START--
INFO: Run Behavior\WriteHtmlCacheBehavior [ RunTime:0.000427s ]
INFO: [ view_filter ] --END-- [ RunTime:0.000503s ]
INFO: [ app_end ] --START--
INFO: Run Behavior\ShowPageTraceBehavior [ RunTime:0.000658s ]
INFO: [ app_end ] --END-- [ RunTime:0.000737s ]

[ 2014-12-07T00:01:26+08:00 ] 127.0.0.1 /contest/index.php?s=/Home/Admin/user/page/1.html
INFO: [ app_init ] --START--
INFO: Run Behavior\BuildLiteBehavior [ RunTime:0.000023s ]
INFO: [ app_init ] --END-- [ RunTime:0.000465s ]
INFO: [ app_begin ] --START--
INFO: Run Behavior\ReadHtmlCacheBehavior [ RunTime:0.000646s ]
INFO: [ app_begin ] --END-- [ RunTime:0.000730s ]
SQL: SHOW COLUMNS FROM `member` [ RunTime:0.003685s ]
SQL: SELECT status FROM  `member` WHERE id =  '8' [ RunTime:0.000286s ]
SQL: SELECT permissions FROM `member` WHERE id = '8' [ RunTime:0.000237s ]
SQL: SELECT id, username, permissions, status FROM  `member` ORDER BY id DESC LIMIT 0, 10 [ RunTime:0.000292s ]
SQL: SELECT COUNT(*) FROM  `member` [ RunTime:0.013094s ]
INFO: [ view_parse ] --START--
INFO: [ template_filter ] --START--
INFO: Run Behavior\ContentReplaceBehavior [ RunTime:0.000118s ]
INFO: [ template_filter ] --END-- [ RunTime:0.000205s ]
INFO: Run Behavior\ParseTemplateBehavior [ RunTime:0.016642s ]
INFO: [ view_parse ] --END-- [ RunTime:0.016751s ]
INFO: [ view_filter ] --START--
INFO: Run Behavior\WriteHtmlCacheBehavior [ RunTime:0.000406s ]
INFO: [ view_filter ] --END-- [ RunTime:0.000493s ]
INFO: [ app_end ] --START--
INFO: Run Behavior\ShowPageTraceBehavior [ RunTime:0.000594s ]
INFO: [ app_end ] --END-- [ RunTime:0.000665s ]

[ 2014-12-07T00:01:28+08:00 ] 127.0.0.1 /contest/index.php?s=/Home/Admin/article/page/1.html
INFO: [ app_init ] --START--
INFO: Run Behavior\BuildLiteBehavior [ RunTime:0.000023s ]
INFO: [ app_init ] --END-- [ RunTime:0.000538s ]
INFO: [ app_begin ] --START--
INFO: Run Behavior\ReadHtmlCacheBehavior [ RunTime:0.000663s ]
INFO: [ app_begin ] --END-- [ RunTime:0.000759s ]
SQL: SHOW COLUMNS FROM `member` [ RunTime:0.003814s ]
SQL: SELECT status FROM  `member` WHERE id =  '8' [ RunTime:0.000261s ]
SQL: SELECT permissions FROM `member` WHERE id = '8' [ RunTime:0.000177s ]
SQL: SHOW COLUMNS FROM `article` [ RunTime:0.005038s ]
SQL: SELECT id, uid, title, class, time FROM `article` ORDER BY id DESC LIMIT 0, 10 [ RunTime:0.000325s ]
SQL: SHOW COLUMNS FROM `category` [ RunTime:0.004104s ]
SQL: SELECT meaning m FROM  `category` WHERE class = '3' [ RunTime:0.000361s ]
SQL: SELECT meaning m FROM  `category` WHERE class = '4' [ RunTime:0.000265s ]
SQL: SELECT meaning m FROM  `category` WHERE class = '2' [ RunTime:0.000276s ]
SQL: SELECT meaning m FROM  `category` WHERE class = '6' [ RunTime:0.000204s ]
SQL: SELECT meaning m FROM  `category` WHERE class = '5' [ RunTime:0.000226s ]
SQL: SELECT meaning m FROM  `category` WHERE class = '10' [ RunTime:0.000168s ]
SQL: SELECT meaning m FROM  `category` WHERE class = '7' [ RunTime:0.000212s ]
SQL: SELECT meaning m FROM  `category` WHERE class = '8' [ RunTime:0.000173s ]
SQL: SELECT meaning m FROM  `category` WHERE class = '2' [ RunTime:0.000167s ]
SQL: SELECT meaning m FROM  `category` WHERE class = '2' [ RunTime:0.000166s ]
SQL: SELECT username FROM  `member` WHERE id =  '8' [ RunTime:0.000199s ]
SQL: SELECT username FROM  `member` WHERE id =  '8' [ RunTime:0.000165s ]
SQL: SELECT username FROM  `member` WHERE id =  '8' [ RunTime:0.000178s ]
SQL: SELECT username FROM  `member` WHERE id =  '8' [ RunTime:0.000176s ]
SQL: SELECT username FROM  `member` WHERE id =  '8' [ RunTime:0.000316s ]
SQL: SELECT username FROM  `member` WHERE id =  '8' [ RunTime:0.000451s ]
SQL: SELECT username FROM  `member` WHERE id =  '8' [ RunTime:0.000240s ]
SQL: SELECT username FROM  `member` WHERE id =  '8' [ RunTime:0.000354s ]
SQL: SELECT username FROM  `member` WHERE id =  '1' [ RunTime:0.000235s ]
SQL: SELECT username FROM  `member` WHERE id =  '1' [ RunTime:0.000165s ]
SQL: SELECT COUNT(*) FROM `article`  [ RunTime:0.000179s ]
INFO: [ view_parse ] --START--
INFO: [ template_filter ] --START--
INFO: Run Behavior\ContentReplaceBehavior [ RunTime:0.000114s ]
INFO: [ template_filter ] --END-- [ RunTime:0.000229s ]
INFO: Run Behavior\ParseTemplateBehavior [ RunTime:0.016215s ]
INFO: [ view_parse ] --END-- [ RunTime:0.016323s ]
INFO: [ view_filter ] --START--
INFO: Run Behavior\WriteHtmlCacheBehavior [ RunTime:0.000426s ]
INFO: [ view_filter ] --END-- [ RunTime:0.000506s ]
INFO: [ app_end ] --START--
INFO: Run Behavior\ShowPageTraceBehavior [ RunTime:0.000668s ]
INFO: [ app_end ] --END-- [ RunTime:0.000750s ]

[ 2014-12-07T00:01:38+08:00 ] 127.0.0.1 /contest/index.php?s=/Home/Admin/delArticle.html
INFO: [ app_init ] --START--
INFO: Run Behavior\BuildLiteBehavior [ RunTime:0.000023s ]
INFO: [ app_init ] --END-- [ RunTime:0.000456s ]
INFO: [ app_begin ] --START--
INFO: Run Behavior\ReadHtmlCacheBehavior [ RunTime:0.000628s ]
INFO: [ app_begin ] --END-- [ RunTime:0.000698s ]
SQL: SHOW COLUMNS FROM `member` [ RunTime:0.003831s ]
SQL: SELECT status FROM  `member` WHERE id =  '8' [ RunTime:0.000300s ]
SQL: SELECT permissions FROM `member` WHERE id = '8' [ RunTime:0.000269s ]
SQL: SHOW COLUMNS FROM `article` [ RunTime:0.003571s ]
SQL: DELETE FROM `article` WHERE ( id=5 ) [ RunTime:0.038866s ]

[ 2014-12-07T00:01:40+08:00 ] 127.0.0.1 /contest/index.php?s=/Home/Admin/article/page/1.html
INFO: [ app_init ] --START--
INFO: Run Behavior\BuildLiteBehavior [ RunTime:0.000061s ]
INFO: [ app_init ] --END-- [ RunTime:0.000967s ]
INFO: [ app_begin ] --START--
INFO: Run Behavior\ReadHtmlCacheBehavior [ RunTime:0.000689s ]
INFO: [ app_begin ] --END-- [ RunTime:0.000786s ]
SQL: SHOW COLUMNS FROM `member` [ RunTime:0.004170s ]
SQL: SELECT status FROM  `member` WHERE id =  '8' [ RunTime:0.000230s ]
SQL: SELECT permissions FROM `member` WHERE id = '8' [ RunTime:0.000173s ]
SQL: SHOW COLUMNS FROM `article` [ RunTime:0.003443s ]
SQL: SELECT id, uid, title, class, time FROM `article` ORDER BY id DESC LIMIT 0, 10 [ RunTime:0.000371s ]
SQL: SHOW COLUMNS FROM `category` [ RunTime:0.003737s ]
SQL: SELECT meaning m FROM  `category` WHERE class = '3' [ RunTime:0.000229s ]
SQL: SELECT meaning m FROM  `category` WHERE class = '4' [ RunTime:0.000146s ]
SQL: SELECT meaning m FROM  `category` WHERE class = '2' [ RunTime:0.000139s ]
SQL: SELECT meaning m FROM  `category` WHERE class = '6' [ RunTime:0.000152s ]
SQL: SELECT meaning m FROM  `category` WHERE class = '5' [ RunTime:0.000141s ]
SQL: SELECT meaning m FROM  `category` WHERE class = '10' [ RunTime:0.000134s ]
SQL: SELECT meaning m FROM  `category` WHERE class = '7' [ RunTime:0.000132s ]
SQL: SELECT meaning m FROM  `category` WHERE class = '8' [ RunTime:0.000138s ]
SQL: SELECT meaning m FROM  `category` WHERE class = '2' [ RunTime:0.000273s ]
SQL: SELECT username FROM  `member` WHERE id =  '8' [ RunTime:0.000159s ]
SQL: SELECT username FROM  `member` WHERE id =  '8' [ RunTime:0.000132s ]
SQL: SELECT username FROM  `member` WHERE id =  '8' [ RunTime:0.000139s ]
SQL: SELECT username FROM  `member` WHERE id =  '8' [ RunTime:0.000129s ]
SQL: SELECT username FROM  `member` WHERE id =  '8' [ RunTime:0.000128s ]
SQL: SELECT username FROM  `member` WHERE id =  '8' [ RunTime:0.000128s ]
SQL: SELECT username FROM  `member` WHERE id =  '8' [ RunTime:0.000148s ]
SQL: SELECT username FROM  `member` WHERE id =  '8' [ RunTime:0.000130s ]
SQL: SELECT username FROM  `member` WHERE id =  '1' [ RunTime:0.000125s ]
SQL: SELECT COUNT(*) FROM `article`  [ RunTime:0.000144s ]
INFO: [ view_parse ] --START--
INFO: [ template_filter ] --START--
INFO: Run Behavior\ContentReplaceBehavior [ RunTime:0.000147s ]
INFO: [ template_filter ] --END-- [ RunTime:0.000259s ]
INFO: Run Behavior\ParseTemplateBehavior [ RunTime:0.015991s ]
INFO: [ view_parse ] --END-- [ RunTime:0.016091s ]
INFO: [ view_filter ] --START--
INFO: Run Behavior\WriteHtmlCacheBehavior [ RunTime:0.000417s ]
INFO: [ view_filter ] --END-- [ RunTime:0.000496s ]
INFO: [ app_end ] --START--
INFO: Run Behavior\ShowPageTraceBehavior [ RunTime:0.000628s ]
INFO: [ app_end ] --END-- [ RunTime:0.000705s ]

[ 2014-12-07T00:02:25+08:00 ] 127.0.0.1 /contest/index.php?s=/Home/Index/index
INFO: [ app_init ] --START--
INFO: Run Behavior\BuildLiteBehavior [ RunTime:0.000026s ]
INFO: [ app_init ] --END-- [ RunTime:0.000492s ]
INFO: [ app_begin ] --START--
INFO: Run Behavior\ReadHtmlCacheBehavior [ RunTime:0.000973s ]
INFO: [ app_begin ] --END-- [ RunTime:0.001094s ]
SQL: SHOW COLUMNS FROM `member` [ RunTime:0.003749s ]
SQL: SELECT status FROM  `member` WHERE id =  '8' [ RunTime:0.000254s ]
INFO: [ view_parse ] --START--
INFO: [ template_filter ] --START--
INFO: Run Behavior\ContentReplaceBehavior [ RunTime:0.000176s ]
INFO: [ template_filter ] --END-- [ RunTime:0.000302s ]
INFO: Run Behavior\ParseTemplateBehavior [ RunTime:0.012750s ]
INFO: [ view_parse ] --END-- [ RunTime:0.012914s ]
INFO: [ view_filter ] --START--
INFO: Run Behavior\WriteHtmlCacheBehavior [ RunTime:0.000675s ]
INFO: [ view_filter ] --END-- [ RunTime:0.000982s ]
INFO: [ app_end ] --START--
INFO: Run Behavior\ShowPageTraceBehavior [ RunTime:0.000770s ]
INFO: [ app_end ] --END-- [ RunTime:0.000854s ]

[ 2014-12-07T00:02:30+08:00 ] 127.0.0.1 /contest/index.php?s=/Home/Index/articleList/nav/1/page/1.html
INFO: [ app_init ] --START--
INFO: Run Behavior\BuildLiteBehavior [ RunTime:0.000085s ]
INFO: [ app_init ] --END-- [ RunTime:0.001093s ]
INFO: [ app_begin ] --START--
INFO: Run Behavior\ReadHtmlCacheBehavior [ RunTime:0.001559s ]
INFO: [ app_begin ] --END-- [ RunTime:0.002120s ]
SQL: SHOW COLUMNS FROM `member` [ RunTime:0.004112s ]
SQL: SELECT status FROM  `member` WHERE id =  '8' [ RunTime:0.000313s ]
SQL: SHOW COLUMNS FROM `article` [ RunTime:0.005144s ]
SQL: SELECT * FROM `article` ORDER BY id DESC LIMIT 0, 6 [ RunTime:0.002624s ]
SQL: SHOW COLUMNS FROM `category` [ RunTime:0.004665s ]
SQL: SELECT meaning m FROM  `category` WHERE class = '3' [ RunTime:0.000747s ]
SQL: SELECT meaning m FROM  `category` WHERE class = '4' [ RunTime:0.000628s ]
SQL: SELECT meaning m FROM  `category` WHERE class = '2' [ RunTime:0.000428s ]
SQL: SELECT meaning m FROM  `category` WHERE class = '6' [ RunTime:0.000304s ]
SQL: SELECT meaning m FROM  `category` WHERE class = '5' [ RunTime:0.000251s ]
SQL: SELECT meaning m FROM  `category` WHERE class = '10' [ RunTime:0.000206s ]
SQL: SELECT username FROM  `member` WHERE id =  '8' [ RunTime:0.000399s ]
SQL: SELECT username FROM  `member` WHERE id =  '8' [ RunTime:0.000303s ]
SQL: SELECT username FROM  `member` WHERE id =  '8' [ RunTime:0.002729s ]
SQL: SELECT username FROM  `member` WHERE id =  '8' [ RunTime:0.001546s ]
SQL: SELECT username FROM  `member` WHERE id =  '8' [ RunTime:0.001345s ]
SQL: SELECT username FROM  `member` WHERE id =  '8' [ RunTime:0.000626s ]
SQL: SELECT COUNT(*) FROM `article` [ RunTime:0.000502s ]
SQL: SELECT class, meaning navName FROM  `category` ORDER BY class ASC LIMIT 12 [ RunTime:0.000543s ]
SQL: SELECT id, title FROM `article` ORDER BY id DESC LIMIT 6 [ RunTime:0.000406s ]
INFO: [ view_parse ] --START--
INFO: [ template_filter ] --START--
INFO: Run Behavior\ContentReplaceBehavior [ RunTime:0.000261s ]
INFO: [ template_filter ] --END-- [ RunTime:0.000409s ]
NOTIC: [8] Use of undefined constant pages - assumed 'pages' D:\wamp\www\contest\Application\Runtime\Cache\Home\ce9b301632fad33703bd705746315f14.php 第 113 行.
NOTIC: [8] Array to string conversion D:\wamp\www\contest\Application\Runtime\Cache\Home\ce9b301632fad33703bd705746315f14.php 第 113 行.
INFO: Run Behavior\ParseTemplateBehavior [ RunTime:0.056879s ]
INFO: [ view_parse ] --END-- [ RunTime:0.057065s ]
INFO: [ view_filter ] --START--
INFO: Run Behavior\WriteHtmlCacheBehavior [ RunTime:0.000910s ]
INFO: [ view_filter ] --END-- [ RunTime:0.001068s ]
INFO: [ app_end ] --START--
INFO: Run Behavior\ShowPageTraceBehavior [ RunTime:0.001740s ]
INFO: [ app_end ] --END-- [ RunTime:0.002043s ]

[ 2014-12-07T00:02:32+08:00 ] 127.0.0.1 /contest/index.php?s=/Home/Index/articleList/nav/1/page/2.html
INFO: [ app_init ] --START--
INFO: Run Behavior\BuildLiteBehavior [ RunTime:0.000026s ]
INFO: [ app_init ] --END-- [ RunTime:0.000526s ]
INFO: [ app_begin ] --START--
INFO: Run Behavior\ReadHtmlCacheBehavior [ RunTime:0.000774s ]
INFO: [ app_begin ] --END-- [ RunTime:0.000874s ]
SQL: SHOW COLUMNS FROM `member` [ RunTime:0.004182s ]
SQL: SELECT status FROM  `member` WHERE id =  '8' [ RunTime:0.000287s ]
SQL: SHOW COLUMNS FROM `article` [ RunTime:0.004165s ]
SQL: SELECT * FROM `article` ORDER BY id DESC LIMIT 6, 6 [ RunTime:0.000764s ]
SQL: SHOW COLUMNS FROM `category` [ RunTime:0.003944s ]
SQL: SELECT meaning m FROM  `category` WHERE class = '7' [ RunTime:0.000360s ]
SQL: SELECT meaning m FROM  `category` WHERE class = '8' [ RunTime:0.000224s ]
SQL: SELECT meaning m FROM  `category` WHERE class = '2' [ RunTime:0.000256s ]
SQL: SELECT username FROM  `member` WHERE id =  '8' [ RunTime:0.000309s ]
SQL: SELECT username FROM  `member` WHERE id =  '8' [ RunTime:0.000267s ]
SQL: SELECT username FROM  `member` WHERE id =  '1' [ RunTime:0.000210s ]
SQL: SELECT COUNT(*) FROM `article` [ RunTime:0.000210s ]
SQL: SELECT class, meaning navName FROM  `category` ORDER BY class ASC LIMIT 12 [ RunTime:0.000293s ]
SQL: SELECT id, title FROM `article` ORDER BY id DESC LIMIT 6 [ RunTime:0.000238s ]
INFO: [ view_parse ] --START--
INFO: [ template_filter ] --START--
INFO: Run Behavior\ContentReplaceBehavior [ RunTime:0.000183s ]
INFO: [ template_filter ] --END-- [ RunTime:0.000288s ]
INFO: Run Behavior\ParseTemplateBehavior [ RunTime:0.023771s ]
INFO: [ view_parse ] --END-- [ RunTime:0.023905s ]
INFO: [ view_filter ] --START--
INFO: Run Behavior\WriteHtmlCacheBehavior [ RunTime:0.000546s ]
INFO: [ view_filter ] --END-- [ RunTime:0.000625s ]
INFO: [ app_end ] --START--
INFO: Run Behavior\ShowPageTraceBehavior [ RunTime:0.000709s ]
INFO: [ app_end ] --END-- [ RunTime:0.000789s ]

[ 2014-12-07T00:02:38+08:00 ] 127.0.0.1 /contest/index.php?s=/Home/Center/articleList/page/1.html
INFO: [ app_init ] --START--
INFO: Run Behavior\BuildLiteBehavior [ RunTime:0.000023s ]
INFO: [ app_init ] --END-- [ RunTime:0.000436s ]
INFO: [ app_begin ] --START--
INFO: Run Behavior\ReadHtmlCacheBehavior [ RunTime:0.000725s ]
INFO: [ app_begin ] --END-- [ RunTime:0.000824s ]
SQL: SHOW COLUMNS FROM `member` [ RunTime:0.004237s ]
SQL: SELECT status FROM  `member` WHERE id =  '8' [ RunTime:0.000277s ]
SQL: SHOW COLUMNS FROM `article` [ RunTime:0.003514s ]
SQL: SELECT id, title, class, time FROM `article` WHERE uid = '8' ORDER BY id DESC LIMIT 0, 10 [ RunTime:0.000334s ]
SQL: SHOW COLUMNS FROM `category` [ RunTime:0.003972s ]
SQL: SELECT meaning m FROM  `category` WHERE class = '3' [ RunTime:0.000339s ]
SQL: SELECT meaning m FROM  `category` WHERE class = '4' [ RunTime:0.000236s ]
SQL: SELECT meaning m FROM  `category` WHERE class = '2' [ RunTime:0.000315s ]
SQL: SELECT meaning m FROM  `category` WHERE class = '6' [ RunTime:0.000236s ]
SQL: SELECT meaning m FROM  `category` WHERE class = '5' [ RunTime:0.000240s ]
SQL: SELECT meaning m FROM  `category` WHERE class = '10' [ RunTime:0.000227s ]
SQL: SELECT meaning m FROM  `category` WHERE class = '7' [ RunTime:0.000264s ]
SQL: SELECT meaning m FROM  `category` WHERE class = '8' [ RunTime:0.000205s ]
SQL: SELECT COUNT(*) FROM `article` WHERE uid = '8' [ RunTime:0.000340s ]
INFO: [ view_parse ] --START--
INFO: [ template_filter ] --START--
INFO: Run Behavior\ContentReplaceBehavior [ RunTime:0.000174s ]
INFO: [ template_filter ] --END-- [ RunTime:0.000276s ]
INFO: Run Behavior\ParseTemplateBehavior [ RunTime:0.017590s ]
INFO: [ view_parse ] --END-- [ RunTime:0.017696s ]
INFO: [ view_filter ] --START--
INFO: Run Behavior\WriteHtmlCacheBehavior [ RunTime:0.000549s ]
INFO: [ view_filter ] --END-- [ RunTime:0.000626s ]
INFO: [ app_end ] --START--
INFO: Run Behavior\ShowPageTraceBehavior [ RunTime:0.000728s ]
INFO: [ app_end ] --END-- [ RunTime:0.000814s ]

[ 2014-12-07T00:02:39+08:00 ] 127.0.0.1 /contest/index.php?s=/Home/Center/uploadArticle.html
INFO: [ app_init ] --START--
INFO: Run Behavior\BuildLiteBehavior [ RunTime:0.000030s ]
INFO: [ app_init ] --END-- [ RunTime:0.000512s ]
INFO: [ app_begin ] --START--
INFO: Run Behavior\ReadHtmlCacheBehavior [ RunTime:0.000785s ]
INFO: [ app_begin ] --END-- [ RunTime:0.000895s ]
SQL: SHOW COLUMNS FROM `member` [ RunTime:0.004359s ]
SQL: SELECT status FROM  `member` WHERE id =  '8' [ RunTime:0.000267s ]
SQL: SELECT status FROM  `member` WHERE id =  '8' [ RunTime:0.000199s ]
SQL: SHOW COLUMNS FROM `category` [ RunTime:0.003847s ]
SQL: SELECT class, meaning navName FROM  `category` WHERE class != 1 ORDER BY class ASC [ RunTime:0.009445s ]
INFO: [ view_parse ] --START--
INFO: [ template_filter ] --START--
INFO: Run Behavior\ContentReplaceBehavior [ RunTime:0.000127s ]
INFO: [ template_filter ] --END-- [ RunTime:0.000218s ]
INFO: Run Behavior\ParseTemplateBehavior [ RunTime:0.011663s ]
INFO: [ view_parse ] --END-- [ RunTime:0.011750s ]
INFO: [ view_filter ] --START--
INFO: Run Behavior\WriteHtmlCacheBehavior [ RunTime:0.000505s ]
INFO: [ view_filter ] --END-- [ RunTime:0.000587s ]
INFO: [ app_end ] --START--
INFO: Run Behavior\ShowPageTraceBehavior [ RunTime:0.000805s ]
INFO: [ app_end ] --END-- [ RunTime:0.001142s ]

[ 2014-12-07T00:02:48+08:00 ] 127.0.0.1 /contest/Home/Center/upload?CKEditor=editor1&CKEditorFuncNum=1&langCode=zh-cn
INFO: [ app_init ] --START--
INFO: Run Behavior\BuildLiteBehavior [ RunTime:0.000035s ]
INFO: [ app_init ] --END-- [ RunTime:0.000498s ]
INFO: [ app_begin ] --START--
INFO: Run Behavior\ReadHtmlCacheBehavior [ RunTime:0.000675s ]
INFO: [ app_begin ] --END-- [ RunTime:0.000766s ]
SQL: SHOW COLUMNS FROM `member` [ RunTime:0.003769s ]
SQL: SELECT status FROM  `member` WHERE id =  '8' [ RunTime:0.000311s ]
NOTIC: [2048] Declaration of Home\Controller\UploadFileController::error() should be compatible with Think\Controller::error($message = '', $jumpUrl = '', $ajax = false) D:\wamp\www\contest\Application\Home\Controller\UploadFileController.class.php 第 535 行.
NOTIC: [8] Undefined variable: data D:\wamp\www\contest\Application\Home\Controller\CenterController.class.php 第 65 行.
SQL: SHOW COLUMNS FROM `picture` [ RunTime:0.004277s ]
SQL: INSERT INTO `picture` (`articleId`,`address`) VALUES (8,'7f8d24a232692151d71e95e4b1bf6348.jpg') [ RunTime:0.000302s ]
INFO: [ app_end ] --START--
INFO: Run Behavior\ShowPageTraceBehavior [ RunTime:0.000792s ]
INFO: [ app_end ] --END-- [ RunTime:0.000885s ]

[ 2014-12-07T00:02:56+08:00 ] 127.0.0.1 /contest/index.php?s=/Home/Index/index.html
INFO: [ app_init ] --START--
INFO: Run Behavior\BuildLiteBehavior [ RunTime:0.000025s ]
INFO: [ app_init ] --END-- [ RunTime:0.000470s ]
INFO: [ app_begin ] --START--
INFO: Run Behavior\ReadHtmlCacheBehavior [ RunTime:0.000712s ]
INFO: [ app_begin ] --END-- [ RunTime:0.000805s ]
SQL: SHOW COLUMNS FROM `member` [ RunTime:0.003711s ]
SQL: SELECT status FROM  `member` WHERE id =  '8' [ RunTime:0.000256s ]
INFO: [ view_parse ] --START--
INFO: [ template_filter ] --START--
INFO: Run Behavior\ContentReplaceBehavior [ RunTime:0.000177s ]
INFO: [ template_filter ] --END-- [ RunTime:0.000274s ]
INFO: Run Behavior\ParseTemplateBehavior [ RunTime:0.011359s ]
INFO: [ view_parse ] --END-- [ RunTime:0.011457s ]
INFO: [ view_filter ] --START--
INFO: Run Behavior\WriteHtmlCacheBehavior [ RunTime:0.000460s ]
INFO: [ view_filter ] --END-- [ RunTime:0.000535s ]
INFO: [ app_end ] --START--
INFO: Run Behavior\ShowPageTraceBehavior [ RunTime:0.000720s ]
INFO: [ app_end ] --END-- [ RunTime:0.000801s ]

[ 2014-12-07T00:02:57+08:00 ] 127.0.0.1 /contest/index.php?s=/Home/User/logout.html
INFO: [ app_init ] --START--
INFO: Run Behavior\BuildLiteBehavior [ RunTime:0.000044s ]
INFO: [ app_init ] --END-- [ RunTime:0.000717s ]
INFO: [ app_begin ] --START--
INFO: Run Behavior\ReadHtmlCacheBehavior [ RunTime:0.000778s ]
INFO: [ app_begin ] --END-- [ RunTime:0.000889s ]
SQL: SHOW COLUMNS FROM `member` [ RunTime:0.003863s ]
INFO: [ view_parse ] --START--
INFO: [ template_filter ] --START--
INFO: Run Behavior\ContentReplaceBehavior [ RunTime:0.000165s ]
INFO: [ template_filter ] --END-- [ RunTime:0.000455s ]
INFO: Run Behavior\ParseTemplateBehavior [ RunTime:0.010813s ]
INFO: [ view_parse ] --END-- [ RunTime:0.010915s ]
INFO: [ view_filter ] --START--
INFO: Run Behavior\WriteHtmlCacheBehavior [ RunTime:0.000496s ]
INFO: [ view_filter ] --END-- [ RunTime:0.000568s ]
INFO: [ app_end ] --START--
INFO: Run Behavior\ShowPageTraceBehavior [ RunTime:0.000739s ]
INFO: [ app_end ] --END-- [ RunTime:0.000823s ]

[ 2014-12-07T00:02:58+08:00 ] 127.0.0.1 /contest/index.php?s=/Home/Index/index.html
INFO: [ app_init ] --START--
INFO: Run Behavior\BuildLiteBehavior [ RunTime:0.000029s ]
INFO: [ app_init ] --END-- [ RunTime:0.000507s ]
INFO: [ app_begin ] --START--
INFO: Run Behavior\ReadHtmlCacheBehavior [ RunTime:0.000761s ]
INFO: [ app_begin ] --END-- [ RunTime:0.000868s ]
SQL: SHOW COLUMNS FROM `member` [ RunTime:0.004315s ]
SQL: SELECT status FROM  `member` WHERE id =  '' [ RunTime:0.000316s ]
NOTIC: [8] Undefined offset: 0 D:\wamp\www\contest\Application\Home\Model\MemberModel.class.php 第 114 行.
NOTIC: [2] Illegal string offset 'uid' D:\wamp\www\contest\Application\Home\Controller\IndexController.class.php 第 17 行.
NOTIC: [8] Uninitialized string offset: 0 D:\wamp\www\contest\Application\Home\Controller\IndexController.class.php 第 17 行.
INFO: [ view_parse ] --START--
INFO: [ template_filter ] --START--
INFO: Run Behavior\ContentReplaceBehavior [ RunTime:0.000185s ]
INFO: [ template_filter ] --END-- [ RunTime:0.000295s ]
INFO: Run Behavior\ParseTemplateBehavior [ RunTime:0.013212s ]
INFO: [ view_parse ] --END-- [ RunTime:0.013364s ]
INFO: [ view_filter ] --START--
INFO: Run Behavior\WriteHtmlCacheBehavior [ RunTime:0.001025s ]
INFO: [ view_filter ] --END-- [ RunTime:0.001214s ]
INFO: [ app_end ] --START--
INFO: Run Behavior\ShowPageTraceBehavior [ RunTime:0.000977s ]
INFO: [ app_end ] --END-- [ RunTime:0.001075s ]

[ 2014-12-07T00:50:22+08:00 ] 127.0.0.1 /contest/
INFO: [ app_init ] --START--
INFO: Run Behavior\BuildLiteBehavior [ RunTime:0.000032s ]
INFO: [ app_init ] --END-- [ RunTime:0.018053s ]
INFO: [ app_begin ] --START--
INFO: Run Behavior\ReadHtmlCacheBehavior [ RunTime:0.001437s ]
INFO: [ app_begin ] --END-- [ RunTime:0.001573s ]
SQL: SHOW COLUMNS FROM `member` [ RunTime:0.010269s ]
SQL: SELECT status FROM  `member` WHERE id =  '' [ RunTime:0.001684s ]
NOTIC: [8] Undefined offset: 0 D:\wamp\www\contest\Application\Home\Model\MemberModel.class.php 第 114 行.
NOTIC: [2] Illegal string offset 'uid' D:\wamp\www\contest\Application\Home\Controller\IndexController.class.php 第 17 行.
NOTIC: [8] Uninitialized string offset: 0 D:\wamp\www\contest\Application\Home\Controller\IndexController.class.php 第 17 行.
INFO: [ view_parse ] --START--
INFO: [ template_filter ] --START--
INFO: Run Behavior\ContentReplaceBehavior [ RunTime:0.000184s ]
INFO: [ template_filter ] --END-- [ RunTime:0.000285s ]
INFO: Run Behavior\ParseTemplateBehavior [ RunTime:0.084086s ]
INFO: [ view_parse ] --END-- [ RunTime:0.084262s ]
INFO: [ view_filter ] --START--
INFO: Run Behavior\WriteHtmlCacheBehavior [ RunTime:0.013951s ]
INFO: [ view_filter ] --END-- [ RunTime:0.014054s ]
INFO: [ app_end ] --START--
INFO: Run Behavior\ShowPageTraceBehavior [ RunTime:0.001219s ]
INFO: [ app_end ] --END-- [ RunTime:0.001304s ]

[ 2014-12-07T00:55:17+08:00 ] 127.0.0.1 /contest/index.php?s=/Home/Index/upload
INFO: [ app_init ] --START--
INFO: Run Behavior\BuildLiteBehavior [ RunTime:0.000052s ]
INFO: [ app_init ] --END-- [ RunTime:0.000535s ]
INFO: [ app_begin ] --START--
INFO: Run Behavior\ReadHtmlCacheBehavior [ RunTime:0.027194s ]
INFO: [ app_begin ] --END-- [ RunTime:0.027297s ]

[ 2014-12-07T00:55:17+08:00 ] 127.0.0.1 /contest/index.php?s=/Home/Index/index.html
INFO: [ app_init ] --START--
INFO: Run Behavior\BuildLiteBehavior [ RunTime:0.000024s ]
INFO: [ app_init ] --END-- [ RunTime:0.000462s ]
INFO: [ app_begin ] --START--
INFO: Run Behavior\ReadHtmlCacheBehavior [ RunTime:0.000838s ]
INFO: [ app_begin ] --END-- [ RunTime:0.000965s ]
SQL: SHOW COLUMNS FROM `member` [ RunTime:0.026056s ]
SQL: SELECT status FROM  `member` WHERE id =  '' [ RunTime:0.000352s ]
NOTIC: [8] Undefined offset: 0 D:\wamp\www\contest\Application\Home\Model\MemberModel.class.php 第 114 行.
NOTIC: [2] Illegal string offset 'uid' D:\wamp\www\contest\Application\Home\Controller\IndexController.class.php 第 17 行.
NOTIC: [8] Uninitialized string offset: 0 D:\wamp\www\contest\Application\Home\Controller\IndexController.class.php 第 17 行.
INFO: [ view_parse ] --START--
INFO: [ template_filter ] --START--
INFO: Run Behavior\ContentReplaceBehavior [ RunTime:0.000197s ]
INFO: [ template_filter ] --END-- [ RunTime:0.000297s ]
INFO: Run Behavior\ParseTemplateBehavior [ RunTime:0.086863s ]
INFO: [ view_parse ] --END-- [ RunTime:0.086976s ]
INFO: [ view_filter ] --START--
INFO: Run Behavior\WriteHtmlCacheBehavior [ RunTime:0.000458s ]
INFO: [ view_filter ] --END-- [ RunTime:0.000540s ]
INFO: [ app_end ] --START--
INFO: Run Behavior\ShowPageTraceBehavior [ RunTime:0.000714s ]
INFO: [ app_end ] --END-- [ RunTime:0.000813s ]

[ 2014-12-07T00:56:17+08:00 ] 127.0.0.1 /contest/
INFO: [ app_init ] --START--
INFO: Run Behavior\BuildLiteBehavior [ RunTime:0.000085s ]
INFO: [ app_init ] --END-- [ RunTime:0.000811s ]
INFO: [ app_begin ] --START--
INFO: Run Behavior\ReadHtmlCacheBehavior [ RunTime:0.009886s ]
INFO: [ app_begin ] --END-- [ RunTime:0.010115s ]
SQL: SHOW COLUMNS FROM `member` [ RunTime:0.005761s ]
SQL: SELECT status FROM  `member` WHERE id =  '' [ RunTime:0.000265s ]
NOTIC: [8] Undefined offset: 0 D:\wamp\www\contest\Application\Home\Model\MemberModel.class.php 第 114 行.
NOTIC: [2] Illegal string offset 'uid' D:\wamp\www\contest\Application\Home\Controller\IndexController.class.php 第 17 行.
NOTIC: [8] Uninitialized string offset: 0 D:\wamp\www\contest\Application\Home\Controller\IndexController.class.php 第 17 行.
INFO: [ view_parse ] --START--
INFO: [ template_filter ] --START--
INFO: Run Behavior\ContentReplaceBehavior [ RunTime:0.000261s ]
INFO: [ template_filter ] --END-- [ RunTime:0.000439s ]
INFO: Run Behavior\ParseTemplateBehavior [ RunTime:0.016773s ]
INFO: [ view_parse ] --END-- [ RunTime:0.016957s ]
INFO: [ view_filter ] --START--
INFO: Run Behavior\WriteHtmlCacheBehavior [ RunTime:0.000712s ]
INFO: [ view_filter ] --END-- [ RunTime:0.000860s ]
INFO: [ app_end ] --START--
INFO: Run Behavior\ShowPageTraceBehavior [ RunTime:0.001132s ]
INFO: [ app_end ] --END-- [ RunTime:0.001452s ]

[ 2014-12-07T00:57:18+08:00 ] 127.0.0.1 /contest/
INFO: [ app_init ] --START--
INFO: Run Behavior\BuildLiteBehavior [ RunTime:0.000029s ]
INFO: [ app_init ] --END-- [ RunTime:0.000482s ]
INFO: [ app_begin ] --START--
INFO: Run Behavior\ReadHtmlCacheBehavior [ RunTime:0.000755s ]
INFO: [ app_begin ] --END-- [ RunTime:0.000861s ]
SQL: SHOW COLUMNS FROM `member` [ RunTime:0.004678s ]
SQL: SELECT status FROM  `member` WHERE id =  '' [ RunTime:0.000243s ]
NOTIC: [8] Undefined offset: 0 D:\wamp\www\contest\Application\Home\Model\MemberModel.class.php 第 114 行.
NOTIC: [2] Illegal string offset 'uid' D:\wamp\www\contest\Application\Home\Controller\IndexController.class.php 第 17 行.
NOTIC: [8] Uninitialized string offset: 0 D:\wamp\www\contest\Application\Home\Controller\IndexController.class.php 第 17 行.
INFO: [ view_parse ] --START--
INFO: [ template_filter ] --START--
INFO: Run Behavior\ContentReplaceBehavior [ RunTime:0.000173s ]
INFO: [ template_filter ] --END-- [ RunTime:0.000269s ]
INFO: Run Behavior\ParseTemplateBehavior [ RunTime:0.012203s ]
INFO: [ view_parse ] --END-- [ RunTime:0.012323s ]
INFO: [ view_filter ] --START--
INFO: Run Behavior\WriteHtmlCacheBehavior [ RunTime:0.000502s ]
INFO: [ view_filter ] --END-- [ RunTime:0.000583s ]
INFO: [ app_end ] --START--
INFO: Run Behavior\ShowPageTraceBehavior [ RunTime:0.000839s ]
INFO: [ app_end ] --END-- [ RunTime:0.000927s ]

[ 2014-12-07T00:58:40+08:00 ] 127.0.0.1 /contest/
INFO: [ app_init ] --START--
INFO: Run Behavior\BuildLiteBehavior [ RunTime:0.000043s ]
INFO: [ app_init ] --END-- [ RunTime:0.000845s ]
INFO: [ app_begin ] --START--
INFO: Run Behavior\ReadHtmlCacheBehavior [ RunTime:0.001477s ]
INFO: [ app_begin ] --END-- [ RunTime:0.001739s ]
SQL: SHOW COLUMNS FROM `member` [ RunTime:0.003620s ]
SQL: SELECT status FROM  `member` WHERE id =  '' [ RunTime:0.000210s ]
NOTIC: [8] Undefined offset: 0 D:\wamp\www\contest\Application\Home\Model\MemberModel.class.php 第 114 行.
NOTIC: [2] Illegal string offset 'uid' D:\wamp\www\contest\Application\Home\Controller\IndexController.class.php 第 17 行.
NOTIC: [8] Uninitialized string offset: 0 D:\wamp\www\contest\Application\Home\Controller\IndexController.class.php 第 17 行.
INFO: [ view_parse ] --START--
INFO: [ template_filter ] --START--
INFO: Run Behavior\ContentReplaceBehavior [ RunTime:0.000200s ]
INFO: [ template_filter ] --END-- [ RunTime:0.000304s ]
INFO: Run Behavior\ParseTemplateBehavior [ RunTime:0.027139s ]
INFO: [ view_parse ] --END-- [ RunTime:0.027230s ]
INFO: [ view_filter ] --START--
INFO: Run Behavior\WriteHtmlCacheBehavior [ RunTime:0.000367s ]
INFO: [ view_filter ] --END-- [ RunTime:0.000440s ]
INFO: [ app_end ] --START--
INFO: Run Behavior\ShowPageTraceBehavior [ RunTime:0.000585s ]
INFO: [ app_end ] --END-- [ RunTime:0.000660s ]

[ 2014-12-07T01:10:46+08:00 ] 127.0.0.1 /contest/
INFO: [ app_init ] --START--
INFO: Run Behavior\BuildLiteBehavior [ RunTime:0.000026s ]
INFO: [ app_init ] --END-- [ RunTime:0.000463s ]
INFO: [ app_begin ] --START--
INFO: Run Behavior\ReadHtmlCacheBehavior [ RunTime:0.000814s ]
INFO: [ app_begin ] --END-- [ RunTime:0.000935s ]
SQL: SHOW COLUMNS FROM `member` [ RunTime:0.004457s ]
SQL: SELECT status FROM  `member` WHERE id =  '' [ RunTime:0.000261s ]
NOTIC: [8] Undefined offset: 0 D:\wamp\www\contest\Application\Home\Model\MemberModel.class.php 第 114 行.
NOTIC: [2] Illegal string offset 'uid' D:\wamp\www\contest\Application\Home\Controller\IndexController.class.php 第 17 行.
NOTIC: [8] Uninitialized string offset: 0 D:\wamp\www\contest\Application\Home\Controller\IndexController.class.php 第 17 行.
INFO: [ view_parse ] --START--
INFO: [ template_filter ] --START--
INFO: Run Behavior\ContentReplaceBehavior [ RunTime:0.000204s ]
INFO: [ template_filter ] --END-- [ RunTime:0.000303s ]
INFO: Run Behavior\ParseTemplateBehavior [ RunTime:0.074430s ]
INFO: [ view_parse ] --END-- [ RunTime:0.074529s ]
INFO: [ view_filter ] --START--
INFO: Run Behavior\WriteHtmlCacheBehavior [ RunTime:0.000493s ]
INFO: [ view_filter ] --END-- [ RunTime:0.000571s ]
INFO: [ app_end ] --START--
INFO: Run Behavior\ShowPageTraceBehavior [ RunTime:0.000736s ]
INFO: [ app_end ] --END-- [ RunTime:0.000818s ]

[ 2014-12-07T20:54:02+08:00 ] 127.0.0.1 /contest/
INFO: [ app_init ] --START--
INFO: Run Behavior\BuildLiteBehavior [ RunTime:0.000034s ]
INFO: [ app_init ] --END-- [ RunTime:0.024425s ]
INFO: [ app_begin ] --START--
INFO: Run Behavior\ReadHtmlCacheBehavior [ RunTime:0.001205s ]
INFO: [ app_begin ] --END-- [ RunTime:0.001343s ]
SQL: SHOW COLUMNS FROM `member` [ RunTime:0.046012s ]
SQL: SELECT status FROM  `member` WHERE id =  '' [ RunTime:0.000364s ]
NOTIC: [8] Undefined offset: 0 D:\wamp\www\contest\Application\Home\Model\MemberModel.class.php 第 114 行.
NOTIC: [2] Illegal string offset 'uid' D:\wamp\www\contest\Application\Home\Controller\IndexController.class.php 第 17 行.
NOTIC: [8] Uninitialized string offset: 0 D:\wamp\www\contest\Application\Home\Controller\IndexController.class.php 第 17 行.
INFO: [ view_parse ] --START--
INFO: [ template_filter ] --START--
INFO: Run Behavior\ContentReplaceBehavior [ RunTime:0.000222s ]
INFO: [ template_filter ] --END-- [ RunTime:0.000352s ]
INFO: Run Behavior\ParseTemplateBehavior [ RunTime:0.227934s ]
INFO: [ view_parse ] --END-- [ RunTime:0.228057s ]
INFO: [ view_filter ] --START--
INFO: Run Behavior\WriteHtmlCacheBehavior [ RunTime:0.014037s ]
INFO: [ view_filter ] --END-- [ RunTime:0.014135s ]
INFO: [ app_end ] --START--
INFO: Run Behavior\ShowPageTraceBehavior [ RunTime:0.015961s ]
INFO: [ app_end ] --END-- [ RunTime:0.016052s ]

[ 2014-12-07T20:56:51+08:00 ] 127.0.0.1 /contest/index.php?s=/Home/Index/upload
INFO: [ app_init ] --START--
INFO: Run Behavior\BuildLiteBehavior [ RunTime:0.000029s ]
INFO: [ app_init ] --END-- [ RunTime:0.000535s ]
INFO: [ app_begin ] --START--
INFO: Run Behavior\ReadHtmlCacheBehavior [ RunTime:0.000731s ]
INFO: [ app_begin ] --END-- [ RunTime:0.000864s ]

[ 2014-12-07T20:56:51+08:00 ] 127.0.0.1 /contest/index.php?s=/Home/Index/index.html
INFO: [ app_init ] --START--
INFO: Run Behavior\BuildLiteBehavior [ RunTime:0.000024s ]
INFO: [ app_init ] --END-- [ RunTime:0.000428s ]
INFO: [ app_begin ] --START--
INFO: Run Behavior\ReadHtmlCacheBehavior [ RunTime:0.000778s ]
INFO: [ app_begin ] --END-- [ RunTime:0.000909s ]
SQL: SHOW COLUMNS FROM `member` [ RunTime:0.003609s ]
SQL: SELECT status FROM  `member` WHERE id =  '' [ RunTime:0.000386s ]
NOTIC: [8] Undefined offset: 0 D:\wamp\www\contest\Application\Home\Model\MemberModel.class.php 第 114 行.
NOTIC: [2] Illegal string offset 'uid' D:\wamp\www\contest\Application\Home\Controller\IndexController.class.php 第 17 行.
NOTIC: [8] Uninitialized string offset: 0 D:\wamp\www\contest\Application\Home\Controller\IndexController.class.php 第 17 行.
INFO: [ view_parse ] --START--
INFO: [ template_filter ] --START--
INFO: Run Behavior\ContentReplaceBehavior [ RunTime:0.000279s ]
INFO: [ template_filter ] --END-- [ RunTime:0.000451s ]
INFO: Run Behavior\ParseTemplateBehavior [ RunTime:0.012316s ]
INFO: [ view_parse ] --END-- [ RunTime:0.012535s ]
INFO: [ view_filter ] --START--
INFO: Run Behavior\WriteHtmlCacheBehavior [ RunTime:0.000445s ]
INFO: [ view_filter ] --END-- [ RunTime:0.000518s ]
INFO: [ app_end ] --START--
INFO: Run Behavior\ShowPageTraceBehavior [ RunTime:0.000665s ]
INFO: [ app_end ] --END-- [ RunTime:0.000748s ]

[ 2014-12-07T22:02:12+08:00 ] 127.0.0.1 /contest/
INFO: [ app_init ] --START--
INFO: Run Behavior\BuildLiteBehavior [ RunTime:0.000025s ]
INFO: [ app_init ] --END-- [ RunTime:0.000480s ]
INFO: [ app_begin ] --START--
INFO: Run Behavior\ReadHtmlCacheBehavior [ RunTime:0.000682s ]
INFO: [ app_begin ] --END-- [ RunTime:0.000783s ]
SQL: SHOW COLUMNS FROM `member` [ RunTime:0.004429s ]
SQL: SELECT status FROM  `member` WHERE id =  '' [ RunTime:0.000336s ]
NOTIC: [8] Undefined offset: 0 D:\wamp\www\contest\Application\Home\Model\MemberModel.class.php 第 114 行.
NOTIC: [2] Illegal string offset 'uid' D:\wamp\www\contest\Application\Home\Controller\IndexController.class.php 第 17 行.
NOTIC: [8] Uninitialized string offset: 0 D:\wamp\www\contest\Application\Home\Controller\IndexController.class.php 第 17 行.
INFO: [ view_parse ] --START--
INFO: [ template_filter ] --START--
INFO: Run Behavior\ContentReplaceBehavior [ RunTime:0.000259s ]
INFO: [ template_filter ] --END-- [ RunTime:0.000436s ]
INFO: Run Behavior\ParseTemplateBehavior [ RunTime:0.012209s ]
INFO: [ view_parse ] --END-- [ RunTime:0.012349s ]
INFO: [ view_filter ] --START--
INFO: Run Behavior\WriteHtmlCacheBehavior [ RunTime:0.000389s ]
INFO: [ view_filter ] --END-- [ RunTime:0.000473s ]
INFO: [ app_end ] --START--
INFO: Run Behavior\ShowPageTraceBehavior [ RunTime:0.000810s ]
INFO: [ app_end ] --END-- [ RunTime:0.000935s ]

