[ 2015-05-11T22:35:18+08:00 ] 127.0.0.1 /contest/
INFO: [ app_init ] --START--
INFO: Run Behavior\BuildLiteBehavior [ RunTime:0.000028s ]
INFO: [ app_init ] --END-- [ RunTime:0.000505s ]
INFO: [ app_begin ] --START--
INFO: Run Behavior\ReadHtmlCacheBehavior [ RunTime:0.000716s ]
INFO: [ app_begin ] --END-- [ RunTime:0.000814s ]
SQL: SHOW COLUMNS FROM `member` [ RunTime:0.002542s ]
SQL: SELECT status FROM  `member` WHERE id =  '' [ RunTime:0.000322s ]
NOTIC: [8] Undefined offset: 0 D:\wamp\www\contest\Application\Home\Model\MemberModel.class.php 第 114 行.
NOTIC: [2] Illegal string offset 'uid' D:\wamp\www\contest\Application\Home\Controller\IndexController.class.php 第 17 行.
NOTIC: [8] Uninitialized string offset: 0 D:\wamp\www\contest\Application\Home\Controller\IndexController.class.php 第 17 行.
INFO: [ view_parse ] --START--
INFO: [ template_filter ] --START--
INFO: Run Behavior\ContentReplaceBehavior [ RunTime:0.000172s ]
INFO: [ template_filter ] --END-- [ RunTime:0.000265s ]
INFO: Run Behavior\ParseTemplateBehavior [ RunTime:0.013122s ]
INFO: [ view_parse ] --END-- [ RunTime:0.013229s ]
INFO: [ view_filter ] --START--
INFO: Run Behavior\WriteHtmlCacheBehavior [ RunTime:0.000447s ]
INFO: [ view_filter ] --END-- [ RunTime:0.000521s ]
INFO: [ app_end ] --START--
INFO: Run Behavior\ShowPageTraceBehavior [ RunTime:0.000638s ]
INFO: [ app_end ] --END-- [ RunTime:0.000715s ]

[ 2015-05-11T22:35:22+08:00 ] 127.0.0.1 /contest/index.php?s=/Home/Index/index.html
INFO: [ app_init ] --START--
INFO: Run Behavior\BuildLiteBehavior [ RunTime:0.000046s ]
INFO: [ app_init ] --END-- [ RunTime:0.000829s ]
INFO: [ app_begin ] --START--
INFO: Run Behavior\ReadHtmlCacheBehavior [ RunTime:0.001045s ]
INFO: [ app_begin ] --END-- [ RunTime:0.001241s ]
SQL: SHOW COLUMNS FROM `member` [ RunTime:0.003739s ]
SQL: SELECT status FROM  `member` WHERE id =  '' [ RunTime:0.000953s ]
NOTIC: [8] Undefined offset: 0 D:\wamp\www\contest\Application\Home\Model\MemberModel.class.php 第 114 行.
NOTIC: [2] Illegal string offset 'uid' D:\wamp\www\contest\Application\Home\Controller\IndexController.class.php 第 17 行.
NOTIC: [8] Uninitialized string offset: 0 D:\wamp\www\contest\Application\Home\Controller\IndexController.class.php 第 17 行.
INFO: [ view_parse ] --START--
INFO: [ template_filter ] --START--
INFO: Run Behavior\ContentReplaceBehavior [ RunTime:0.000189s ]
INFO: [ template_filter ] --END-- [ RunTime:0.000294s ]
INFO: Run Behavior\ParseTemplateBehavior [ RunTime:0.014502s ]
INFO: [ view_parse ] --END-- [ RunTime:0.014702s ]
INFO: [ view_filter ] --START--
INFO: Run Behavior\WriteHtmlCacheBehavior [ RunTime:0.000659s ]
INFO: [ view_filter ] --END-- [ RunTime:0.000805s ]
INFO: [ app_end ] --START--
INFO: Run Behavior\ShowPageTraceBehavior [ RunTime:0.001370s ]
INFO: [ app_end ] --END-- [ RunTime:0.001697s ]

[ 2015-05-11T22:35:44+08:00 ] 127.0.0.1 /contest/index.php?s=/Home/Expenses/index
INFO: [ app_init ] --START--
INFO: Run Behavior\BuildLiteBehavior [ RunTime:0.000047s ]
INFO: [ app_init ] --END-- [ RunTime:0.000603s ]
INFO: [ app_begin ] --START--
INFO: Run Behavior\ReadHtmlCacheBehavior [ RunTime:0.001257s ]
INFO: [ app_begin ] --END-- [ RunTime:0.001463s ]

[ 2015-05-11T22:35:44+08:00 ] 127.0.0.1 /contest/index.php?s=/Home/Index/index.html
INFO: [ app_init ] --START--
INFO: Run Behavior\BuildLiteBehavior [ RunTime:0.000026s ]
INFO: [ app_init ] --END-- [ RunTime:0.000366s ]
INFO: [ app_begin ] --START--
INFO: Run Behavior\ReadHtmlCacheBehavior [ RunTime:0.000471s ]
INFO: [ app_begin ] --END-- [ RunTime:0.000560s ]
SQL: SHOW COLUMNS FROM `member` [ RunTime:0.003431s ]
SQL: SELECT status FROM  `member` WHERE id =  '' [ RunTime:0.000535s ]
NOTIC: [8] Undefined offset: 0 D:\wamp\www\contest\Application\Home\Model\MemberModel.class.php 第 114 行.
NOTIC: [2] Illegal string offset 'uid' D:\wamp\www\contest\Application\Home\Controller\IndexController.class.php 第 17 行.
NOTIC: [8] Uninitialized string offset: 0 D:\wamp\www\contest\Application\Home\Controller\IndexController.class.php 第 17 行.
INFO: [ view_parse ] --START--
INFO: [ template_filter ] --START--
INFO: Run Behavior\ContentReplaceBehavior [ RunTime:0.000370s ]
INFO: [ template_filter ] --END-- [ RunTime:0.000594s ]
INFO: Run Behavior\ParseTemplateBehavior [ RunTime:0.014532s ]
INFO: [ view_parse ] --END-- [ RunTime:0.014680s ]
INFO: [ view_filter ] --START--
INFO: Run Behavior\WriteHtmlCacheBehavior [ RunTime:0.000375s ]
INFO: [ view_filter ] --END-- [ RunTime:0.000452s ]
INFO: [ app_end ] --START--
INFO: Run Behavior\ShowPageTraceBehavior [ RunTime:0.000603s ]
INFO: [ app_end ] --END-- [ RunTime:0.000686s ]

[ 2015-05-11T22:35:46+08:00 ] 127.0.0.1 /contest/index.php?s=/Home/Index/articleList/nav/1/page/1.html
INFO: [ app_init ] --START--
INFO: Run Behavior\BuildLiteBehavior [ RunTime:0.000028s ]
INFO: [ app_init ] --END-- [ RunTime:0.000380s ]
INFO: [ app_begin ] --START--
INFO: Run Behavior\ReadHtmlCacheBehavior [ RunTime:0.000524s ]
INFO: [ app_begin ] --END-- [ RunTime:0.000618s ]
SQL: SHOW COLUMNS FROM `member` [ RunTime:0.002766s ]
SQL: SELECT status FROM  `member` WHERE id =  '' [ RunTime:0.000411s ]
NOTIC: [8] Undefined offset: 0 D:\wamp\www\contest\Application\Home\Model\MemberModel.class.php 第 114 行.
NOTIC: [2] Illegal string offset 'uid' D:\wamp\www\contest\Application\Home\Controller\IndexController.class.php 第 43 行.
NOTIC: [8] Uninitialized string offset: 0 D:\wamp\www\contest\Application\Home\Controller\IndexController.class.php 第 43 行.
SQL: SHOW COLUMNS FROM `article` [ RunTime:0.002967s ]
SQL: SELECT * FROM `article` ORDER BY id DESC LIMIT 0, 6 [ RunTime:0.067007s ]
SQL: SHOW COLUMNS FROM `category` [ RunTime:0.003185s ]
SQL: SELECT meaning m FROM  `category` WHERE class = '3' [ RunTime:0.019001s ]
SQL: SELECT meaning m FROM  `category` WHERE class = '4' [ RunTime:0.000496s ]
SQL: SELECT meaning m FROM  `category` WHERE class = '2' [ RunTime:0.000303s ]
SQL: SELECT meaning m FROM  `category` WHERE class = '6' [ RunTime:0.000331s ]
SQL: SELECT meaning m FROM  `category` WHERE class = '5' [ RunTime:0.000275s ]
SQL: SELECT meaning m FROM  `category` WHERE class = '10' [ RunTime:0.000323s ]
SQL: SELECT username FROM  `member` WHERE id =  '8' [ RunTime:0.000386s ]
SQL: SELECT username FROM  `member` WHERE id =  '8' [ RunTime:0.000305s ]
SQL: SELECT username FROM  `member` WHERE id =  '8' [ RunTime:0.000276s ]
SQL: SELECT username FROM  `member` WHERE id =  '8' [ RunTime:0.000301s ]
SQL: SELECT username FROM  `member` WHERE id =  '8' [ RunTime:0.000903s ]
SQL: SELECT username FROM  `member` WHERE id =  '8' [ RunTime:0.000521s ]
SQL: SELECT COUNT(*) FROM `article` [ RunTime:0.000417s ]
SQL: SELECT class, meaning navName FROM  `category` ORDER BY class ASC LIMIT 12 [ RunTime:0.000409s ]
SQL: SELECT id, title FROM `article` ORDER BY id DESC LIMIT 6 [ RunTime:0.000338s ]
INFO: [ view_parse ] --START--
INFO: [ template_filter ] --START--
INFO: Run Behavior\ContentReplaceBehavior [ RunTime:0.000180s ]
INFO: [ template_filter ] --END-- [ RunTime:0.000280s ]
NOTIC: [8] Use of undefined constant pages - assumed 'pages' D:\wamp\www\contest\Application\Runtime\Cache\Home\ce9b301632fad33703bd705746315f14.php 第 113 行.
NOTIC: [8] Array to string conversion D:\wamp\www\contest\Application\Runtime\Cache\Home\ce9b301632fad33703bd705746315f14.php 第 113 行.
INFO: Run Behavior\ParseTemplateBehavior [ RunTime:0.028729s ]
INFO: [ view_parse ] --END-- [ RunTime:0.028895s ]
INFO: [ view_filter ] --START--
INFO: Run Behavior\WriteHtmlCacheBehavior [ RunTime:0.000699s ]
INFO: [ view_filter ] --END-- [ RunTime:0.000849s ]
INFO: [ app_end ] --START--
INFO: Run Behavior\ShowPageTraceBehavior [ RunTime:0.000987s ]
INFO: [ app_end ] --END-- [ RunTime:0.001145s ]

[ 2015-05-11T22:35:55+08:00 ] 127.0.0.1 /contest/index.php?s=/Home/Expenses/index
INFO: [ app_init ] --START--
INFO: Run Behavior\BuildLiteBehavior [ RunTime:0.000026s ]
INFO: [ app_init ] --END-- [ RunTime:0.000480s ]
INFO: [ app_begin ] --START--
INFO: Run Behavior\ReadHtmlCacheBehavior [ RunTime:0.000826s ]
INFO: [ app_begin ] --END-- [ RunTime:0.000961s ]

[ 2015-05-11T22:35:55+08:00 ] 127.0.0.1 /contest/index.php?s=/Home/Index/index.html
INFO: [ app_init ] --START--
INFO: Run Behavior\BuildLiteBehavior [ RunTime:0.000027s ]
INFO: [ app_init ] --END-- [ RunTime:0.000502s ]
INFO: [ app_begin ] --START--
INFO: Run Behavior\ReadHtmlCacheBehavior [ RunTime:0.000746s ]
INFO: [ app_begin ] --END-- [ RunTime:0.000847s ]
SQL: SHOW COLUMNS FROM `member` [ RunTime:0.002709s ]
SQL: SELECT status FROM  `member` WHERE id =  '' [ RunTime:0.000323s ]
NOTIC: [8] Undefined offset: 0 D:\wamp\www\contest\Application\Home\Model\MemberModel.class.php 第 114 行.
NOTIC: [2] Illegal string offset 'uid' D:\wamp\www\contest\Application\Home\Controller\IndexController.class.php 第 17 行.
NOTIC: [8] Uninitialized string offset: 0 D:\wamp\www\contest\Application\Home\Controller\IndexController.class.php 第 17 行.
INFO: [ view_parse ] --START--
INFO: [ template_filter ] --START--
INFO: Run Behavior\ContentReplaceBehavior [ RunTime:0.000177s ]
INFO: [ template_filter ] --END-- [ RunTime:0.000277s ]
INFO: Run Behavior\ParseTemplateBehavior [ RunTime:0.012459s ]
INFO: [ view_parse ] --END-- [ RunTime:0.012606s ]
INFO: [ view_filter ] --START--
INFO: Run Behavior\WriteHtmlCacheBehavior [ RunTime:0.000435s ]
INFO: [ view_filter ] --END-- [ RunTime:0.000513s ]
INFO: [ app_end ] --START--
INFO: Run Behavior\ShowPageTraceBehavior [ RunTime:0.000668s ]
INFO: [ app_end ] --END-- [ RunTime:0.000749s ]

[ 2015-05-11T22:36:36+08:00 ] 127.0.0.1 /contest/index.php?s=/Home/Expenses/index
INFO: [ app_init ] --START--
INFO: Run Behavior\BuildLiteBehavior [ RunTime:0.000031s ]
INFO: [ app_init ] --END-- [ RunTime:0.000478s ]
INFO: [ app_begin ] --START--
INFO: Run Behavior\ReadHtmlCacheBehavior [ RunTime:0.000738s ]
INFO: [ app_begin ] --END-- [ RunTime:0.000839s ]
INFO: [ app_end ] --START--
INFO: Run Behavior\ShowPageTraceBehavior [ RunTime:0.001783s ]
INFO: [ app_end ] --END-- [ RunTime:0.001895s ]

[ 2015-05-11T22:37:21+08:00 ] 127.0.0.1 /contest/index.php?s=/Home/Expenses/index
INFO: [ app_init ] --START--
INFO: Run Behavior\BuildLiteBehavior [ RunTime:0.000023s ]
INFO: [ app_init ] --END-- [ RunTime:0.000403s ]
INFO: [ app_begin ] --START--
INFO: Run Behavior\ReadHtmlCacheBehavior [ RunTime:0.000678s ]
INFO: [ app_begin ] --END-- [ RunTime:0.000766s ]
SQL: SHOW COLUMNS FROM `user` [ RunTime:0.002543s ]
SQL: SELECT * FROM `user` WHERE 1 [ RunTime:0.050888s ]
INFO: [ app_end ] --START--
INFO: Run Behavior\ShowPageTraceBehavior [ RunTime:0.001284s ]
INFO: [ app_end ] --END-- [ RunTime:0.001473s ]

[ 2015-05-11T22:37:45+08:00 ] 127.0.0.1 /contest/index.php?s=/Home/Expenses/index
INFO: [ app_init ] --START--
INFO: Run Behavior\BuildLiteBehavior [ RunTime:0.000027s ]
INFO: [ app_init ] --END-- [ RunTime:0.000472s ]
INFO: [ app_begin ] --START--
INFO: Run Behavior\ReadHtmlCacheBehavior [ RunTime:0.000586s ]
INFO: [ app_begin ] --END-- [ RunTime:0.000677s ]
SQL: SHOW COLUMNS FROM `user` [ RunTime:0.002895s ]
SQL: SELECT * FROM `user` WHERE 1 [ RunTime:0.059291s ]
INFO: [ app_end ] --START--
INFO: Run Behavior\ShowPageTraceBehavior [ RunTime:0.000791s ]
INFO: [ app_end ] --END-- [ RunTime:0.000908s ]

[ 2015-05-11T22:39:35+08:00 ] 127.0.0.1 /contest/index.php?s=/Home/Expenses/index
INFO: [ app_init ] --START--
INFO: Run Behavior\BuildLiteBehavior [ RunTime:0.000026s ]
INFO: [ app_init ] --END-- [ RunTime:0.000469s ]
INFO: [ app_begin ] --START--
INFO: Run Behavior\ReadHtmlCacheBehavior [ RunTime:0.000746s ]
INFO: [ app_begin ] --END-- [ RunTime:0.000848s ]
SQL: SHOW COLUMNS FROM `user` [ RunTime:0.003083s ]
SQL: SELECT * FROM `user` WHERE 1 [ RunTime:0.045130s ]
INFO: [ app_end ] --START--
INFO: Run Behavior\ShowPageTraceBehavior [ RunTime:0.000899s ]
INFO: [ app_end ] --END-- [ RunTime:0.001010s ]

[ 2015-05-11T22:39:52+08:00 ] 127.0.0.1 /contest/index.php?s=/Home/Expenses/index
INFO: [ app_init ] --START--
INFO: Run Behavior\BuildLiteBehavior [ RunTime:0.000045s ]
INFO: [ app_init ] --END-- [ RunTime:0.001105s ]
INFO: [ app_begin ] --START--
INFO: Run Behavior\ReadHtmlCacheBehavior [ RunTime:0.000743s ]
INFO: [ app_begin ] --END-- [ RunTime:0.000839s ]
SQL: SHOW COLUMNS FROM `user` [ RunTime:0.002634s ]
SQL: SELECT * FROM `user` WHERE 1 [ RunTime:0.086184s ]
INFO: [ app_end ] --START--
INFO: Run Behavior\ShowPageTraceBehavior [ RunTime:0.001060s ]
INFO: [ app_end ] --END-- [ RunTime:0.001188s ]

[ 2015-05-11T22:40:41+08:00 ] 127.0.0.1 /contest/index.php?s=/Home/Expenses/index
INFO: [ app_init ] --START--
INFO: Run Behavior\BuildLiteBehavior [ RunTime:0.000025s ]
INFO: [ app_init ] --END-- [ RunTime:0.000399s ]
INFO: [ app_begin ] --START--
INFO: Run Behavior\ReadHtmlCacheBehavior [ RunTime:0.000682s ]
INFO: [ app_begin ] --END-- [ RunTime:0.000768s ]
SQL: SHOW COLUMNS FROM `user` [ RunTime:0.003119s ]
SQL: SELECT * FROM `user` WHERE 1 [ RunTime:0.047516s ]
INFO: [ app_end ] --START--
INFO: Run Behavior\ShowPageTraceBehavior [ RunTime:0.000900s ]
INFO: [ app_end ] --END-- [ RunTime:0.001021s ]

[ 2015-05-11T22:46:08+08:00 ] 127.0.0.1 /contest/index.php?s=/Home/Expenses/index
INFO: [ app_init ] --START--
INFO: Run Behavior\BuildLiteBehavior [ RunTime:0.000029s ]
INFO: [ app_init ] --END-- [ RunTime:0.000525s ]
INFO: [ app_begin ] --START--
INFO: Run Behavior\ReadHtmlCacheBehavior [ RunTime:0.000776s ]
INFO: [ app_begin ] --END-- [ RunTime:0.000890s ]
SQL: SHOW COLUMNS FROM `sum` [ RunTime:0.002633s ]
SQL: SELECT * FROM `sum` LIMIT 1   [ RunTime:0.000442s ]
INFO: [ app_end ] --START--
INFO: Run Behavior\ShowPageTraceBehavior [ RunTime:0.000854s ]
INFO: [ app_end ] --END-- [ RunTime:0.000938s ]

[ 2015-05-11T22:47:58+08:00 ] 127.0.0.1 /contest/index.php?s=/Home/Expenses/index
INFO: [ app_init ] --START--
INFO: Run Behavior\BuildLiteBehavior [ RunTime:0.000044s ]
INFO: [ app_init ] --END-- [ RunTime:0.000871s ]
INFO: [ app_begin ] --START--
INFO: Run Behavior\ReadHtmlCacheBehavior [ RunTime:0.001173s ]
INFO: [ app_begin ] --END-- [ RunTime:0.001333s ]

[ 2015-05-11T22:48:43+08:00 ] 127.0.0.1 /contest/index.php?s=/Home/Expenses/index
INFO: [ app_init ] --START--
INFO: Run Behavior\BuildLiteBehavior [ RunTime:0.000028s ]
INFO: [ app_init ] --END-- [ RunTime:0.000460s ]
INFO: [ app_begin ] --START--
INFO: Run Behavior\ReadHtmlCacheBehavior [ RunTime:0.000709s ]
INFO: [ app_begin ] --END-- [ RunTime:0.000799s ]

[ 2015-05-11T22:49:07+08:00 ] 127.0.0.1 /contest/index.php?s=/Home/Expenses/index
INFO: [ app_init ] --START--
INFO: Run Behavior\BuildLiteBehavior [ RunTime:0.000024s ]
INFO: [ app_init ] --END-- [ RunTime:0.000377s ]
INFO: [ app_begin ] --START--
INFO: Run Behavior\ReadHtmlCacheBehavior [ RunTime:0.000667s ]
INFO: [ app_begin ] --END-- [ RunTime:0.000748s ]
INFO: [ app_end ] --START--
INFO: Run Behavior\ShowPageTraceBehavior [ RunTime:0.000669s ]
INFO: [ app_end ] --END-- [ RunTime:0.000752s ]

