[ 2015-05-21T03:58:43+08:00 ] 127.0.0.1 /contest/
INFO: [ app_init ] --START--
INFO: Run Behavior\BuildLiteBehavior [ RunTime:0.000042s ]
INFO: [ app_init ] --END-- [ RunTime:0.000811s ]
INFO: [ app_begin ] --START--
INFO: Run Behavior\ReadHtmlCacheBehavior [ RunTime:0.001286s ]
INFO: [ app_begin ] --END-- [ RunTime:0.001452s ]
SQL: SHOW COLUMNS FROM `member` [ RunTime:0.041661s ]
SQL: SELECT status FROM  `member` WHERE id =  '' [ RunTime:0.000450s ]
NOTIC: [8] Undefined offset: 0 D:\wamp\www\contest\Application\Home\Model\MemberModel.class.php 第 114 行.
NOTIC: [2] Illegal string offset 'uid' D:\wamp\www\contest\Application\Home\Controller\IndexController.class.php 第 17 行.
NOTIC: [8] Uninitialized string offset: 0 D:\wamp\www\contest\Application\Home\Controller\IndexController.class.php 第 17 行.
INFO: [ view_parse ] --START--
INFO: [ template_filter ] --START--
INFO: Run Behavior\ContentReplaceBehavior [ RunTime:0.000271s ]
INFO: [ template_filter ] --END-- [ RunTime:0.000451s ]
INFO: Run Behavior\ParseTemplateBehavior [ RunTime:0.018714s ]
INFO: [ view_parse ] --END-- [ RunTime:0.019462s ]
INFO: [ view_filter ] --START--
INFO: Run Behavior\WriteHtmlCacheBehavior [ RunTime:0.000866s ]
INFO: [ view_filter ] --END-- [ RunTime:0.001064s ]
INFO: [ app_end ] --START--
INFO: Run Behavior\ShowPageTraceBehavior [ RunTime:0.001071s ]
INFO: [ app_end ] --END-- [ RunTime:0.001296s ]

[ 2015-05-21T03:58:50+08:00 ] 127.0.0.1 /contest/index.php?s=/Home/Index/index.html
INFO: [ app_init ] --START--
INFO: Run Behavior\BuildLiteBehavior [ RunTime:0.000046s ]
INFO: [ app_init ] --END-- [ RunTime:0.000774s ]
INFO: [ app_begin ] --START--
INFO: Run Behavior\ReadHtmlCacheBehavior [ RunTime:0.001063s ]
INFO: [ app_begin ] --END-- [ RunTime:0.001243s ]
SQL: SHOW COLUMNS FROM `member` [ RunTime:0.010785s ]
SQL: SELECT status FROM  `member` WHERE id =  '' [ RunTime:0.000391s ]
NOTIC: [8] Undefined offset: 0 D:\wamp\www\contest\Application\Home\Model\MemberModel.class.php 第 114 行.
NOTIC: [2] Illegal string offset 'uid' D:\wamp\www\contest\Application\Home\Controller\IndexController.class.php 第 17 行.
NOTIC: [8] Uninitialized string offset: 0 D:\wamp\www\contest\Application\Home\Controller\IndexController.class.php 第 17 行.
INFO: [ view_parse ] --START--
INFO: [ template_filter ] --START--
INFO: Run Behavior\ContentReplaceBehavior [ RunTime:0.000275s ]
INFO: [ template_filter ] --END-- [ RunTime:0.000468s ]
INFO: Run Behavior\ParseTemplateBehavior [ RunTime:0.020921s ]
INFO: [ view_parse ] --END-- [ RunTime:0.021125s ]
INFO: [ view_filter ] --START--
INFO: Run Behavior\WriteHtmlCacheBehavior [ RunTime:0.000667s ]
INFO: [ view_filter ] --END-- [ RunTime:0.000823s ]
INFO: [ app_end ] --START--
INFO: Run Behavior\ShowPageTraceBehavior [ RunTime:0.001111s ]
INFO: [ app_end ] --END-- [ RunTime:0.001272s ]

[ 2015-05-21T03:58:52+08:00 ] 127.0.0.1 /contest/index.php?s=/Home/Index/articleList/nav/1/page/1.html
INFO: [ app_init ] --START--
INFO: Run Behavior\BuildLiteBehavior [ RunTime:0.000040s ]
INFO: [ app_init ] --END-- [ RunTime:0.000716s ]
INFO: [ app_begin ] --START--
INFO: Run Behavior\ReadHtmlCacheBehavior [ RunTime:0.000697s ]
INFO: [ app_begin ] --END-- [ RunTime:0.000823s ]
SQL: SHOW COLUMNS FROM `member` [ RunTime:0.007360s ]
SQL: SELECT status FROM  `member` WHERE id =  '' [ RunTime:0.000489s ]
NOTIC: [8] Undefined offset: 0 D:\wamp\www\contest\Application\Home\Model\MemberModel.class.php 第 114 行.
NOTIC: [2] Illegal string offset 'uid' D:\wamp\www\contest\Application\Home\Controller\IndexController.class.php 第 43 行.
NOTIC: [8] Uninitialized string offset: 0 D:\wamp\www\contest\Application\Home\Controller\IndexController.class.php 第 43 行.
SQL: SHOW COLUMNS FROM `article` [ RunTime:0.059858s ]
SQL: SELECT * FROM `article` ORDER BY id DESC LIMIT 0, 6 [ RunTime:0.009392s ]
SQL: SHOW COLUMNS FROM `category` [ RunTime:0.050753s ]
SQL: SELECT meaning m FROM  `category` WHERE class = '3' [ RunTime:0.000506s ]
SQL: SELECT meaning m FROM  `category` WHERE class = '4' [ RunTime:0.000787s ]
SQL: SELECT meaning m FROM  `category` WHERE class = '2' [ RunTime:0.000375s ]
SQL: SELECT meaning m FROM  `category` WHERE class = '6' [ RunTime:0.000374s ]
SQL: SELECT meaning m FROM  `category` WHERE class = '5' [ RunTime:0.000359s ]
SQL: SELECT meaning m FROM  `category` WHERE class = '10' [ RunTime:0.000350s ]
SQL: SELECT username FROM  `member` WHERE id =  '8' [ RunTime:0.000908s ]
SQL: SELECT username FROM  `member` WHERE id =  '8' [ RunTime:0.000703s ]
SQL: SELECT username FROM  `member` WHERE id =  '8' [ RunTime:0.000443s ]
SQL: SELECT username FROM  `member` WHERE id =  '8' [ RunTime:0.000397s ]
SQL: SELECT username FROM  `member` WHERE id =  '8' [ RunTime:0.000432s ]
SQL: SELECT username FROM  `member` WHERE id =  '8' [ RunTime:0.000451s ]
SQL: SELECT COUNT(*) FROM `article` [ RunTime:0.000443s ]
SQL: SELECT class, meaning navName FROM  `category` ORDER BY class ASC LIMIT 12 [ RunTime:0.000460s ]
SQL: SELECT id, title FROM `article` ORDER BY id DESC LIMIT 6 [ RunTime:0.000646s ]
INFO: [ view_parse ] --START--
INFO: [ template_filter ] --START--
INFO: Run Behavior\ContentReplaceBehavior [ RunTime:0.000192s ]
INFO: [ template_filter ] --END-- [ RunTime:0.000298s ]
NOTIC: [8] Use of undefined constant pages - assumed 'pages' D:\wamp\www\contest\Application\Runtime\Cache\Home\ce9b301632fad33703bd705746315f14.php 第 113 行.
NOTIC: [8] Array to string conversion D:\wamp\www\contest\Application\Runtime\Cache\Home\ce9b301632fad33703bd705746315f14.php 第 113 行.
INFO: Run Behavior\ParseTemplateBehavior [ RunTime:0.032937s ]
INFO: [ view_parse ] --END-- [ RunTime:0.033070s ]
INFO: [ view_filter ] --START--
INFO: Run Behavior\WriteHtmlCacheBehavior [ RunTime:0.000419s ]
INFO: [ view_filter ] --END-- [ RunTime:0.000523s ]
INFO: [ app_end ] --START--
INFO: Run Behavior\ShowPageTraceBehavior [ RunTime:0.000613s ]
INFO: [ app_end ] --END-- [ RunTime:0.000689s ]

[ 2015-05-21T03:58:56+08:00 ] 127.0.0.1 /contest/index.php?s=/Home/Index/articleList/nav/1/page/2.html
INFO: [ app_init ] --START--
INFO: Run Behavior\BuildLiteBehavior [ RunTime:0.000025s ]
INFO: [ app_init ] --END-- [ RunTime:0.000498s ]
INFO: [ app_begin ] --START--
INFO: Run Behavior\ReadHtmlCacheBehavior [ RunTime:0.000986s ]
INFO: [ app_begin ] --END-- [ RunTime:0.001148s ]
SQL: SHOW COLUMNS FROM `member` [ RunTime:0.004714s ]
SQL: SELECT status FROM  `member` WHERE id =  '' [ RunTime:0.000373s ]
NOTIC: [8] Undefined offset: 0 D:\wamp\www\contest\Application\Home\Model\MemberModel.class.php 第 114 行.
NOTIC: [2] Illegal string offset 'uid' D:\wamp\www\contest\Application\Home\Controller\IndexController.class.php 第 43 行.
NOTIC: [8] Uninitialized string offset: 0 D:\wamp\www\contest\Application\Home\Controller\IndexController.class.php 第 43 行.
SQL: SHOW COLUMNS FROM `article` [ RunTime:0.004659s ]
SQL: SELECT * FROM `article` ORDER BY id DESC LIMIT 6, 6 [ RunTime:0.034491s ]
SQL: SHOW COLUMNS FROM `category` [ RunTime:0.004456s ]
SQL: SELECT meaning m FROM  `category` WHERE class = '7' [ RunTime:0.000594s ]
SQL: SELECT meaning m FROM  `category` WHERE class = '8' [ RunTime:0.000516s ]
SQL: SELECT meaning m FROM  `category` WHERE class = '2' [ RunTime:0.000296s ]
SQL: SELECT username FROM  `member` WHERE id =  '8' [ RunTime:0.000401s ]
SQL: SELECT username FROM  `member` WHERE id =  '8' [ RunTime:0.000401s ]
SQL: SELECT username FROM  `member` WHERE id =  '1' [ RunTime:0.000379s ]
SQL: SELECT COUNT(*) FROM `article` [ RunTime:0.000363s ]
SQL: SELECT class, meaning navName FROM  `category` ORDER BY class ASC LIMIT 12 [ RunTime:0.001202s ]
SQL: SELECT id, title FROM `article` ORDER BY id DESC LIMIT 6 [ RunTime:0.000382s ]
INFO: [ view_parse ] --START--
INFO: [ template_filter ] --START--
INFO: Run Behavior\ContentReplaceBehavior [ RunTime:0.000280s ]
INFO: [ template_filter ] --END-- [ RunTime:0.000470s ]
INFO: Run Behavior\ParseTemplateBehavior [ RunTime:0.036902s ]
INFO: [ view_parse ] --END-- [ RunTime:0.037086s ]
INFO: [ view_filter ] --START--
INFO: Run Behavior\WriteHtmlCacheBehavior [ RunTime:0.000737s ]
INFO: [ view_filter ] --END-- [ RunTime:0.001249s ]
INFO: [ app_end ] --START--
INFO: Run Behavior\ShowPageTraceBehavior [ RunTime:0.001027s ]
INFO: [ app_end ] --END-- [ RunTime:0.001180s ]

[ 2015-05-21T03:58:59+08:00 ] 127.0.0.1 /contest/index.php?s=/Home/Index/articleList/nav/1/page/1.html
INFO: [ app_init ] --START--
INFO: Run Behavior\BuildLiteBehavior [ RunTime:0.000045s ]
INFO: [ app_init ] --END-- [ RunTime:0.000752s ]
INFO: [ app_begin ] --START--
INFO: Run Behavior\ReadHtmlCacheBehavior [ RunTime:0.001227s ]
INFO: [ app_begin ] --END-- [ RunTime:0.001458s ]
SQL: SHOW COLUMNS FROM `member` [ RunTime:0.004762s ]
SQL: SELECT status FROM  `member` WHERE id =  '' [ RunTime:0.000469s ]
NOTIC: [8] Undefined offset: 0 D:\wamp\www\contest\Application\Home\Model\MemberModel.class.php 第 114 行.
NOTIC: [2] Illegal string offset 'uid' D:\wamp\www\contest\Application\Home\Controller\IndexController.class.php 第 43 行.
NOTIC: [8] Uninitialized string offset: 0 D:\wamp\www\contest\Application\Home\Controller\IndexController.class.php 第 43 行.
SQL: SHOW COLUMNS FROM `article` [ RunTime:0.004083s ]
SQL: SELECT * FROM `article` ORDER BY id DESC LIMIT 0, 6 [ RunTime:0.002643s ]
SQL: SHOW COLUMNS FROM `category` [ RunTime:0.003776s ]
SQL: SELECT meaning m FROM  `category` WHERE class = '3' [ RunTime:0.000405s ]
SQL: SELECT meaning m FROM  `category` WHERE class = '4' [ RunTime:0.000393s ]
SQL: SELECT meaning m FROM  `category` WHERE class = '2' [ RunTime:0.000334s ]
SQL: SELECT meaning m FROM  `category` WHERE class = '6' [ RunTime:0.000305s ]
SQL: SELECT meaning m FROM  `category` WHERE class = '5' [ RunTime:0.000282s ]
SQL: SELECT meaning m FROM  `category` WHERE class = '10' [ RunTime:0.000281s ]
SQL: SELECT username FROM  `member` WHERE id =  '8' [ RunTime:0.000324s ]
SQL: SELECT username FROM  `member` WHERE id =  '8' [ RunTime:0.000325s ]
SQL: SELECT username FROM  `member` WHERE id =  '8' [ RunTime:0.000289s ]
SQL: SELECT username FROM  `member` WHERE id =  '8' [ RunTime:0.000363s ]
SQL: SELECT username FROM  `member` WHERE id =  '8' [ RunTime:0.000388s ]
SQL: SELECT username FROM  `member` WHERE id =  '8' [ RunTime:0.000323s ]
SQL: SELECT COUNT(*) FROM `article` [ RunTime:0.000335s ]
SQL: SELECT class, meaning navName FROM  `category` ORDER BY class ASC LIMIT 12 [ RunTime:0.000346s ]
SQL: SELECT id, title FROM `article` ORDER BY id DESC LIMIT 6 [ RunTime:0.000292s ]
INFO: [ view_parse ] --START--
INFO: [ template_filter ] --START--
INFO: Run Behavior\ContentReplaceBehavior [ RunTime:0.000200s ]
INFO: [ template_filter ] --END-- [ RunTime:0.000327s ]
NOTIC: [8] Use of undefined constant pages - assumed 'pages' D:\wamp\www\contest\Application\Runtime\Cache\Home\ce9b301632fad33703bd705746315f14.php 第 113 行.
NOTIC: [8] Array to string conversion D:\wamp\www\contest\Application\Runtime\Cache\Home\ce9b301632fad33703bd705746315f14.php 第 113 行.
INFO: Run Behavior\ParseTemplateBehavior [ RunTime:0.035617s ]
INFO: [ view_parse ] --END-- [ RunTime:0.035804s ]
INFO: [ view_filter ] --START--
INFO: Run Behavior\WriteHtmlCacheBehavior [ RunTime:0.002742s ]
INFO: [ view_filter ] --END-- [ RunTime:0.002912s ]
INFO: [ app_end ] --START--
INFO: Run Behavior\ShowPageTraceBehavior [ RunTime:0.001824s ]
INFO: [ app_end ] --END-- [ RunTime:0.002025s ]

[ 2015-05-21T03:59:04+08:00 ] 127.0.0.1 /contest/index.php?s=/Home/Index/articleList/nav/1/page/2.html
INFO: [ app_init ] --START--
INFO: Run Behavior\BuildLiteBehavior [ RunTime:0.000040s ]
INFO: [ app_init ] --END-- [ RunTime:0.000717s ]
INFO: [ app_begin ] --START--
INFO: Run Behavior\ReadHtmlCacheBehavior [ RunTime:0.001021s ]
INFO: [ app_begin ] --END-- [ RunTime:0.001199s ]
SQL: SHOW COLUMNS FROM `member` [ RunTime:0.003840s ]
SQL: SELECT status FROM  `member` WHERE id =  '' [ RunTime:0.000520s ]
NOTIC: [8] Undefined offset: 0 D:\wamp\www\contest\Application\Home\Model\MemberModel.class.php 第 114 行.
NOTIC: [2] Illegal string offset 'uid' D:\wamp\www\contest\Application\Home\Controller\IndexController.class.php 第 43 行.
NOTIC: [8] Uninitialized string offset: 0 D:\wamp\www\contest\Application\Home\Controller\IndexController.class.php 第 43 行.
SQL: SHOW COLUMNS FROM `article` [ RunTime:0.006565s ]
SQL: SELECT * FROM `article` ORDER BY id DESC LIMIT 6, 6 [ RunTime:0.001566s ]
SQL: SHOW COLUMNS FROM `category` [ RunTime:0.004163s ]
SQL: SELECT meaning m FROM  `category` WHERE class = '7' [ RunTime:0.000522s ]
SQL: SELECT meaning m FROM  `category` WHERE class = '8' [ RunTime:0.000385s ]
SQL: SELECT meaning m FROM  `category` WHERE class = '2' [ RunTime:0.000383s ]
SQL: SELECT username FROM  `member` WHERE id =  '8' [ RunTime:0.002372s ]
SQL: SELECT username FROM  `member` WHERE id =  '8' [ RunTime:0.000646s ]
SQL: SELECT username FROM  `member` WHERE id =  '1' [ RunTime:0.000481s ]
SQL: SELECT COUNT(*) FROM `article` [ RunTime:0.000568s ]
SQL: SELECT class, meaning navName FROM  `category` ORDER BY class ASC LIMIT 12 [ RunTime:0.000485s ]
SQL: SELECT id, title FROM `article` ORDER BY id DESC LIMIT 6 [ RunTime:0.000405s ]
INFO: [ view_parse ] --START--
INFO: [ template_filter ] --START--
INFO: Run Behavior\ContentReplaceBehavior [ RunTime:0.000268s ]
INFO: [ template_filter ] --END-- [ RunTime:0.000430s ]
INFO: Run Behavior\ParseTemplateBehavior [ RunTime:0.045664s ]
INFO: [ view_parse ] --END-- [ RunTime:0.045846s ]
INFO: [ view_filter ] --START--
INFO: Run Behavior\WriteHtmlCacheBehavior [ RunTime:0.000628s ]
INFO: [ view_filter ] --END-- [ RunTime:0.000772s ]
INFO: [ app_end ] --START--
INFO: Run Behavior\ShowPageTraceBehavior [ RunTime:0.000990s ]
INFO: [ app_end ] --END-- [ RunTime:0.001134s ]

[ 2015-05-21T03:59:08+08:00 ] 127.0.0.1 /contest/index.php?s=/Home/Index/articleList/nav/1/page/1.html
INFO: [ app_init ] --START--
INFO: Run Behavior\BuildLiteBehavior [ RunTime:0.000047s ]
INFO: [ app_init ] --END-- [ RunTime:0.001846s ]
INFO: [ app_begin ] --START--
INFO: Run Behavior\ReadHtmlCacheBehavior [ RunTime:0.001065s ]
INFO: [ app_begin ] --END-- [ RunTime:0.001264s ]
SQL: SHOW COLUMNS FROM `member` [ RunTime:0.003588s ]
SQL: SELECT status FROM  `member` WHERE id =  '' [ RunTime:0.000576s ]
NOTIC: [8] Undefined offset: 0 D:\wamp\www\contest\Application\Home\Model\MemberModel.class.php 第 114 行.
NOTIC: [2] Illegal string offset 'uid' D:\wamp\www\contest\Application\Home\Controller\IndexController.class.php 第 43 行.
NOTIC: [8] Uninitialized string offset: 0 D:\wamp\www\contest\Application\Home\Controller\IndexController.class.php 第 43 行.
SQL: SHOW COLUMNS FROM `article` [ RunTime:0.005097s ]
SQL: SELECT * FROM `article` ORDER BY id DESC LIMIT 0, 6 [ RunTime:0.002746s ]
SQL: SHOW COLUMNS FROM `category` [ RunTime:0.004960s ]
SQL: SELECT meaning m FROM  `category` WHERE class = '3' [ RunTime:0.000668s ]
SQL: SELECT meaning m FROM  `category` WHERE class = '4' [ RunTime:0.000392s ]
SQL: SELECT meaning m FROM  `category` WHERE class = '2' [ RunTime:0.000836s ]
SQL: SELECT meaning m FROM  `category` WHERE class = '6' [ RunTime:0.000474s ]
SQL: SELECT meaning m FROM  `category` WHERE class = '5' [ RunTime:0.000427s ]
SQL: SELECT meaning m FROM  `category` WHERE class = '10' [ RunTime:0.000822s ]
SQL: SELECT username FROM  `member` WHERE id =  '8' [ RunTime:0.000746s ]
SQL: SELECT username FROM  `member` WHERE id =  '8' [ RunTime:0.000569s ]
SQL: SELECT username FROM  `member` WHERE id =  '8' [ RunTime:0.000526s ]
SQL: SELECT username FROM  `member` WHERE id =  '8' [ RunTime:0.000580s ]
SQL: SELECT username FROM  `member` WHERE id =  '8' [ RunTime:0.000582s ]
SQL: SELECT username FROM  `member` WHERE id =  '8' [ RunTime:0.000460s ]
SQL: SELECT COUNT(*) FROM `article` [ RunTime:0.000377s ]
SQL: SELECT class, meaning navName FROM  `category` ORDER BY class ASC LIMIT 12 [ RunTime:0.000420s ]
SQL: SELECT id, title FROM `article` ORDER BY id DESC LIMIT 6 [ RunTime:0.000407s ]
INFO: [ view_parse ] --START--
INFO: [ template_filter ] --START--
INFO: Run Behavior\ContentReplaceBehavior [ RunTime:0.000264s ]
INFO: [ template_filter ] --END-- [ RunTime:0.000426s ]
NOTIC: [8] Use of undefined constant pages - assumed 'pages' D:\wamp\www\contest\Application\Runtime\Cache\Home\ce9b301632fad33703bd705746315f14.php 第 113 行.
NOTIC: [8] Array to string conversion D:\wamp\www\contest\Application\Runtime\Cache\Home\ce9b301632fad33703bd705746315f14.php 第 113 行.
INFO: Run Behavior\ParseTemplateBehavior [ RunTime:0.043515s ]
INFO: [ view_parse ] --END-- [ RunTime:0.043682s ]
INFO: [ view_filter ] --START--
INFO: Run Behavior\WriteHtmlCacheBehavior [ RunTime:0.000623s ]
INFO: [ view_filter ] --END-- [ RunTime:0.000774s ]
INFO: [ app_end ] --START--
INFO: Run Behavior\ShowPageTraceBehavior [ RunTime:0.001005s ]
INFO: [ app_end ] --END-- [ RunTime:0.001144s ]

